This file contains any messages produced by compilers while
running configure, to aid debugging if configure makes a mistake.

It was created by libxml2rr configure 2.7.8, which was
generated by GNU Autoconf 2.71.  Invocation command line was

  $ ./configure

## --------- ##
## Platform. ##
## --------- ##

hostname = lp
uname -m = x86_64
uname -r = 5.15.0-53-generic
uname -s = Linux
uname -v = #59-Ubuntu SMP Mon Oct 17 18:53:30 UTC 2022

/usr/bin/uname -p = x86_64
/bin/uname -X     = unknown

/bin/arch              = x86_64
/usr/bin/arch -k       = unknown
/usr/convex/getsysinfo = unknown
/usr/bin/hostinfo      = unknown
/bin/machine           = unknown
/usr/bin/oslevel       = unknown
/bin/universe          = unknown

PATH: /opt/Xilinx/Vitis_HLS/2021.1/bin/
PATH: /opt/Xilinx/Model_Composer/2021.1/bin/
PATH: /opt/Xilinx/Vitis/2021.1/bin/
PATH: /opt/Xilinx/Vitis/2021.1/gnu/microblaze/lin/bin/
PATH: /opt/Xilinx/Vitis/2021.1/gnu/arm/lin/bin/
PATH: /opt/Xilinx/Vitis/2021.1/gnu/microblaze/linux_toolchain/lin64_le/bin/
PATH: /opt/Xilinx/Vitis/2021.1/gnu/aarch32/lin/gcc-arm-linux-gnueabi/bin/
PATH: /opt/Xilinx/Vitis/2021.1/gnu/aarch32/lin/gcc-arm-none-eabi/bin/
PATH: /opt/Xilinx/Vitis/2021.1/gnu/aarch64/lin/aarch64-linux/bin/
PATH: /opt/Xilinx/Vitis/2021.1/gnu/aarch64/lin/aarch64-none/bin/
PATH: /opt/Xilinx/Vitis/2021.1/gnu/armr5/lin/gcc-arm-none-eabi/bin/
PATH: /opt/Xilinx/Vitis/2021.1/tps/lnx64/cmake-3.3.2/bin/
PATH: /opt/Xilinx/Vitis/2021.1/aietools/bin/
PATH: /opt/Xilinx/Vivado/2021.1/bin/
PATH: /opt/Xilinx/DocNav/
PATH: /opt/Xilinx/Vitis_HLS/2021.1/bin/
PATH: /opt/Xilinx/Model_Composer/2021.1/bin/
PATH: /opt/Xilinx/Vitis/2021.1/bin/
PATH: /opt/Xilinx/Vitis/2021.1/gnu/microblaze/lin/bin/
PATH: /opt/Xilinx/Vitis/2021.1/gnu/arm/lin/bin/
PATH: /opt/Xilinx/Vitis/2021.1/gnu/microblaze/linux_toolchain/lin64_le/bin/
PATH: /opt/Xilinx/Vitis/2021.1/gnu/aarch32/lin/gcc-arm-linux-gnueabi/bin/
PATH: /opt/Xilinx/Vitis/2021.1/gnu/aarch32/lin/gcc-arm-none-eabi/bin/
PATH: /opt/Xilinx/Vitis/2021.1/gnu/aarch64/lin/aarch64-linux/bin/
PATH: /opt/Xilinx/Vitis/2021.1/gnu/aarch64/lin/aarch64-none/bin/
PATH: /opt/Xilinx/Vitis/2021.1/gnu/armr5/lin/gcc-arm-none-eabi/bin/
PATH: /opt/Xilinx/Vitis/2021.1/tps/lnx64/cmake-3.3.2/bin/
PATH: /opt/Xilinx/Vitis/2021.1/aietools/bin/
PATH: /opt/Xilinx/Vivado/2021.1/bin/
PATH: /opt/Xilinx/DocNav/
PATH: ~/.local/bin/
PATH: ~/miniconda3/bin/
PATH: ~/miniconda3/condabin/
PATH: ~/miniconda3/bin/
PATH: /opt/Xilinx/Vitis_HLS/2021.1/bin/
PATH: /opt/Xilinx/Model_Composer/2021.1/bin/
PATH: /opt/Xilinx/Vitis/2021.1/bin/
PATH: /opt/Xilinx/Vitis/2021.1/gnu/microblaze/lin/bin/
PATH: /opt/Xilinx/Vitis/2021.1/gnu/arm/lin/bin/
PATH: /opt/Xilinx/Vitis/2021.1/gnu/microblaze/linux_toolchain/lin64_le/bin/
PATH: /opt/Xilinx/Vitis/2021.1/gnu/aarch32/lin/gcc-arm-linux-gnueabi/bin/
PATH: /opt/Xilinx/Vitis/2021.1/gnu/aarch32/lin/gcc-arm-none-eabi/bin/
PATH: /opt/Xilinx/Vitis/2021.1/gnu/aarch64/lin/aarch64-linux/bin/
PATH: /opt/Xilinx/Vitis/2021.1/gnu/aarch64/lin/aarch64-none/bin/
PATH: /opt/Xilinx/Vitis/2021.1/gnu/armr5/lin/gcc-arm-none-eabi/bin/
PATH: /opt/Xilinx/Vitis/2021.1/tps/lnx64/cmake-3.3.2/bin/
PATH: /opt/Xilinx/Vitis/2021.1/aietools/bin/
PATH: /opt/Xilinx/Vivado/2021.1/bin/
PATH: /opt/Xilinx/DocNav/
PATH: /opt/Xilinx/Vitis_HLS/2021.1/bin/
PATH: /opt/Xilinx/Model_Composer/2021.1/bin/
PATH: /opt/Xilinx/Vitis/2021.1/bin/
PATH: /opt/Xilinx/Vitis/2021.1/gnu/microblaze/lin/bin/
PATH: /opt/Xilinx/Vitis/2021.1/gnu/arm/lin/bin/
PATH: /opt/Xilinx/Vitis/2021.1/gnu/microblaze/linux_toolchain/lin64_le/bin/
PATH: /opt/Xilinx/Vitis/2021.1/gnu/aarch32/lin/gcc-arm-linux-gnueabi/bin/
PATH: /opt/Xilinx/Vitis/2021.1/gnu/aarch32/lin/gcc-arm-none-eabi/bin/
PATH: /opt/Xilinx/Vitis/2021.1/gnu/aarch64/lin/aarch64-linux/bin/
PATH: /opt/Xilinx/Vitis/2021.1/gnu/aarch64/lin/aarch64-none/bin/
PATH: /opt/Xilinx/Vitis/2021.1/gnu/armr5/lin/gcc-arm-none-eabi/bin/
PATH: /opt/Xilinx/Vitis/2021.1/tps/lnx64/cmake-3.3.2/bin/
PATH: /opt/Xilinx/Vitis/2021.1/aietools/bin/
PATH: /opt/Xilinx/Vivado/2021.1/bin/
PATH: /opt/Xilinx/DocNav/
PATH: /usr/local/sbin/
PATH: /usr/local/bin/
PATH: /usr/sbin/
PATH: /usr/bin/
PATH: /sbin/
PATH: /bin/
PATH: /usr/games/
PATH: /usr/local/games/
PATH: /snap/bin/
PATH: ~/Android/Sdk/cmdline-tools/latest/bin/
PATH: /usr/local/cuda-11.4/bin/
PATH: /usr/local/MATLAB/R2021b/bin/
PATH: /usr/lib/libreoffice/program/
PATH: ~/Android/Sdk/cmdline-tools/latest/bin/
PATH: /usr/local/cuda-11.4/bin/
PATH: /usr/local/MATLAB/R2021b/bin/
PATH: /usr/lib/libreoffice/program/


## ----------- ##
## Core tests. ##
## ----------- ##

configure:2597: looking for aux files: ltmain.sh compile missing install-sh config.guess config.sub
configure:2610:  trying ./
configure:2639:   ./ltmain.sh found
configure:2639:   ./compile found
configure:2639:   ./missing found
configure:2621:   ./install-sh found
configure:2639:   ./config.guess found
configure:2639:   ./config.sub found
configure:2760: checking build system type
configure:2775: result: x86_64-pc-linux-gnu
configure:2795: checking host system type
configure:2809: result: x86_64-pc-linux-gnu
configure:2891: checking for a BSD-compatible install
configure:2964: result: /usr/bin/install -c
configure:2975: checking whether build environment is sane
configure:3030: result: yes
configure:3189: checking for a race-free mkdir -p
configure:3233: result: /usr/bin/mkdir -p
configure:3240: checking for gawk
configure:3261: found /usr/bin/gawk
configure:3272: result: gawk
configure:3283: checking whether make sets $(MAKE)
configure:3306: result: yes
configure:3336: checking whether make supports nested variables
configure:3354: result: yes
configure:3553: checking for gcc
configure:3574: found /usr/bin/gcc
configure:3585: result: gcc
configure:3938: checking for C compiler version
configure:3947: gcc --version >&5
gcc (Ubuntu 11.3.0-1ubuntu1~22.04) 11.3.0
Copyright (C) 2021 Free Software Foundation, Inc.
This is free software; see the source for copying conditions.  There is NO
warranty; not even for MERCHANTABILITY or FITNESS FOR A PARTICULAR PURPOSE.

configure:3958: $? = 0
configure:3947: gcc -v >&5
Using built-in specs.
COLLECT_GCC=gcc
COLLECT_LTO_WRAPPER=/usr/lib/gcc/x86_64-linux-gnu/11/lto-wrapper
OFFLOAD_TARGET_NAMES=nvptx-none:amdgcn-amdhsa
OFFLOAD_TARGET_DEFAULT=1
Target: x86_64-linux-gnu
Configured with: ../src/configure -v --with-pkgversion='Ubuntu 11.3.0-1ubuntu1~22.04' --with-bugurl=file:///usr/share/doc/gcc-11/README.Bugs --enable-languages=c,ada,c++,go,brig,d,fortran,objc,obj-c++,m2 --prefix=/usr --with-gcc-major-version-only --program-suffix=-11 --program-prefix=x86_64-linux-gnu- --enable-shared --enable-linker-build-id --libexecdir=/usr/lib --without-included-gettext --enable-threads=posix --libdir=/usr/lib --enable-nls --enable-bootstrap --enable-clocale=gnu --enable-libstdcxx-debug --enable-libstdcxx-time=yes --with-default-libstdcxx-abi=new --enable-gnu-unique-object --disable-vtable-verify --enable-plugin --enable-default-pie --with-system-zlib --enable-libphobos-checking=release --with-target-system-zlib=auto --enable-objc-gc=auto --enable-multiarch --disable-werror --enable-cet --with-arch-32=i686 --with-abi=m64 --with-multilib-list=m32,m64,mx32 --enable-multilib --with-tune=generic --enable-offload-targets=nvptx-none=/build/gcc-11-xKiWfi/gcc-11-11.3.0/debian/tmp-nvptx/usr,amdgcn-amdhsa=/build/gcc-11-xKiWfi/gcc-11-11.3.0/debian/tmp-gcn/usr --without-cuda-driver --enable-checking=release --build=x86_64-linux-gnu --host=x86_64-linux-gnu --target=x86_64-linux-gnu --with-build-config=bootstrap-lto-lean --enable-link-serialization=2
Thread model: posix
Supported LTO compression algorithms: zlib zstd
gcc version 11.3.0 (Ubuntu 11.3.0-1ubuntu1~22.04) 
... rest of stderr output deleted ...
configure:3958: $? = 0
configure:3947: gcc -V >&5
gcc: error: unrecognized command-line option '-V'
gcc: fatal error: no input files
compilation terminated.
configure:3958: $? = 1
configure:3947: gcc -qversion >&5
gcc: error: unrecognized command-line option '-qversion'; did you mean '--version'?
gcc: fatal error: no input files
compilation terminated.
configure:3958: $? = 1
configure:3947: gcc -version >&5
gcc: error: unrecognized command-line option '-version'
gcc: fatal error: no input files
compilation terminated.
configure:3958: $? = 1
configure:3978: checking whether the C compiler works
configure:4000: gcc    conftest.c  >&5
configure:4004: $? = 0
configure:4054: result: yes
configure:4057: checking for C compiler default output file name
configure:4059: result: a.out
configure:4065: checking for suffix of executables
configure:4072: gcc -o conftest    conftest.c  >&5
configure:4076: $? = 0
configure:4099: result: 
configure:4121: checking whether we are cross compiling
configure:4129: gcc -o conftest    conftest.c  >&5
configure:4133: $? = 0
configure:4140: ./conftest
configure:4144: $? = 0
configure:4159: result: no
configure:4164: checking for suffix of object files
configure:4187: gcc -c   conftest.c >&5
configure:4191: $? = 0
configure:4213: result: o
configure:4217: checking whether the compiler supports GNU C
configure:4237: gcc -c   conftest.c >&5
configure:4237: $? = 0
configure:4247: result: yes
configure:4258: checking whether gcc accepts -g
configure:4279: gcc -c -g  conftest.c >&5
configure:4279: $? = 0
configure:4323: result: yes
configure:4343: checking for gcc option to enable C11 features
configure:4358: gcc  -c -g -O2  conftest.c >&5
configure:4358: $? = 0
configure:4376: result: none needed
configure:4492: checking whether gcc understands -c and -o together
configure:4515: gcc -c conftest.c -o conftest2.o
configure:4518: $? = 0
configure:4515: gcc -c conftest.c -o conftest2.o
configure:4518: $? = 0
configure:4530: result: yes
configure:4550: checking whether make supports the include directive
configure:4565: make -f confmf.GNU && cat confinc.out
this is the am__doit target
configure:4568: $? = 0
configure:4587: result: yes (GNU style)
configure:4613: checking dependency style of gcc
configure:4725: result: gcc3
configure:4747: checking how to run the C preprocessor
configure:4773: gcc -E  conftest.c
configure:4773: $? = 0
configure:4788: gcc -E  conftest.c
conftest.c:11:10: fatal error: ac_nonexistent.h: No such file or directory
   11 | #include <ac_nonexistent.h>
      |          ^~~~~~~~~~~~~~~~~~
compilation terminated.
configure:4788: $? = 1
configure: failed program was:
| /* confdefs.h */
| #define PACKAGE_NAME "libxml2rr"
| #define PACKAGE_TARNAME "libxml2rr"
| #define PACKAGE_VERSION "2.7.8"
| #define PACKAGE_STRING "libxml2rr 2.7.8"
| #define PACKAGE_BUGREPORT ""
| #define PACKAGE_URL ""
| #define PACKAGE "libxml2rr"
| #define VERSION "2.7.8"
| /* end confdefs.h.  */
| #include <ac_nonexistent.h>
configure:4815: result: gcc -E
configure:4829: gcc -E  conftest.c
configure:4829: $? = 0
configure:4844: gcc -E  conftest.c
conftest.c:11:10: fatal error: ac_nonexistent.h: No such file or directory
   11 | #include <ac_nonexistent.h>
      |          ^~~~~~~~~~~~~~~~~~
compilation terminated.
configure:4844: $? = 1
configure: failed program was:
| /* confdefs.h */
| #define PACKAGE_NAME "libxml2rr"
| #define PACKAGE_TARNAME "libxml2rr"
| #define PACKAGE_VERSION "2.7.8"
| #define PACKAGE_STRING "libxml2rr 2.7.8"
| #define PACKAGE_BUGREPORT ""
| #define PACKAGE_URL ""
| #define PACKAGE "libxml2rr"
| #define VERSION "2.7.8"
| /* end confdefs.h.  */
| #include <ac_nonexistent.h>
configure:4876: checking for rm
configure:4899: found /usr/bin/rm
configure:4912: result: /usr/bin/rm
configure:4922: checking for mv
configure:4945: found /usr/bin/mv
configure:4958: result: /usr/bin/mv
configure:4968: checking for tar
configure:4991: found /usr/bin/tar
configure:5004: result: /usr/bin/tar
configure:5014: checking for perl
configure:5037: found /usr/bin/perl
configure:5050: result: /usr/bin/perl
configure:5060: checking for wget
configure:5083: found /usr/bin/wget
configure:5096: result: /usr/bin/wget
configure:5106: checking for xmllint
configure:5129: found /opt/Xilinx/Vitis/2021.1/bin/xmllint
configure:5142: result: /opt/Xilinx/Vitis/2021.1/bin/xmllint
configure:5152: checking for xsltproc
configure:5175: found /opt/Xilinx/Vitis/2021.1/bin/xsltproc
configure:5188: result: /opt/Xilinx/Vitis/2021.1/bin/xsltproc
configure:5578: checking how to print strings
configure:5605: result: printf
configure:5626: checking for a sed that does not truncate output
configure:5696: result: /usr/bin/sed
configure:5714: checking for grep that handles long lines and -e
configure:5778: result: /usr/bin/grep
configure:5783: checking for egrep
configure:5851: result: /usr/bin/grep -E
configure:5856: checking for fgrep
configure:5924: result: /usr/bin/grep -F
configure:5960: checking for ld used by gcc
configure:6028: result: /usr/bin/ld
configure:6035: checking if the linker (/usr/bin/ld) is GNU ld
configure:6051: result: yes
configure:6063: checking for BSD- or MS-compatible name lister (nm)
configure:6118: result: /usr/bin/nm -B
configure:6258: checking the name lister (/usr/bin/nm -B) interface
configure:6266: gcc -c -g -O2  conftest.c >&5
configure:6269: /usr/bin/nm -B "conftest.o"
configure:6272: output
0000000000000000 B some_variable
configure:6279: result: BSD nm
configure:6282: checking whether ln -s works
configure:6286: result: yes
configure:6294: checking the maximum length of command line arguments
configure:6426: result: 1572864
configure:6474: checking how to convert x86_64-pc-linux-gnu file names to x86_64-pc-linux-gnu format
configure:6515: result: func_convert_file_noop
configure:6522: checking how to convert x86_64-pc-linux-gnu file names to toolchain format
configure:6543: result: func_convert_file_noop
configure:6550: checking for /usr/bin/ld option to reload object files
configure:6558: result: -r
configure:6637: checking for objdump
configure:6669: result: objdump
configure:6698: checking how to recognize dependent libraries
configure:6899: result: pass_all
configure:6989: checking for dlltool
configure:7021: result: dlltool
configure:7051: checking how to associate runtime and link libraries
configure:7079: result: printf %s\n
configure:7145: checking for ar
configure:7166: found /usr/bin/ar
configure:7177: result: ar
configure:7214: checking for archiver @FILE support
configure:7232: gcc -c -g -O2  conftest.c >&5
configure:7232: $? = 0
configure:7236: ar cr libconftest.a @conftest.lst >&5
configure:7239: $? = 0
configure:7244: ar cr libconftest.a @conftest.lst >&5
ar: conftest.o: No such file or directory
configure:7247: $? = 1
configure:7259: result: @
configure:7322: checking for strip
configure:7343: found /usr/bin/strip
configure:7354: result: strip
configure:7431: checking for ranlib
configure:7452: found /usr/bin/ranlib
configure:7463: result: ranlib
configure:7565: checking command to parse /usr/bin/nm -B output from gcc object
configure:7719: gcc -c -g -O2  conftest.c >&5
configure:7722: $? = 0
configure:7726: /usr/bin/nm -B conftest.o | sed -n -e 's/^.*[	 ]\([ABCDGIRSTW][ABCDGIRSTW]*\)[	 ][	 ]*\([_A-Za-z][_A-Za-z0-9]*\)$/\1 \2 \2/p' | sed '/ __gnu_lto/d' > conftest.nm
configure:7792: gcc -o conftest -g -O2   conftest.c conftstm.o >&5
configure:7795: $? = 0
configure:7833: result: ok
configure:7880: checking for sysroot
configure:7911: result: no
configure:7918: checking for a working dd
configure:7962: result: /usr/bin/dd
configure:7966: checking how to truncate binary pipes
configure:7982: result: /usr/bin/dd bs=4096 count=1
configure:8119: gcc -c -g -O2  conftest.c >&5
configure:8122: $? = 0
configure:8319: checking for mt
configure:8340: found /usr/bin/mt
configure:8351: result: mt
configure:8374: checking if mt is a manifest tool
configure:8381: mt '-?'
configure:8389: result: no
configure:9119: checking for stdio.h
configure:9119: gcc -c -g -O2  conftest.c >&5
configure:9119: $? = 0
configure:9119: result: yes
configure:9119: checking for stdlib.h
configure:9119: gcc -c -g -O2  conftest.c >&5
configure:9119: $? = 0
configure:9119: result: yes
configure:9119: checking for string.h
configure:9119: gcc -c -g -O2  conftest.c >&5
configure:9119: $? = 0
configure:9119: result: yes
configure:9119: checking for inttypes.h
configure:9119: gcc -c -g -O2  conftest.c >&5
configure:9119: $? = 0
configure:9119: result: yes
configure:9119: checking for stdint.h
configure:9119: gcc -c -g -O2  conftest.c >&5
configure:9119: $? = 0
configure:9119: result: yes
configure:9119: checking for strings.h
configure:9119: gcc -c -g -O2  conftest.c >&5
configure:9119: $? = 0
configure:9119: result: yes
configure:9119: checking for sys/stat.h
configure:9119: gcc -c -g -O2  conftest.c >&5
configure:9119: $? = 0
configure:9119: result: yes
configure:9119: checking for sys/types.h
configure:9119: gcc -c -g -O2  conftest.c >&5
configure:9119: $? = 0
configure:9119: result: yes
configure:9119: checking for unistd.h
configure:9119: gcc -c -g -O2  conftest.c >&5
configure:9119: $? = 0
configure:9119: result: yes
configure:9144: checking for dlfcn.h
configure:9144: gcc -c -g -O2  conftest.c >&5
configure:9144: $? = 0
configure:9144: result: yes
configure:9401: checking for objdir
configure:9417: result: .libs
configure:9681: checking if gcc supports -fno-rtti -fno-exceptions
configure:9700: gcc -c -g -O2  -fno-rtti -fno-exceptions conftest.c >&5
cc1: warning: command-line option '-fno-rtti' is valid for C++/D/ObjC++ but not for C
configure:9704: $? = 0
configure:9717: result: no
configure:10081: checking for gcc option to produce PIC
configure:10089: result: -fPIC -DPIC
configure:10097: checking if gcc PIC flag -fPIC -DPIC works
configure:10116: gcc -c -g -O2  -fPIC -DPIC -DPIC conftest.c >&5
configure:10120: $? = 0
configure:10133: result: yes
configure:10162: checking if gcc static flag -static works
configure:10191: result: yes
configure:10206: checking if gcc supports -c -o file.o
configure:10228: gcc -c -g -O2  -o out/conftest2.o conftest.c >&5
configure:10232: $? = 0
configure:10254: result: yes
configure:10262: checking if gcc supports -c -o file.o
configure:10310: result: yes
configure:10343: checking whether the gcc linker (/usr/bin/ld -m elf_x86_64) supports shared libraries
configure:11613: result: yes
configure:11650: checking whether -lc should be explicitly linked in
configure:11659: gcc -c -g -O2  conftest.c >&5
configure:11662: $? = 0
configure:11677: gcc -shared  -fPIC -DPIC conftest.o  -v -Wl,-soname -Wl,conftest -o conftest 2\>\&1 \| /usr/bin/grep  -lc  \>/dev/null 2\>\&1
configure:11680: $? = 0
configure:11694: result: no
configure:11854: checking dynamic linker characteristics
configure:12436: gcc -o conftest -g -O2   -Wl,-rpath -Wl,/foo conftest.c  >&5
configure:12436: $? = 0
configure:12687: result: GNU/Linux ld.so
configure:12809: checking how to hardcode library paths into programs
configure:12834: result: immediate
configure:13386: checking whether stripping libraries is possible
configure:13391: result: yes
configure:13426: checking if libtool supports shared libraries
configure:13428: result: yes
configure:13431: checking whether to build shared libraries
configure:13456: result: yes
configure:13459: checking whether to build static libraries
configure:13463: result: yes
configure:14012: checking for zlib.h
configure:14012: gcc -c -g -O2  conftest.c >&5
configure:14012: $? = 0
configure:14012: result: yes
configure:14016: checking for gzread in -lz
configure:14039: gcc -o conftest -g -O2   conftest.c -lz   >&5
configure:14039: $? = 0
configure:14049: result: yes
configure:14088: checking for dirent.h that defines DIR
configure:14108: gcc -c -g -O2  conftest.c >&5
configure:14108: $? = 0
configure:14117: result: yes
configure:14131: checking for library containing opendir
configure:14161: gcc -o conftest -g -O2   conftest.c  >&5
configure:14161: $? = 0
configure:14181: result: none required
configure:14255: checking for egrep
configure:14323: result: /usr/bin/grep -E
configure:14329: checking for fcntl.h
configure:14329: gcc -c -g -O2  conftest.c >&5
configure:14329: $? = 0
configure:14329: result: yes
configure:14336: checking for unistd.h
configure:14336: result: yes
configure:14343: checking for ctype.h
configure:14343: gcc -c -g -O2  conftest.c >&5
configure:14343: $? = 0
configure:14343: result: yes
configure:14350: checking for dirent.h
configure:14350: gcc -c -g -O2  conftest.c >&5
configure:14350: $? = 0
configure:14350: result: yes
configure:14357: checking for errno.h
configure:14357: gcc -c -g -O2  conftest.c >&5
configure:14357: $? = 0
configure:14357: result: yes
configure:14364: checking for malloc.h
configure:14364: gcc -c -g -O2  conftest.c >&5
configure:14364: $? = 0
configure:14364: result: yes
configure:14371: checking for stdarg.h
configure:14371: gcc -c -g -O2  conftest.c >&5
configure:14371: $? = 0
configure:14371: result: yes
configure:14378: checking for sys/stat.h
configure:14378: result: yes
configure:14385: checking for sys/types.h
configure:14385: result: yes
configure:14392: checking for stdint.h
configure:14392: result: yes
configure:14399: checking for inttypes.h.h
configure:14399: gcc -c -g -O2  conftest.c >&5
conftest.c:64:10: fatal error: inttypes.h.h: No such file or directory
   64 | #include <inttypes.h.h>
      |          ^~~~~~~~~~~~~~
compilation terminated.
configure:14399: $? = 1
configure: failed program was:
| /* confdefs.h */
| #define PACKAGE_NAME "libxml2rr"
| #define PACKAGE_TARNAME "libxml2rr"
| #define PACKAGE_VERSION "2.7.8"
| #define PACKAGE_STRING "libxml2rr 2.7.8"
| #define PACKAGE_BUGREPORT ""
| #define PACKAGE_URL ""
| #define PACKAGE "libxml2rr"
| #define VERSION "2.7.8"
| #define HAVE_STDIO_H 1
| #define HAVE_STDLIB_H 1
| #define HAVE_STRING_H 1
| #define HAVE_INTTYPES_H 1
| #define HAVE_STDINT_H 1
| #define HAVE_STRINGS_H 1
| #define HAVE_SYS_STAT_H 1
| #define HAVE_SYS_TYPES_H 1
| #define HAVE_UNISTD_H 1
| #define STDC_HEADERS 1
| #define HAVE_DLFCN_H 1
| #define LT_OBJDIR ".libs/"
| #define HAVE_ZLIB_H 1
| #define HAVE_LIBZ 1
| #define HAVE_DIRENT_H 1
| #define HAVE_FCNTL_H 1
| #define HAVE_UNISTD_H 1
| #define HAVE_CTYPE_H 1
| #define HAVE_DIRENT_H 1
| #define HAVE_ERRNO_H 1
| #define HAVE_MALLOC_H 1
| #define HAVE_STDARG_H 1
| #define HAVE_SYS_STAT_H 1
| #define HAVE_SYS_TYPES_H 1
| #define HAVE_STDINT_H 1
| /* end confdefs.h.  */
| #include <stddef.h>
| #ifdef HAVE_STDIO_H
| # include <stdio.h>
| #endif
| #ifdef HAVE_STDLIB_H
| # include <stdlib.h>
| #endif
| #ifdef HAVE_STRING_H
| # include <string.h>
| #endif
| #ifdef HAVE_INTTYPES_H
| # include <inttypes.h>
| #endif
| #ifdef HAVE_STDINT_H
| # include <stdint.h>
| #endif
| #ifdef HAVE_STRINGS_H
| # include <strings.h>
| #endif
| #ifdef HAVE_SYS_TYPES_H
| # include <sys/types.h>
| #endif
| #ifdef HAVE_SYS_STAT_H
| # include <sys/stat.h>
| #endif
| #ifdef HAVE_UNISTD_H
| # include <unistd.h>
| #endif
| #include <inttypes.h.h>
configure:14399: result: no
configure:14406: checking for time.h
configure:14406: gcc -c -g -O2  conftest.c >&5
configure:14406: $? = 0
configure:14406: result: yes
configure:14413: checking for ansidecl.h
configure:14413: gcc -c -g -O2  conftest.c >&5
conftest.c:65:10: fatal error: ansidecl.h: No such file or directory
   65 | #include <ansidecl.h>
      |          ^~~~~~~~~~~~
compilation terminated.
configure:14413: $? = 1
configure: failed program was:
| /* confdefs.h */
| #define PACKAGE_NAME "libxml2rr"
| #define PACKAGE_TARNAME "libxml2rr"
| #define PACKAGE_VERSION "2.7.8"
| #define PACKAGE_STRING "libxml2rr 2.7.8"
| #define PACKAGE_BUGREPORT ""
| #define PACKAGE_URL ""
| #define PACKAGE "libxml2rr"
| #define VERSION "2.7.8"
| #define HAVE_STDIO_H 1
| #define HAVE_STDLIB_H 1
| #define HAVE_STRING_H 1
| #define HAVE_INTTYPES_H 1
| #define HAVE_STDINT_H 1
| #define HAVE_STRINGS_H 1
| #define HAVE_SYS_STAT_H 1
| #define HAVE_SYS_TYPES_H 1
| #define HAVE_UNISTD_H 1
| #define STDC_HEADERS 1
| #define HAVE_DLFCN_H 1
| #define LT_OBJDIR ".libs/"
| #define HAVE_ZLIB_H 1
| #define HAVE_LIBZ 1
| #define HAVE_DIRENT_H 1
| #define HAVE_FCNTL_H 1
| #define HAVE_UNISTD_H 1
| #define HAVE_CTYPE_H 1
| #define HAVE_DIRENT_H 1
| #define HAVE_ERRNO_H 1
| #define HAVE_MALLOC_H 1
| #define HAVE_STDARG_H 1
| #define HAVE_SYS_STAT_H 1
| #define HAVE_SYS_TYPES_H 1
| #define HAVE_STDINT_H 1
| #define HAVE_TIME_H 1
| /* end confdefs.h.  */
| #include <stddef.h>
| #ifdef HAVE_STDIO_H
| # include <stdio.h>
| #endif
| #ifdef HAVE_STDLIB_H
| # include <stdlib.h>
| #endif
| #ifdef HAVE_STRING_H
| # include <string.h>
| #endif
| #ifdef HAVE_INTTYPES_H
| # include <inttypes.h>
| #endif
| #ifdef HAVE_STDINT_H
| # include <stdint.h>
| #endif
| #ifdef HAVE_STRINGS_H
| # include <strings.h>
| #endif
| #ifdef HAVE_SYS_TYPES_H
| # include <sys/types.h>
| #endif
| #ifdef HAVE_SYS_STAT_H
| # include <sys/stat.h>
| #endif
| #ifdef HAVE_UNISTD_H
| # include <unistd.h>
| #endif
| #include <ansidecl.h>
configure:14413: result: no
configure:14420: checking for ieeefp.h
configure:14420: gcc -c -g -O2  conftest.c >&5
conftest.c:65:10: fatal error: ieeefp.h: No such file or directory
   65 | #include <ieeefp.h>
      |          ^~~~~~~~~~
compilation terminated.
configure:14420: $? = 1
configure: failed program was:
| /* confdefs.h */
| #define PACKAGE_NAME "libxml2rr"
| #define PACKAGE_TARNAME "libxml2rr"
| #define PACKAGE_VERSION "2.7.8"
| #define PACKAGE_STRING "libxml2rr 2.7.8"
| #define PACKAGE_BUGREPORT ""
| #define PACKAGE_URL ""
| #define PACKAGE "libxml2rr"
| #define VERSION "2.7.8"
| #define HAVE_STDIO_H 1
| #define HAVE_STDLIB_H 1
| #define HAVE_STRING_H 1
| #define HAVE_INTTYPES_H 1
| #define HAVE_STDINT_H 1
| #define HAVE_STRINGS_H 1
| #define HAVE_SYS_STAT_H 1
| #define HAVE_SYS_TYPES_H 1
| #define HAVE_UNISTD_H 1
| #define STDC_HEADERS 1
| #define HAVE_DLFCN_H 1
| #define LT_OBJDIR ".libs/"
| #define HAVE_ZLIB_H 1
| #define HAVE_LIBZ 1
| #define HAVE_DIRENT_H 1
| #define HAVE_FCNTL_H 1
| #define HAVE_UNISTD_H 1
| #define HAVE_CTYPE_H 1
| #define HAVE_DIRENT_H 1
| #define HAVE_ERRNO_H 1
| #define HAVE_MALLOC_H 1
| #define HAVE_STDARG_H 1
| #define HAVE_SYS_STAT_H 1
| #define HAVE_SYS_TYPES_H 1
| #define HAVE_STDINT_H 1
| #define HAVE_TIME_H 1
| /* end confdefs.h.  */
| #include <stddef.h>
| #ifdef HAVE_STDIO_H
| # include <stdio.h>
| #endif
| #ifdef HAVE_STDLIB_H
| # include <stdlib.h>
| #endif
| #ifdef HAVE_STRING_H
| # include <string.h>
| #endif
| #ifdef HAVE_INTTYPES_H
| # include <inttypes.h>
| #endif
| #ifdef HAVE_STDINT_H
| # include <stdint.h>
| #endif
| #ifdef HAVE_STRINGS_H
| # include <strings.h>
| #endif
| #ifdef HAVE_SYS_TYPES_H
| # include <sys/types.h>
| #endif
| #ifdef HAVE_SYS_STAT_H
| # include <sys/stat.h>
| #endif
| #ifdef HAVE_UNISTD_H
| # include <unistd.h>
| #endif
| #include <ieeefp.h>
configure:14420: result: no
configure:14427: checking for nan.h
configure:14427: gcc -c -g -O2  conftest.c >&5
conftest.c:65:10: fatal error: nan.h: No such file or directory
   65 | #include <nan.h>
      |          ^~~~~~~
compilation terminated.
configure:14427: $? = 1
configure: failed program was:
| /* confdefs.h */
| #define PACKAGE_NAME "libxml2rr"
| #define PACKAGE_TARNAME "libxml2rr"
| #define PACKAGE_VERSION "2.7.8"
| #define PACKAGE_STRING "libxml2rr 2.7.8"
| #define PACKAGE_BUGREPORT ""
| #define PACKAGE_URL ""
| #define PACKAGE "libxml2rr"
| #define VERSION "2.7.8"
| #define HAVE_STDIO_H 1
| #define HAVE_STDLIB_H 1
| #define HAVE_STRING_H 1
| #define HAVE_INTTYPES_H 1
| #define HAVE_STDINT_H 1
| #define HAVE_STRINGS_H 1
| #define HAVE_SYS_STAT_H 1
| #define HAVE_SYS_TYPES_H 1
| #define HAVE_UNISTD_H 1
| #define STDC_HEADERS 1
| #define HAVE_DLFCN_H 1
| #define LT_OBJDIR ".libs/"
| #define HAVE_ZLIB_H 1
| #define HAVE_LIBZ 1
| #define HAVE_DIRENT_H 1
| #define HAVE_FCNTL_H 1
| #define HAVE_UNISTD_H 1
| #define HAVE_CTYPE_H 1
| #define HAVE_DIRENT_H 1
| #define HAVE_ERRNO_H 1
| #define HAVE_MALLOC_H 1
| #define HAVE_STDARG_H 1
| #define HAVE_SYS_STAT_H 1
| #define HAVE_SYS_TYPES_H 1
| #define HAVE_STDINT_H 1
| #define HAVE_TIME_H 1
| /* end confdefs.h.  */
| #include <stddef.h>
| #ifdef HAVE_STDIO_H
| # include <stdio.h>
| #endif
| #ifdef HAVE_STDLIB_H
| # include <stdlib.h>
| #endif
| #ifdef HAVE_STRING_H
| # include <string.h>
| #endif
| #ifdef HAVE_INTTYPES_H
| # include <inttypes.h>
| #endif
| #ifdef HAVE_STDINT_H
| # include <stdint.h>
| #endif
| #ifdef HAVE_STRINGS_H
| # include <strings.h>
| #endif
| #ifdef HAVE_SYS_TYPES_H
| # include <sys/types.h>
| #endif
| #ifdef HAVE_SYS_STAT_H
| # include <sys/stat.h>
| #endif
| #ifdef HAVE_UNISTD_H
| # include <unistd.h>
| #endif
| #include <nan.h>
configure:14427: result: no
configure:14434: checking for math.h
configure:14434: gcc -c -g -O2  conftest.c >&5
configure:14434: $? = 0
configure:14434: result: yes
configure:14441: checking for limits.h
configure:14441: gcc -c -g -O2  conftest.c >&5
configure:14441: $? = 0
configure:14441: result: yes
configure:14448: checking for fp_class.h
configure:14448: gcc -c -g -O2  conftest.c >&5
conftest.c:67:10: fatal error: fp_class.h: No such file or directory
   67 | #include <fp_class.h>
      |          ^~~~~~~~~~~~
compilation terminated.
configure:14448: $? = 1
configure: failed program was:
| /* confdefs.h */
| #define PACKAGE_NAME "libxml2rr"
| #define PACKAGE_TARNAME "libxml2rr"
| #define PACKAGE_VERSION "2.7.8"
| #define PACKAGE_STRING "libxml2rr 2.7.8"
| #define PACKAGE_BUGREPORT ""
| #define PACKAGE_URL ""
| #define PACKAGE "libxml2rr"
| #define VERSION "2.7.8"
| #define HAVE_STDIO_H 1
| #define HAVE_STDLIB_H 1
| #define HAVE_STRING_H 1
| #define HAVE_INTTYPES_H 1
| #define HAVE_STDINT_H 1
| #define HAVE_STRINGS_H 1
| #define HAVE_SYS_STAT_H 1
| #define HAVE_SYS_TYPES_H 1
| #define HAVE_UNISTD_H 1
| #define STDC_HEADERS 1
| #define HAVE_DLFCN_H 1
| #define LT_OBJDIR ".libs/"
| #define HAVE_ZLIB_H 1
| #define HAVE_LIBZ 1
| #define HAVE_DIRENT_H 1
| #define HAVE_FCNTL_H 1
| #define HAVE_UNISTD_H 1
| #define HAVE_CTYPE_H 1
| #define HAVE_DIRENT_H 1
| #define HAVE_ERRNO_H 1
| #define HAVE_MALLOC_H 1
| #define HAVE_STDARG_H 1
| #define HAVE_SYS_STAT_H 1
| #define HAVE_SYS_TYPES_H 1
| #define HAVE_STDINT_H 1
| #define HAVE_TIME_H 1
| #define HAVE_MATH_H 1
| #define HAVE_LIMITS_H 1
| /* end confdefs.h.  */
| #include <stddef.h>
| #ifdef HAVE_STDIO_H
| # include <stdio.h>
| #endif
| #ifdef HAVE_STDLIB_H
| # include <stdlib.h>
| #endif
| #ifdef HAVE_STRING_H
| # include <string.h>
| #endif
| #ifdef HAVE_INTTYPES_H
| # include <inttypes.h>
| #endif
| #ifdef HAVE_STDINT_H
| # include <stdint.h>
| #endif
| #ifdef HAVE_STRINGS_H
| # include <strings.h>
| #endif
| #ifdef HAVE_SYS_TYPES_H
| # include <sys/types.h>
| #endif
| #ifdef HAVE_SYS_STAT_H
| # include <sys/stat.h>
| #endif
| #ifdef HAVE_UNISTD_H
| # include <unistd.h>
| #endif
| #include <fp_class.h>
configure:14448: result: no
configure:14455: checking for float.h
configure:14455: gcc -c -g -O2  conftest.c >&5
configure:14455: $? = 0
configure:14455: result: yes
configure:14462: checking for stdlib.h
configure:14462: result: yes
configure:14469: checking for sys/socket.h
configure:14469: gcc -c -g -O2  conftest.c >&5
configure:14469: $? = 0
configure:14469: result: yes
configure:14480: checking for netinet/in.h
configure:14480: gcc -c -g -O2  conftest.c >&5
configure:14480: $? = 0
configure:14480: result: yes
configure:14491: checking for arpa/inet.h
configure:14491: gcc -c -g -O2  conftest.c >&5
configure:14491: $? = 0
configure:14491: result: yes
configure:14505: checking for netdb.h
configure:14505: gcc -c -g -O2  conftest.c >&5
configure:14505: $? = 0
configure:14505: result: yes
configure:14512: checking for sys/time.h
configure:14512: gcc -c -g -O2  conftest.c >&5
configure:14512: $? = 0
configure:14512: result: yes
configure:14519: checking for sys/select.h
configure:14519: gcc -c -g -O2  conftest.c >&5
configure:14519: $? = 0
configure:14519: result: yes
configure:14526: checking for poll.h
configure:14526: gcc -c -g -O2  conftest.c >&5
configure:14526: $? = 0
configure:14526: result: yes
configure:14533: checking for sys/mman.h
configure:14533: gcc -c -g -O2  conftest.c >&5
configure:14533: $? = 0
configure:14533: result: yes
configure:14540: checking for sys/timeb.h
configure:14540: gcc -c -g -O2  conftest.c >&5
configure:14540: $? = 0
configure:14540: result: yes
configure:14547: checking for signal.h
configure:14547: gcc -c -g -O2  conftest.c >&5
configure:14547: $? = 0
configure:14547: result: yes
configure:14554: checking for arpa/nameser.h
configure:14554: gcc -c -g -O2  conftest.c >&5
configure:14554: $? = 0
configure:14554: result: yes
configure:14565: checking for resolv.h
configure:14565: gcc -c -g -O2  conftest.c >&5
configure:14565: $? = 0
configure:14565: result: yes
configure:14582: checking for dl.h
configure:14582: gcc -c -g -O2  conftest.c >&5
conftest.c:81:10: fatal error: dl.h: No such file or directory
   81 | #include <dl.h>
      |          ^~~~~~
compilation terminated.
configure:14582: $? = 1
configure: failed program was:
| /* confdefs.h */
| #define PACKAGE_NAME "libxml2rr"
| #define PACKAGE_TARNAME "libxml2rr"
| #define PACKAGE_VERSION "2.7.8"
| #define PACKAGE_STRING "libxml2rr 2.7.8"
| #define PACKAGE_BUGREPORT ""
| #define PACKAGE_URL ""
| #define PACKAGE "libxml2rr"
| #define VERSION "2.7.8"
| #define HAVE_STDIO_H 1
| #define HAVE_STDLIB_H 1
| #define HAVE_STRING_H 1
| #define HAVE_INTTYPES_H 1
| #define HAVE_STDINT_H 1
| #define HAVE_STRINGS_H 1
| #define HAVE_SYS_STAT_H 1
| #define HAVE_SYS_TYPES_H 1
| #define HAVE_UNISTD_H 1
| #define STDC_HEADERS 1
| #define HAVE_DLFCN_H 1
| #define LT_OBJDIR ".libs/"
| #define HAVE_ZLIB_H 1
| #define HAVE_LIBZ 1
| #define HAVE_DIRENT_H 1
| #define HAVE_FCNTL_H 1
| #define HAVE_UNISTD_H 1
| #define HAVE_CTYPE_H 1
| #define HAVE_DIRENT_H 1
| #define HAVE_ERRNO_H 1
| #define HAVE_MALLOC_H 1
| #define HAVE_STDARG_H 1
| #define HAVE_SYS_STAT_H 1
| #define HAVE_SYS_TYPES_H 1
| #define HAVE_STDINT_H 1
| #define HAVE_TIME_H 1
| #define HAVE_MATH_H 1
| #define HAVE_LIMITS_H 1
| #define HAVE_FLOAT_H 1
| #define HAVE_STDLIB_H 1
| #define HAVE_SYS_SOCKET_H 1
| #define HAVE_NETINET_IN_H 1
| #define HAVE_ARPA_INET_H 1
| #define HAVE_NETDB_H 1
| #define HAVE_SYS_TIME_H 1
| #define HAVE_SYS_SELECT_H 1
| #define HAVE_POLL_H 1
| #define HAVE_SYS_MMAN_H 1
| #define HAVE_SYS_TIMEB_H 1
| #define HAVE_SIGNAL_H 1
| #define HAVE_ARPA_NAMESER_H 1
| #define HAVE_RESOLV_H 1
| /* end confdefs.h.  */
| #include <stddef.h>
| #ifdef HAVE_STDIO_H
| # include <stdio.h>
| #endif
| #ifdef HAVE_STDLIB_H
| # include <stdlib.h>
| #endif
| #ifdef HAVE_STRING_H
| # include <string.h>
| #endif
| #ifdef HAVE_INTTYPES_H
| # include <inttypes.h>
| #endif
| #ifdef HAVE_STDINT_H
| # include <stdint.h>
| #endif
| #ifdef HAVE_STRINGS_H
| # include <strings.h>
| #endif
| #ifdef HAVE_SYS_TYPES_H
| # include <sys/types.h>
| #endif
| #ifdef HAVE_SYS_STAT_H
| # include <sys/stat.h>
| #endif
| #ifdef HAVE_UNISTD_H
| # include <unistd.h>
| #endif
| #include <dl.h>
configure:14582: result: no
configure:14589: checking for dlfcn.h
configure:14589: result: yes
configure:14603: checking for strftime
configure:14603: gcc -o conftest -g -O2   conftest.c  >&5
conftest.c:70:6: warning: conflicting types for built-in function 'strftime'; expected 'long unsigned int(char *, long unsigned int,  const char *, const void *)' [-Wbuiltin-declaration-mismatch]
   70 | char strftime ();
      |      ^~~~~~~~
conftest.c:62:1: note: 'strftime' is declared in header '<time.h>'
   61 | #include <limits.h>
   62 | #undef strftime
configure:14603: $? = 0
configure:14603: result: yes
configure:14655: checking for strdup
configure:14655: gcc -o conftest -g -O2   conftest.c  >&5
conftest.c:71:6: warning: conflicting types for built-in function 'strdup'; expected 'char *(const char *)' [-Wbuiltin-declaration-mismatch]
   71 | char strdup ();
      |      ^~~~~~
configure:14655: $? = 0
configure:14655: result: yes
configure:14661: checking for strndup
configure:14661: gcc -o conftest -g -O2   conftest.c  >&5
conftest.c:72:6: warning: conflicting types for built-in function 'strndup'; expected 'char *(const char *, long unsigned int)' [-Wbuiltin-declaration-mismatch]
   72 | char strndup ();
      |      ^~~~~~~
configure:14661: $? = 0
configure:14661: result: yes
configure:14667: checking for strerror
configure:14667: gcc -o conftest -g -O2   conftest.c  >&5
configure:14667: $? = 0
configure:14667: result: yes
configure:14674: checking for finite
configure:14674: gcc -o conftest -g -O2   conftest.c  >&5
conftest.c:74:6: warning: conflicting types for built-in function 'finite'; expected 'int(double)' [-Wbuiltin-declaration-mismatch]
   74 | char finite ();
      |      ^~~~~~
configure:14674: $? = 0
configure:14674: result: yes
configure:14680: checking for isnand
configure:14680: gcc -o conftest -g -O2   conftest.c  >&5
/usr/bin/ld: /tmp/ccPNlKWQ.o: in function `main':
~/Software_Old/generalserver/src/installations/libxml2-rr/conftest.c:86: undefined reference to `isnand'
collect2: error: ld returned 1 exit status
configure:14680: $? = 1
configure: failed program was:
| /* confdefs.h */
| #define PACKAGE_NAME "libxml2rr"
| #define PACKAGE_TARNAME "libxml2rr"
| #define PACKAGE_VERSION "2.7.8"
| #define PACKAGE_STRING "libxml2rr 2.7.8"
| #define PACKAGE_BUGREPORT ""
| #define PACKAGE_URL ""
| #define PACKAGE "libxml2rr"
| #define VERSION "2.7.8"
| #define HAVE_STDIO_H 1
| #define HAVE_STDLIB_H 1
| #define HAVE_STRING_H 1
| #define HAVE_INTTYPES_H 1
| #define HAVE_STDINT_H 1
| #define HAVE_STRINGS_H 1
| #define HAVE_SYS_STAT_H 1
| #define HAVE_SYS_TYPES_H 1
| #define HAVE_UNISTD_H 1
| #define STDC_HEADERS 1
| #define HAVE_DLFCN_H 1
| #define LT_OBJDIR ".libs/"
| #define HAVE_ZLIB_H 1
| #define HAVE_LIBZ 1
| #define HAVE_DIRENT_H 1
| #define HAVE_FCNTL_H 1
| #define HAVE_UNISTD_H 1
| #define HAVE_CTYPE_H 1
| #define HAVE_DIRENT_H 1
| #define HAVE_ERRNO_H 1
| #define HAVE_MALLOC_H 1
| #define HAVE_STDARG_H 1
| #define HAVE_SYS_STAT_H 1
| #define HAVE_SYS_TYPES_H 1
| #define HAVE_STDINT_H 1
| #define HAVE_TIME_H 1
| #define HAVE_MATH_H 1
| #define HAVE_LIMITS_H 1
| #define HAVE_FLOAT_H 1
| #define HAVE_STDLIB_H 1
| #define HAVE_SYS_SOCKET_H 1
| #define HAVE_NETINET_IN_H 1
| #define HAVE_ARPA_INET_H 1
| #define HAVE_NETDB_H 1
| #define HAVE_SYS_TIME_H 1
| #define HAVE_SYS_SELECT_H 1
| #define HAVE_POLL_H 1
| #define HAVE_SYS_MMAN_H 1
| #define HAVE_SYS_TIMEB_H 1
| #define HAVE_SIGNAL_H 1
| #define HAVE_ARPA_NAMESER_H 1
| #define HAVE_RESOLV_H 1
| #define HAVE_DLFCN_H 1
| #define HAVE_STRFTIME 1
| #define HAVE_STRDUP 1
| #define HAVE_STRNDUP 1
| #define HAVE_STRERROR 1
| #define HAVE_FINITE 1
| /* end confdefs.h.  */
| /* Define isnand to an innocuous variant, in case <limits.h> declares isnand.
|    For example, HP-UX 11i <limits.h> declares gettimeofday.  */
| #define isnand innocuous_isnand
| 
| /* System header to define __stub macros and hopefully few prototypes,
|    which can conflict with char isnand (); below.  */
| 
| #include <limits.h>
| #undef isnand
| 
| /* Override any GCC internal prototype to avoid an error.
|    Use char because int might match the return type of a GCC
|    builtin and then its argument prototype would still apply.  */
| #ifdef __cplusplus
| extern "C"
| #endif
| char isnand ();
| /* The GNU C library defines this for functions which it implements
|     to always fail with ENOSYS.  Some functions are actually named
|     something starting with __ and the normal name is an alias.  */
| #if defined __stub_isnand || defined __stub___isnand
| choke me
| #endif
| 
| int
| main (void)
| {
| return isnand ();
|   ;
|   return 0;
| }
configure:14680: result: no
configure:14686: checking for fp_class
configure:14686: gcc -o conftest -g -O2   conftest.c  >&5
/usr/bin/ld: /tmp/cc9dLQAb.o: in function `main':
~/Software_Old/generalserver/src/installations/libxml2-rr/conftest.c:86: undefined reference to `fp_class'
collect2: error: ld returned 1 exit status
configure:14686: $? = 1
configure: failed program was:
| /* confdefs.h */
| #define PACKAGE_NAME "libxml2rr"
| #define PACKAGE_TARNAME "libxml2rr"
| #define PACKAGE_VERSION "2.7.8"
| #define PACKAGE_STRING "libxml2rr 2.7.8"
| #define PACKAGE_BUGREPORT ""
| #define PACKAGE_URL ""
| #define PACKAGE "libxml2rr"
| #define VERSION "2.7.8"
| #define HAVE_STDIO_H 1
| #define HAVE_STDLIB_H 1
| #define HAVE_STRING_H 1
| #define HAVE_INTTYPES_H 1
| #define HAVE_STDINT_H 1
| #define HAVE_STRINGS_H 1
| #define HAVE_SYS_STAT_H 1
| #define HAVE_SYS_TYPES_H 1
| #define HAVE_UNISTD_H 1
| #define STDC_HEADERS 1
| #define HAVE_DLFCN_H 1
| #define LT_OBJDIR ".libs/"
| #define HAVE_ZLIB_H 1
| #define HAVE_LIBZ 1
| #define HAVE_DIRENT_H 1
| #define HAVE_FCNTL_H 1
| #define HAVE_UNISTD_H 1
| #define HAVE_CTYPE_H 1
| #define HAVE_DIRENT_H 1
| #define HAVE_ERRNO_H 1
| #define HAVE_MALLOC_H 1
| #define HAVE_STDARG_H 1
| #define HAVE_SYS_STAT_H 1
| #define HAVE_SYS_TYPES_H 1
| #define HAVE_STDINT_H 1
| #define HAVE_TIME_H 1
| #define HAVE_MATH_H 1
| #define HAVE_LIMITS_H 1
| #define HAVE_FLOAT_H 1
| #define HAVE_STDLIB_H 1
| #define HAVE_SYS_SOCKET_H 1
| #define HAVE_NETINET_IN_H 1
| #define HAVE_ARPA_INET_H 1
| #define HAVE_NETDB_H 1
| #define HAVE_SYS_TIME_H 1
| #define HAVE_SYS_SELECT_H 1
| #define HAVE_POLL_H 1
| #define HAVE_SYS_MMAN_H 1
| #define HAVE_SYS_TIMEB_H 1
| #define HAVE_SIGNAL_H 1
| #define HAVE_ARPA_NAMESER_H 1
| #define HAVE_RESOLV_H 1
| #define HAVE_DLFCN_H 1
| #define HAVE_STRFTIME 1
| #define HAVE_STRDUP 1
| #define HAVE_STRNDUP 1
| #define HAVE_STRERROR 1
| #define HAVE_FINITE 1
| /* end confdefs.h.  */
| /* Define fp_class to an innocuous variant, in case <limits.h> declares fp_class.
|    For example, HP-UX 11i <limits.h> declares gettimeofday.  */
| #define fp_class innocuous_fp_class
| 
| /* System header to define __stub macros and hopefully few prototypes,
|    which can conflict with char fp_class (); below.  */
| 
| #include <limits.h>
| #undef fp_class
| 
| /* Override any GCC internal prototype to avoid an error.
|    Use char because int might match the return type of a GCC
|    builtin and then its argument prototype would still apply.  */
| #ifdef __cplusplus
| extern "C"
| #endif
| char fp_class ();
| /* The GNU C library defines this for functions which it implements
|     to always fail with ENOSYS.  Some functions are actually named
|     something starting with __ and the normal name is an alias.  */
| #if defined __stub_fp_class || defined __stub___fp_class
| choke me
| #endif
| 
| int
| main (void)
| {
| return fp_class ();
|   ;
|   return 0;
| }
configure:14686: result: no
configure:14692: checking for class
configure:14692: gcc -o conftest -g -O2   conftest.c  >&5
/usr/bin/ld: /tmp/ccIoVLUP.o: in function `main':
~/Software_Old/generalserver/src/installations/libxml2-rr/conftest.c:86: undefined reference to `class'
collect2: error: ld returned 1 exit status
configure:14692: $? = 1
configure: failed program was:
| /* confdefs.h */
| #define PACKAGE_NAME "libxml2rr"
| #define PACKAGE_TARNAME "libxml2rr"
| #define PACKAGE_VERSION "2.7.8"
| #define PACKAGE_STRING "libxml2rr 2.7.8"
| #define PACKAGE_BUGREPORT ""
| #define PACKAGE_URL ""
| #define PACKAGE "libxml2rr"
| #define VERSION "2.7.8"
| #define HAVE_STDIO_H 1
| #define HAVE_STDLIB_H 1
| #define HAVE_STRING_H 1
| #define HAVE_INTTYPES_H 1
| #define HAVE_STDINT_H 1
| #define HAVE_STRINGS_H 1
| #define HAVE_SYS_STAT_H 1
| #define HAVE_SYS_TYPES_H 1
| #define HAVE_UNISTD_H 1
| #define STDC_HEADERS 1
| #define HAVE_DLFCN_H 1
| #define LT_OBJDIR ".libs/"
| #define HAVE_ZLIB_H 1
| #define HAVE_LIBZ 1
| #define HAVE_DIRENT_H 1
| #define HAVE_FCNTL_H 1
| #define HAVE_UNISTD_H 1
| #define HAVE_CTYPE_H 1
| #define HAVE_DIRENT_H 1
| #define HAVE_ERRNO_H 1
| #define HAVE_MALLOC_H 1
| #define HAVE_STDARG_H 1
| #define HAVE_SYS_STAT_H 1
| #define HAVE_SYS_TYPES_H 1
| #define HAVE_STDINT_H 1
| #define HAVE_TIME_H 1
| #define HAVE_MATH_H 1
| #define HAVE_LIMITS_H 1
| #define HAVE_FLOAT_H 1
| #define HAVE_STDLIB_H 1
| #define HAVE_SYS_SOCKET_H 1
| #define HAVE_NETINET_IN_H 1
| #define HAVE_ARPA_INET_H 1
| #define HAVE_NETDB_H 1
| #define HAVE_SYS_TIME_H 1
| #define HAVE_SYS_SELECT_H 1
| #define HAVE_POLL_H 1
| #define HAVE_SYS_MMAN_H 1
| #define HAVE_SYS_TIMEB_H 1
| #define HAVE_SIGNAL_H 1
| #define HAVE_ARPA_NAMESER_H 1
| #define HAVE_RESOLV_H 1
| #define HAVE_DLFCN_H 1
| #define HAVE_STRFTIME 1
| #define HAVE_STRDUP 1
| #define HAVE_STRNDUP 1
| #define HAVE_STRERROR 1
| #define HAVE_FINITE 1
| /* end confdefs.h.  */
| /* Define class to an innocuous variant, in case <limits.h> declares class.
|    For example, HP-UX 11i <limits.h> declares gettimeofday.  */
| #define class innocuous_class
| 
| /* System header to define __stub macros and hopefully few prototypes,
|    which can conflict with char class (); below.  */
| 
| #include <limits.h>
| #undef class
| 
| /* Override any GCC internal prototype to avoid an error.
|    Use char because int might match the return type of a GCC
|    builtin and then its argument prototype would still apply.  */
| #ifdef __cplusplus
| extern "C"
| #endif
| char class ();
| /* The GNU C library defines this for functions which it implements
|     to always fail with ENOSYS.  Some functions are actually named
|     something starting with __ and the normal name is an alias.  */
| #if defined __stub_class || defined __stub___class
| choke me
| #endif
| 
| int
| main (void)
| {
| return class ();
|   ;
|   return 0;
| }
configure:14692: result: no
configure:14698: checking for fpclass
configure:14698: gcc -o conftest -g -O2   conftest.c  >&5
/usr/bin/ld: /tmp/ccKkFavp.o: in function `main':
~/Software_Old/generalserver/src/installations/libxml2-rr/conftest.c:86: undefined reference to `fpclass'
collect2: error: ld returned 1 exit status
configure:14698: $? = 1
configure: failed program was:
| /* confdefs.h */
| #define PACKAGE_NAME "libxml2rr"
| #define PACKAGE_TARNAME "libxml2rr"
| #define PACKAGE_VERSION "2.7.8"
| #define PACKAGE_STRING "libxml2rr 2.7.8"
| #define PACKAGE_BUGREPORT ""
| #define PACKAGE_URL ""
| #define PACKAGE "libxml2rr"
| #define VERSION "2.7.8"
| #define HAVE_STDIO_H 1
| #define HAVE_STDLIB_H 1
| #define HAVE_STRING_H 1
| #define HAVE_INTTYPES_H 1
| #define HAVE_STDINT_H 1
| #define HAVE_STRINGS_H 1
| #define HAVE_SYS_STAT_H 1
| #define HAVE_SYS_TYPES_H 1
| #define HAVE_UNISTD_H 1
| #define STDC_HEADERS 1
| #define HAVE_DLFCN_H 1
| #define LT_OBJDIR ".libs/"
| #define HAVE_ZLIB_H 1
| #define HAVE_LIBZ 1
| #define HAVE_DIRENT_H 1
| #define HAVE_FCNTL_H 1
| #define HAVE_UNISTD_H 1
| #define HAVE_CTYPE_H 1
| #define HAVE_DIRENT_H 1
| #define HAVE_ERRNO_H 1
| #define HAVE_MALLOC_H 1
| #define HAVE_STDARG_H 1
| #define HAVE_SYS_STAT_H 1
| #define HAVE_SYS_TYPES_H 1
| #define HAVE_STDINT_H 1
| #define HAVE_TIME_H 1
| #define HAVE_MATH_H 1
| #define HAVE_LIMITS_H 1
| #define HAVE_FLOAT_H 1
| #define HAVE_STDLIB_H 1
| #define HAVE_SYS_SOCKET_H 1
| #define HAVE_NETINET_IN_H 1
| #define HAVE_ARPA_INET_H 1
| #define HAVE_NETDB_H 1
| #define HAVE_SYS_TIME_H 1
| #define HAVE_SYS_SELECT_H 1
| #define HAVE_POLL_H 1
| #define HAVE_SYS_MMAN_H 1
| #define HAVE_SYS_TIMEB_H 1
| #define HAVE_SIGNAL_H 1
| #define HAVE_ARPA_NAMESER_H 1
| #define HAVE_RESOLV_H 1
| #define HAVE_DLFCN_H 1
| #define HAVE_STRFTIME 1
| #define HAVE_STRDUP 1
| #define HAVE_STRNDUP 1
| #define HAVE_STRERROR 1
| #define HAVE_FINITE 1
| /* end confdefs.h.  */
| /* Define fpclass to an innocuous variant, in case <limits.h> declares fpclass.
|    For example, HP-UX 11i <limits.h> declares gettimeofday.  */
| #define fpclass innocuous_fpclass
| 
| /* System header to define __stub macros and hopefully few prototypes,
|    which can conflict with char fpclass (); below.  */
| 
| #include <limits.h>
| #undef fpclass
| 
| /* Override any GCC internal prototype to avoid an error.
|    Use char because int might match the return type of a GCC
|    builtin and then its argument prototype would still apply.  */
| #ifdef __cplusplus
| extern "C"
| #endif
| char fpclass ();
| /* The GNU C library defines this for functions which it implements
|     to always fail with ENOSYS.  Some functions are actually named
|     something starting with __ and the normal name is an alias.  */
| #if defined __stub_fpclass || defined __stub___fpclass
| choke me
| #endif
| 
| int
| main (void)
| {
| return fpclass ();
|   ;
|   return 0;
| }
configure:14698: result: no
configure:14705: checking for strftime
configure:14705: result: yes
configure:14711: checking for localtime
configure:14711: gcc -o conftest -g -O2   conftest.c  >&5
configure:14711: $? = 0
configure:14711: result: yes
configure:14717: checking for gettimeofday
configure:14717: gcc -o conftest -g -O2   conftest.c  >&5
configure:14717: $? = 0
configure:14717: result: yes
configure:14723: checking for ftime
configure:14723: gcc -o conftest -g -O2   conftest.c  >&5
configure:14723: $? = 0
configure:14723: result: yes
configure:14730: checking for stat
configure:14730: gcc -o conftest -g -O2   conftest.c  >&5
configure:14730: $? = 0
configure:14730: result: yes
configure:14736: checking for _stat
configure:14736: gcc -o conftest -g -O2   conftest.c  >&5
/usr/bin/ld: /tmp/cctxptEk.o: in function `main':
~/Software_Old/generalserver/src/installations/libxml2-rr/conftest.c:91: undefined reference to `_stat'
collect2: error: ld returned 1 exit status
configure:14736: $? = 1
configure: failed program was:
| /* confdefs.h */
| #define PACKAGE_NAME "libxml2rr"
| #define PACKAGE_TARNAME "libxml2rr"
| #define PACKAGE_VERSION "2.7.8"
| #define PACKAGE_STRING "libxml2rr 2.7.8"
| #define PACKAGE_BUGREPORT ""
| #define PACKAGE_URL ""
| #define PACKAGE "libxml2rr"
| #define VERSION "2.7.8"
| #define HAVE_STDIO_H 1
| #define HAVE_STDLIB_H 1
| #define HAVE_STRING_H 1
| #define HAVE_INTTYPES_H 1
| #define HAVE_STDINT_H 1
| #define HAVE_STRINGS_H 1
| #define HAVE_SYS_STAT_H 1
| #define HAVE_SYS_TYPES_H 1
| #define HAVE_UNISTD_H 1
| #define STDC_HEADERS 1
| #define HAVE_DLFCN_H 1
| #define LT_OBJDIR ".libs/"
| #define HAVE_ZLIB_H 1
| #define HAVE_LIBZ 1
| #define HAVE_DIRENT_H 1
| #define HAVE_FCNTL_H 1
| #define HAVE_UNISTD_H 1
| #define HAVE_CTYPE_H 1
| #define HAVE_DIRENT_H 1
| #define HAVE_ERRNO_H 1
| #define HAVE_MALLOC_H 1
| #define HAVE_STDARG_H 1
| #define HAVE_SYS_STAT_H 1
| #define HAVE_SYS_TYPES_H 1
| #define HAVE_STDINT_H 1
| #define HAVE_TIME_H 1
| #define HAVE_MATH_H 1
| #define HAVE_LIMITS_H 1
| #define HAVE_FLOAT_H 1
| #define HAVE_STDLIB_H 1
| #define HAVE_SYS_SOCKET_H 1
| #define HAVE_NETINET_IN_H 1
| #define HAVE_ARPA_INET_H 1
| #define HAVE_NETDB_H 1
| #define HAVE_SYS_TIME_H 1
| #define HAVE_SYS_SELECT_H 1
| #define HAVE_POLL_H 1
| #define HAVE_SYS_MMAN_H 1
| #define HAVE_SYS_TIMEB_H 1
| #define HAVE_SIGNAL_H 1
| #define HAVE_ARPA_NAMESER_H 1
| #define HAVE_RESOLV_H 1
| #define HAVE_DLFCN_H 1
| #define HAVE_STRFTIME 1
| #define HAVE_STRDUP 1
| #define HAVE_STRNDUP 1
| #define HAVE_STRERROR 1
| #define HAVE_FINITE 1
| #define HAVE_STRFTIME 1
| #define HAVE_LOCALTIME 1
| #define HAVE_GETTIMEOFDAY 1
| #define HAVE_FTIME 1
| #define HAVE_STAT 1
| /* end confdefs.h.  */
| /* Define _stat to an innocuous variant, in case <limits.h> declares _stat.
|    For example, HP-UX 11i <limits.h> declares gettimeofday.  */
| #define _stat innocuous__stat
| 
| /* System header to define __stub macros and hopefully few prototypes,
|    which can conflict with char _stat (); below.  */
| 
| #include <limits.h>
| #undef _stat
| 
| /* Override any GCC internal prototype to avoid an error.
|    Use char because int might match the return type of a GCC
|    builtin and then its argument prototype would still apply.  */
| #ifdef __cplusplus
| extern "C"
| #endif
| char _stat ();
| /* The GNU C library defines this for functions which it implements
|     to always fail with ENOSYS.  Some functions are actually named
|     something starting with __ and the normal name is an alias.  */
| #if defined __stub__stat || defined __stub____stat
| choke me
| #endif
| 
| int
| main (void)
| {
| return _stat ();
|   ;
|   return 0;
| }
configure:14736: result: no
configure:14742: checking for signal
configure:14742: gcc -o conftest -g -O2   conftest.c  >&5
configure:14742: $? = 0
configure:14742: result: yes
configure:14754: checking for printf
configure:14754: gcc -o conftest -g -O2   conftest.c  >&5
conftest.c:81:6: warning: conflicting types for built-in function 'printf'; expected 'int(const char *, ...)' [-Wbuiltin-declaration-mismatch]
   81 | char printf ();
      |      ^~~~~~
conftest.c:73:1: note: 'printf' is declared in header '<stdio.h>'
   72 | #include <limits.h>
   73 | #undef printf
configure:14754: $? = 0
configure:14754: result: yes
configure:14754: checking for sprintf
configure:14754: gcc -o conftest -g -O2   conftest.c  >&5
conftest.c:82:6: warning: conflicting types for built-in function 'sprintf'; expected 'int(char *, const char *, ...)' [-Wbuiltin-declaration-mismatch]
   82 | char sprintf ();
      |      ^~~~~~~
conftest.c:74:1: note: 'sprintf' is declared in header '<stdio.h>'
   73 | #include <limits.h>
   74 | #undef sprintf
configure:14754: $? = 0
configure:14754: result: yes
configure:14754: checking for fprintf
configure:14754: gcc -o conftest -g -O2   conftest.c  >&5
conftest.c:83:6: warning: conflicting types for built-in function 'fprintf'; expected 'int(void *, const char *, ...)' [-Wbuiltin-declaration-mismatch]
   83 | char fprintf ();
      |      ^~~~~~~
conftest.c:75:1: note: 'fprintf' is declared in header '<stdio.h>'
   74 | #include <limits.h>
   75 | #undef fprintf
configure:14754: $? = 0
configure:14754: result: yes
configure:14754: checking for snprintf
configure:14754: gcc -o conftest -g -O2   conftest.c  >&5
conftest.c:84:6: warning: conflicting types for built-in function 'snprintf'; expected 'int(char *, long unsigned int,  const char *, ...)' [-Wbuiltin-declaration-mismatch]
   84 | char snprintf ();
      |      ^~~~~~~~
conftest.c:76:1: note: 'snprintf' is declared in header '<stdio.h>'
   75 | #include <limits.h>
   76 | #undef snprintf
configure:14754: $? = 0
configure:14754: result: yes
configure:14754: checking for vfprintf
configure:14754: gcc -o conftest -g -O2   conftest.c  >&5
conftest.c:85:6: warning: conflicting types for built-in function 'vfprintf'; expected 'int(void *, const char *, __va_list_tag *)' [-Wbuiltin-declaration-mismatch]
   85 | char vfprintf ();
      |      ^~~~~~~~
conftest.c:77:1: note: 'vfprintf' is declared in header '<stdio.h>'
   76 | #include <limits.h>
   77 | #undef vfprintf
configure:14754: $? = 0
configure:14754: result: yes
configure:14754: checking for vsprintf
configure:14754: gcc -o conftest -g -O2   conftest.c  >&5
conftest.c:86:6: warning: conflicting types for built-in function 'vsprintf'; expected 'int(char *, const char *, __va_list_tag *)' [-Wbuiltin-declaration-mismatch]
   86 | char vsprintf ();
      |      ^~~~~~~~
conftest.c:78:1: note: 'vsprintf' is declared in header '<stdio.h>'
   77 | #include <limits.h>
   78 | #undef vsprintf
configure:14754: $? = 0
configure:14754: result: yes
configure:14754: checking for vsnprintf
configure:14754: gcc -o conftest -g -O2   conftest.c  >&5
conftest.c:87:6: warning: conflicting types for built-in function 'vsnprintf'; expected 'int(char *, long unsigned int,  const char *, __va_list_tag *)' [-Wbuiltin-declaration-mismatch]
   87 | char vsnprintf ();
      |      ^~~~~~~~~
conftest.c:79:1: note: 'vsnprintf' is declared in header '<stdio.h>'
   78 | #include <limits.h>
   79 | #undef vsnprintf
configure:14754: $? = 0
configure:14754: result: yes
configure:14754: checking for sscanf
configure:14754: gcc -o conftest -g -O2   conftest.c  >&5
conftest.c:88:6: warning: conflicting types for built-in function 'sscanf'; expected 'int(const char *, const char *, ...)' [-Wbuiltin-declaration-mismatch]
   88 | char sscanf ();
      |      ^~~~~~
conftest.c:80:1: note: 'sscanf' is declared in header '<stdio.h>'
   79 | #include <limits.h>
   80 | #undef sscanf
configure:14754: $? = 0
configure:14754: result: yes
configure:14767: checking for va_copy
configure:14781: gcc -o conftest -g -O2   conftest.c  >&5
configure:14781: $? = 0
configure:14789: result: yes
configure:14827: checking for library containing gethostent
configure:14857: gcc -o conftest -g -O2   conftest.c  >&5
configure:14857: $? = 0
configure:14877: result: none required
configure:14886: checking for library containing setsockopt
configure:14916: gcc -o conftest -g -O2   conftest.c  >&5
configure:14916: $? = 0
configure:14936: result: none required
configure:14945: checking for library containing connect
configure:14975: gcc -o conftest -g -O2   conftest.c  >&5
configure:14975: $? = 0
configure:14995: result: none required
configure:15005: checking for type of socket length (socklen_t)
configure:15019: gcc -c -g -O2  conftest.c >&5
configure:15022: result: socklen_t *
configure:15090: checking whether to enable IPv6
configure:15123: gcc -c -g -O2  conftest.c >&5
configure:15123: $? = 0
configure:15131: result: yes
configure:15140: checking struct sockaddr::ss_family
configure:15159: gcc -c -g -O2  conftest.c >&5
configure:15159: $? = 0
configure:15167: result: yes
configure:15213: checking for getaddrinfo
configure:15213: gcc -o conftest -g -O2   conftest.c  >&5
configure:15213: $? = 0
configure:15213: result: yes
configure:15275: checking for isnan
configure:15275: gcc -o conftest -g -O2   conftest.c  >&5
conftest.c:93:6: warning: conflicting types for built-in function 'isnan'; expected 'int()' [-Wbuiltin-declaration-mismatch]
   93 | char isnan ();
      |      ^~~~~
conftest.c:85:1: note: 'isnan' is declared in header '<math.h>'
   84 | #include <limits.h>
   85 | #undef isnan
configure:15275: $? = 0
configure:15275: result: yes
configure:15327: checking for isinf
configure:15327: gcc -o conftest -g -O2   conftest.c  >&5
conftest.c:94:6: warning: conflicting types for built-in function 'isinf'; expected 'int()' [-Wbuiltin-declaration-mismatch]
   94 | char isinf ();
      |      ^~~~~
conftest.c:86:1: note: 'isinf' is declared in header '<math.h>'
   85 | #include <limits.h>
   86 | #undef isinf
configure:15327: $? = 0
configure:15327: result: yes
configure:15467: checking for python
configure:15490: found ~/miniconda3/bin/python
configure:15502: result: ~/miniconda3/bin/python
configure:15640: checking for shl_load
configure:15640: gcc -o conftest -g -O2 -pedantic -W -Wformat -Wunused -Wimplicit -Wreturn-type -Wswitch -Wcomment -Wtrigraphs -Wformat -Wchar-subscripts -Wuninitialized -Wparentheses -Wshadow -Wpointer-arith -Wcast-align -Wwrite-strings -Waggregate-return -Wstrict-prototypes -Wmissing-prototypes -Wnested-externs -Winline -Wredundant-decls   conftest.c  >&5
conftest.c:95:1: warning: function declaration isn't a prototype [-Wstrict-prototypes]
   95 | char shl_load ();
      | ^~~~
/usr/bin/ld: /tmp/ccnsWDGx.o: in function `main':
~/Software_Old/generalserver/src/installations/libxml2-rr/conftest.c:106: undefined reference to `shl_load'
collect2: error: ld returned 1 exit status
configure:15640: $? = 1
configure: failed program was:
| /* confdefs.h */
| #define PACKAGE_NAME "libxml2rr"
| #define PACKAGE_TARNAME "libxml2rr"
| #define PACKAGE_VERSION "2.7.8"
| #define PACKAGE_STRING "libxml2rr 2.7.8"
| #define PACKAGE_BUGREPORT ""
| #define PACKAGE_URL ""
| #define PACKAGE "libxml2rr"
| #define VERSION "2.7.8"
| #define HAVE_STDIO_H 1
| #define HAVE_STDLIB_H 1
| #define HAVE_STRING_H 1
| #define HAVE_INTTYPES_H 1
| #define HAVE_STDINT_H 1
| #define HAVE_STRINGS_H 1
| #define HAVE_SYS_STAT_H 1
| #define HAVE_SYS_TYPES_H 1
| #define HAVE_UNISTD_H 1
| #define STDC_HEADERS 1
| #define HAVE_DLFCN_H 1
| #define LT_OBJDIR ".libs/"
| #define HAVE_ZLIB_H 1
| #define HAVE_LIBZ 1
| #define HAVE_DIRENT_H 1
| #define HAVE_FCNTL_H 1
| #define HAVE_UNISTD_H 1
| #define HAVE_CTYPE_H 1
| #define HAVE_DIRENT_H 1
| #define HAVE_ERRNO_H 1
| #define HAVE_MALLOC_H 1
| #define HAVE_STDARG_H 1
| #define HAVE_SYS_STAT_H 1
| #define HAVE_SYS_TYPES_H 1
| #define HAVE_STDINT_H 1
| #define HAVE_TIME_H 1
| #define HAVE_MATH_H 1
| #define HAVE_LIMITS_H 1
| #define HAVE_FLOAT_H 1
| #define HAVE_STDLIB_H 1
| #define HAVE_SYS_SOCKET_H 1
| #define HAVE_NETINET_IN_H 1
| #define HAVE_ARPA_INET_H 1
| #define HAVE_NETDB_H 1
| #define HAVE_SYS_TIME_H 1
| #define HAVE_SYS_SELECT_H 1
| #define HAVE_POLL_H 1
| #define HAVE_SYS_MMAN_H 1
| #define HAVE_SYS_TIMEB_H 1
| #define HAVE_SIGNAL_H 1
| #define HAVE_ARPA_NAMESER_H 1
| #define HAVE_RESOLV_H 1
| #define HAVE_DLFCN_H 1
| #define HAVE_STRFTIME 1
| #define HAVE_STRDUP 1
| #define HAVE_STRNDUP 1
| #define HAVE_STRERROR 1
| #define HAVE_FINITE 1
| #define HAVE_STRFTIME 1
| #define HAVE_LOCALTIME 1
| #define HAVE_GETTIMEOFDAY 1
| #define HAVE_FTIME 1
| #define HAVE_STAT 1
| #define HAVE_SIGNAL 1
| #define HAVE_PRINTF 1
| #define HAVE_SPRINTF 1
| #define HAVE_FPRINTF 1
| #define HAVE_SNPRINTF 1
| #define HAVE_VFPRINTF 1
| #define HAVE_VSPRINTF 1
| #define HAVE_VSNPRINTF 1
| #define HAVE_SSCANF 1
| #define HAVE_VA_COPY 1
| #define XML_SOCKLEN_T socklen_t
| #define SUPPORT_IP6 /**/
| #define HAVE_GETADDRINFO /**/
| #define HAVE_ISNAN /**/
| #define HAVE_ISINF /**/
| /* end confdefs.h.  */
| /* Define shl_load to an innocuous variant, in case <limits.h> declares shl_load.
|    For example, HP-UX 11i <limits.h> declares gettimeofday.  */
| #define shl_load innocuous_shl_load
| 
| /* System header to define __stub macros and hopefully few prototypes,
|    which can conflict with char shl_load (); below.  */
| 
| #include <limits.h>
| #undef shl_load
| 
| /* Override any GCC internal prototype to avoid an error.
|    Use char because int might match the return type of a GCC
|    builtin and then its argument prototype would still apply.  */
| #ifdef __cplusplus
| extern "C"
| #endif
| char shl_load ();
| /* The GNU C library defines this for functions which it implements
|     to always fail with ENOSYS.  Some functions are actually named
|     something starting with __ and the normal name is an alias.  */
| #if defined __stub_shl_load || defined __stub___shl_load
| choke me
| #endif
| 
| int
| main (void)
| {
| return shl_load ();
|   ;
|   return 0;
| }
configure:15640: result: no
configure:15646: checking for shl_load in -ldld
configure:15669: gcc -o conftest -g -O2 -pedantic -W -Wformat -Wunused -Wimplicit -Wreturn-type -Wswitch -Wcomment -Wtrigraphs -Wformat -Wchar-subscripts -Wuninitialized -Wparentheses -Wshadow -Wpointer-arith -Wcast-align -Wwrite-strings -Waggregate-return -Wstrict-prototypes -Wmissing-prototypes -Wnested-externs -Winline -Wredundant-decls   conftest.c -ldld   >&5
conftest.c:83:1: warning: function declaration isn't a prototype [-Wstrict-prototypes]
   83 | char shl_load ();
      | ^~~~
/usr/bin/ld: cannot find -ldld: No such file or directory
collect2: error: ld returned 1 exit status
configure:15669: $? = 1
configure: failed program was:
| /* confdefs.h */
| #define PACKAGE_NAME "libxml2rr"
| #define PACKAGE_TARNAME "libxml2rr"
| #define PACKAGE_VERSION "2.7.8"
| #define PACKAGE_STRING "libxml2rr 2.7.8"
| #define PACKAGE_BUGREPORT ""
| #define PACKAGE_URL ""
| #define PACKAGE "libxml2rr"
| #define VERSION "2.7.8"
| #define HAVE_STDIO_H 1
| #define HAVE_STDLIB_H 1
| #define HAVE_STRING_H 1
| #define HAVE_INTTYPES_H 1
| #define HAVE_STDINT_H 1
| #define HAVE_STRINGS_H 1
| #define HAVE_SYS_STAT_H 1
| #define HAVE_SYS_TYPES_H 1
| #define HAVE_UNISTD_H 1
| #define STDC_HEADERS 1
| #define HAVE_DLFCN_H 1
| #define LT_OBJDIR ".libs/"
| #define HAVE_ZLIB_H 1
| #define HAVE_LIBZ 1
| #define HAVE_DIRENT_H 1
| #define HAVE_FCNTL_H 1
| #define HAVE_UNISTD_H 1
| #define HAVE_CTYPE_H 1
| #define HAVE_DIRENT_H 1
| #define HAVE_ERRNO_H 1
| #define HAVE_MALLOC_H 1
| #define HAVE_STDARG_H 1
| #define HAVE_SYS_STAT_H 1
| #define HAVE_SYS_TYPES_H 1
| #define HAVE_STDINT_H 1
| #define HAVE_TIME_H 1
| #define HAVE_MATH_H 1
| #define HAVE_LIMITS_H 1
| #define HAVE_FLOAT_H 1
| #define HAVE_STDLIB_H 1
| #define HAVE_SYS_SOCKET_H 1
| #define HAVE_NETINET_IN_H 1
| #define HAVE_ARPA_INET_H 1
| #define HAVE_NETDB_H 1
| #define HAVE_SYS_TIME_H 1
| #define HAVE_SYS_SELECT_H 1
| #define HAVE_POLL_H 1
| #define HAVE_SYS_MMAN_H 1
| #define HAVE_SYS_TIMEB_H 1
| #define HAVE_SIGNAL_H 1
| #define HAVE_ARPA_NAMESER_H 1
| #define HAVE_RESOLV_H 1
| #define HAVE_DLFCN_H 1
| #define HAVE_STRFTIME 1
| #define HAVE_STRDUP 1
| #define HAVE_STRNDUP 1
| #define HAVE_STRERROR 1
| #define HAVE_FINITE 1
| #define HAVE_STRFTIME 1
| #define HAVE_LOCALTIME 1
| #define HAVE_GETTIMEOFDAY 1
| #define HAVE_FTIME 1
| #define HAVE_STAT 1
| #define HAVE_SIGNAL 1
| #define HAVE_PRINTF 1
| #define HAVE_SPRINTF 1
| #define HAVE_FPRINTF 1
| #define HAVE_SNPRINTF 1
| #define HAVE_VFPRINTF 1
| #define HAVE_VSPRINTF 1
| #define HAVE_VSNPRINTF 1
| #define HAVE_SSCANF 1
| #define HAVE_VA_COPY 1
| #define XML_SOCKLEN_T socklen_t
| #define SUPPORT_IP6 /**/
| #define HAVE_GETADDRINFO /**/
| #define HAVE_ISNAN /**/
| #define HAVE_ISINF /**/
| /* end confdefs.h.  */
| 
| /* Override any GCC internal prototype to avoid an error.
|    Use char because int might match the return type of a GCC
|    builtin and then its argument prototype would still apply.  */
| char shl_load ();
| int
| main (void)
| {
| return shl_load ();
|   ;
|   return 0;
| }
configure:15679: result: no
configure:15688: checking for dlopen
configure:15688: gcc -o conftest -g -O2 -pedantic -W -Wformat -Wunused -Wimplicit -Wreturn-type -Wswitch -Wcomment -Wtrigraphs -Wformat -Wchar-subscripts -Wuninitialized -Wparentheses -Wshadow -Wpointer-arith -Wcast-align -Wwrite-strings -Waggregate-return -Wstrict-prototypes -Wmissing-prototypes -Wnested-externs -Winline -Wredundant-decls   conftest.c  >&5
conftest.c:95:1: warning: function declaration isn't a prototype [-Wstrict-prototypes]
   95 | char dlopen ();
      | ^~~~
configure:15688: $? = 0
configure:15688: result: yes
configure:15835: checking for pthread.h
configure:15835: gcc -c -g -O2 -pedantic -W -Wformat -Wunused -Wimplicit -Wreturn-type -Wswitch -Wcomment -Wtrigraphs -Wformat -Wchar-subscripts -Wuninitialized -Wparentheses -Wshadow -Wpointer-arith -Wcast-align -Wwrite-strings -Waggregate-return -Wstrict-prototypes -Wmissing-prototypes -Wnested-externs -Winline -Wredundant-decls  conftest.c >&5
configure:15835: $? = 0
configure:15835: result: yes
configure:15838: checking for pthread_join in -lpthread
configure:15861: gcc -o conftest -g -O2 -pedantic -W -Wformat -Wunused -Wimplicit -Wreturn-type -Wswitch -Wcomment -Wtrigraphs -Wformat -Wchar-subscripts -Wuninitialized -Wparentheses -Wshadow -Wpointer-arith -Wcast-align -Wwrite-strings -Waggregate-return -Wstrict-prototypes -Wmissing-prototypes -Wnested-externs -Winline -Wredundant-decls   conftest.c -lpthread   >&5
conftest.c:84:1: warning: function declaration isn't a prototype [-Wstrict-prototypes]
   84 | char pthread_join ();
      | ^~~~
configure:15861: $? = 0
configure:15871: result: yes
configure:16347: checking for iconv.h
configure:16347: gcc -c -g -O2 -pedantic -W -Wformat -Wunused -Wimplicit -Wreturn-type -Wswitch -Wcomment -Wtrigraphs -Wformat -Wchar-subscripts -Wuninitialized -Wparentheses -Wshadow -Wpointer-arith -Wcast-align -Wwrite-strings -Waggregate-return -Wstrict-prototypes -Wmissing-prototypes -Wnested-externs -Winline -Wredundant-decls  conftest.c >&5
configure:16347: $? = 0
configure:16347: result: yes
configure:16350: checking for iconv
configure:16366: gcc -o conftest -g -O2 -pedantic -W -Wformat -Wunused -Wimplicit -Wreturn-type -Wswitch -Wcomment -Wtrigraphs -Wformat -Wchar-subscripts -Wuninitialized -Wparentheses -Wshadow -Wpointer-arith -Wcast-align -Wwrite-strings -Waggregate-return -Wstrict-prototypes -Wmissing-prototypes -Wnested-externs -Winline -Wredundant-decls   conftest.c  >&5
configure:16366: $? = 0
configure:16369: result: yes
configure:16423: checking for iconv declaration
configure:16452: gcc -c -g -O2 -pedantic -W -Wformat -Wunused -Wimplicit -Wreturn-type -Wswitch -Wcomment -Wtrigraphs -Wformat -Wchar-subscripts -Wuninitialized -Wparentheses -Wshadow -Wpointer-arith -Wcast-align -Wwrite-strings -Waggregate-return -Wstrict-prototypes -Wmissing-prototypes -Wnested-externs -Winline -Wredundant-decls  conftest.c >&5
conftest.c:89:8: warning: redundant redeclaration of 'iconv' [-Wredundant-decls]
   89 | size_t iconv (iconv_t cd, char * *inbuf, size_t *inbytesleft, char * *outbuf, size_t *outbytesleft);
      |        ^~~~~
In file included from conftest.c:83:
/usr/include/iconv.h:42:15: note: previous declaration of 'iconv' with type 'size_t(void *, char ** restrict,  size_t * restrict,  char ** restrict,  size_t * restrict)' {aka 'long unsigned int(void *, char ** restrict,  long unsigned int * restrict,  char ** restrict,  long unsigned int * restrict)'}
   42 | extern size_t iconv (iconv_t __cd, char **__restrict __inbuf,
      |               ^~~~~
configure:16452: $? = 0
configure:16463: result: 
	extern size_t iconv (iconv_t cd,  char * *inbuf, size_t *inbytesleft, char * *outbuf, size_t *outbytesleft);
configure:16776: checking that generated files are newer than configure
configure:16782: result: done
configure:16821: creating ./config.status

## ---------------------- ##
## Running config.status. ##
## ---------------------- ##

This file was extended by libxml2rr config.status 2.7.8, which was
generated by GNU Autoconf 2.71.  Invocation command line was

  CONFIG_FILES    = 
  CONFIG_HEADERS  = 
  CONFIG_LINKS    = 
  CONFIG_COMMANDS = 
  $ ./config.status 

on lp

config.status:1277: creating libxml2.spec
config.status:1277: creating Makefile
config.status:1277: creating include/Makefile
config.status:1277: creating include/libxml/Makefile
config.status:1277: creating doc/Makefile
config.status:1277: creating doc/examples/Makefile
config.status:1277: creating doc/devhelp/Makefile
config.status:1277: creating example/Makefile
config.status:1277: creating python/Makefile
config.status:1277: creating python/tests/Makefile
config.status:1277: creating xstc/Makefile
config.status:1277: creating include/libxml/xmlversion.h
config.status:1277: creating xml2-config
config.status:1277: creating libxml-2.0.pc
config.status:1277: creating libxml-2.0-uninstalled.pc
config.status:1277: creating python/setup.py
config.status:1277: creating config.h
config.status:1458: config.h is unchanged
config.status:1506: executing depfiles commands
config.status:1583: cd .       && sed -e '/# am--include-marker/d' Makefile         | make -f - am--depfiles
make: Nothing to be done for 'am--depfiles'.
config.status:1588: $? = 0
config.status:1583: cd doc/examples       && sed -e '/# am--include-marker/d' Makefile         | make -f - am--depfiles
make: Nothing to be done for 'am--depfiles'.
config.status:1588: $? = 0
config.status:1583: cd example       && sed -e '/# am--include-marker/d' Makefile         | make -f - am--depfiles
make: Nothing to be done for 'am--depfiles'.
config.status:1588: $? = 0
config.status:1583: cd python       && sed -e '/# am--include-marker/d' Makefile         | make -f - am--depfiles
make: Nothing to be done for 'am--depfiles'.
config.status:1588: $? = 0
config.status:1506: executing libtool commands

## ---------------- ##
## Cache variables. ##
## ---------------- ##

ac_cv_build=x86_64-pc-linux-gnu
ac_cv_c_compiler_gnu=yes
ac_cv_env_CC_set=
ac_cv_env_CC_value=
ac_cv_env_CFLAGS_set=
ac_cv_env_CFLAGS_value=
ac_cv_env_CPPFLAGS_set=
ac_cv_env_CPPFLAGS_value=
ac_cv_env_CPP_set=
ac_cv_env_CPP_value=
ac_cv_env_LDFLAGS_set=
ac_cv_env_LDFLAGS_value=
ac_cv_env_LIBS_set=
ac_cv_env_LIBS_value=
ac_cv_env_LT_SYS_LIBRARY_PATH_set=
ac_cv_env_LT_SYS_LIBRARY_PATH_value=
ac_cv_env_build_alias_set=
ac_cv_env_build_alias_value=
ac_cv_env_host_alias_set=
ac_cv_env_host_alias_value=
ac_cv_env_target_alias_set=
ac_cv_env_target_alias_value=
ac_cv_func__stat=no
ac_cv_func_class=no
ac_cv_func_dlopen=yes
ac_cv_func_finite=yes
ac_cv_func_fp_class=no
ac_cv_func_fpclass=no
ac_cv_func_fprintf=yes
ac_cv_func_ftime=yes
ac_cv_func_getaddrinfo=yes
ac_cv_func_gettimeofday=yes
ac_cv_func_isinf=yes
ac_cv_func_isnan=yes
ac_cv_func_isnand=no
ac_cv_func_localtime=yes
ac_cv_func_printf=yes
ac_cv_func_shl_load=no
ac_cv_func_signal=yes
ac_cv_func_snprintf=yes
ac_cv_func_sprintf=yes
ac_cv_func_sscanf=yes
ac_cv_func_stat=yes
ac_cv_func_strdup=yes
ac_cv_func_strerror=yes
ac_cv_func_strftime=yes
ac_cv_func_strndup=yes
ac_cv_func_vfprintf=yes
ac_cv_func_vsnprintf=yes
ac_cv_func_vsprintf=yes
ac_cv_header_ansidecl_h=no
ac_cv_header_arpa_inet_h=yes
ac_cv_header_arpa_nameser_h=yes
ac_cv_header_ctype_h=yes
ac_cv_header_dirent_dirent_h=yes
ac_cv_header_dirent_h=yes
ac_cv_header_dl_h=no
ac_cv_header_dlfcn_h=yes
ac_cv_header_errno_h=yes
ac_cv_header_fcntl_h=yes
ac_cv_header_float_h=yes
ac_cv_header_fp_class_h=no
ac_cv_header_iconv_h=yes
ac_cv_header_ieeefp_h=no
ac_cv_header_inttypes_h=yes
ac_cv_header_inttypes_h_h=no
ac_cv_header_limits_h=yes
ac_cv_header_malloc_h=yes
ac_cv_header_math_h=yes
ac_cv_header_nan_h=no
ac_cv_header_netdb_h=yes
ac_cv_header_netinet_in_h=yes
ac_cv_header_poll_h=yes
ac_cv_header_pthread_h=yes
ac_cv_header_resolv_h=yes
ac_cv_header_signal_h=yes
ac_cv_header_stdarg_h=yes
ac_cv_header_stdint_h=yes
ac_cv_header_stdio_h=yes
ac_cv_header_stdlib_h=yes
ac_cv_header_string_h=yes
ac_cv_header_strings_h=yes
ac_cv_header_sys_mman_h=yes
ac_cv_header_sys_select_h=yes
ac_cv_header_sys_socket_h=yes
ac_cv_header_sys_stat_h=yes
ac_cv_header_sys_time_h=yes
ac_cv_header_sys_timeb_h=yes
ac_cv_header_sys_types_h=yes
ac_cv_header_time_h=yes
ac_cv_header_unistd_h=yes
ac_cv_header_zlib_h=yes
ac_cv_host=x86_64-pc-linux-gnu
ac_cv_lib_dld_shl_load=no
ac_cv_lib_pthread_pthread_join=yes
ac_cv_lib_z_gzread=yes
ac_cv_objext=o
ac_cv_path_EGREP='/usr/bin/grep -E'
ac_cv_path_FGREP='/usr/bin/grep -F'
ac_cv_path_GREP=/usr/bin/grep
ac_cv_path_MV=/usr/bin/mv
ac_cv_path_PERL=/usr/bin/perl
ac_cv_path_PYTHON=~/miniconda3/bin/python
ac_cv_path_RM=/usr/bin/rm
ac_cv_path_SED=/usr/bin/sed
ac_cv_path_TAR=/usr/bin/tar
ac_cv_path_WGET=/usr/bin/wget
ac_cv_path_XMLLINT=/opt/Xilinx/Vitis/2021.1/bin/xmllint
ac_cv_path_XSLTPROC=/opt/Xilinx/Vitis/2021.1/bin/xsltproc
ac_cv_path_install='/usr/bin/install -c'
ac_cv_path_lt_DD=/usr/bin/dd
ac_cv_path_mkdir=/usr/bin/mkdir
ac_cv_prog_AWK=gawk
ac_cv_prog_CPP='gcc -E'
ac_cv_prog_ac_ct_AR=ar
ac_cv_prog_ac_ct_CC=gcc
ac_cv_prog_ac_ct_DLLTOOL=dlltool
ac_cv_prog_ac_ct_MANIFEST_TOOL=mt
ac_cv_prog_ac_ct_OBJDUMP=objdump
ac_cv_prog_ac_ct_RANLIB=ranlib
ac_cv_prog_ac_ct_STRIP=strip
ac_cv_prog_cc_c11=
ac_cv_prog_cc_g=yes
ac_cv_prog_cc_stdc=
ac_cv_prog_make_make_set=yes
ac_cv_search_connect='none required'
ac_cv_search_gethostent='none required'
ac_cv_search_opendir='none required'
ac_cv_search_setsockopt='none required'
am_cv_CC_dependencies_compiler_type=gcc3
am_cv_make_support_nested_variables=yes
am_cv_prog_cc_c_o=yes
lt_cv_ar_at_file=@
lt_cv_archive_cmds_need_lc=no
lt_cv_deplibs_check_method=pass_all
lt_cv_file_magic_cmd='$MAGIC_CMD'
lt_cv_file_magic_test_file=
lt_cv_ld_reload_flag=-r
lt_cv_nm_interface='BSD nm'
lt_cv_objdir=.libs
lt_cv_path_LD=/usr/bin/ld
lt_cv_path_NM='/usr/bin/nm -B'
lt_cv_path_mainfest_tool=no
lt_cv_prog_compiler_c_o=yes
lt_cv_prog_compiler_pic='-fPIC -DPIC'
lt_cv_prog_compiler_pic_works=yes
lt_cv_prog_compiler_rtti_exceptions=no
lt_cv_prog_compiler_static_works=yes
lt_cv_prog_gnu_ld=yes
lt_cv_sharedlib_from_linklib_cmd='printf %s\n'
lt_cv_shlibpath_overrides_runpath=yes
lt_cv_sys_global_symbol_pipe='sed -n -e '\''s/^.*[	 ]\([ABCDGIRSTW][ABCDGIRSTW]*\)[	 ][	 ]*\([_A-Za-z][_A-Za-z0-9]*\)$/\1 \2 \2/p'\'' | sed '\''/ __gnu_lto/d'\'''
lt_cv_sys_global_symbol_to_c_name_address='sed -n -e '\''s/^: \(.*\) .*$/  {"\1", (void *) 0},/p'\'' -e '\''s/^[ABCDGIRSTW][ABCDGIRSTW]* .* \(.*\)$/  {"\1", (void *) \&\1},/p'\'''
lt_cv_sys_global_symbol_to_c_name_address_lib_prefix='sed -n -e '\''s/^: \(.*\) .*$/  {"\1", (void *) 0},/p'\'' -e '\''s/^[ABCDGIRSTW][ABCDGIRSTW]* .* \(lib.*\)$/  {"\1", (void *) \&\1},/p'\'' -e '\''s/^[ABCDGIRSTW][ABCDGIRSTW]* .* \(.*\)$/  {"lib\1", (void *) \&\1},/p'\'''
lt_cv_sys_global_symbol_to_cdecl='sed -n -e '\''s/^T .* \(.*\)$/extern int \1();/p'\'' -e '\''s/^[ABCDGIRSTW][ABCDGIRSTW]* .* \(.*\)$/extern char \1;/p'\'''
lt_cv_sys_global_symbol_to_import=
lt_cv_sys_max_cmd_len=1572864
lt_cv_to_host_file_cmd=func_convert_file_noop
lt_cv_to_tool_file_cmd=func_convert_file_noop
lt_cv_truncate_bin='/usr/bin/dd bs=4096 count=1'
xml_cv_iconv_arg2=
xml_cv_iconv_decl='extern size_t iconv (iconv_t cd,  char * *inbuf, size_t *inbytesleft, char * *outbuf, size_t *outbytesleft);'

## ----------------- ##
## Output variables. ##
## ----------------- ##

ACLOCAL='${SHELL} '\''~/Software_Old/generalserver/src/installations/libxml2-rr/missing'\'' aclocal-1.16'
AMDEPBACKSLASH='\'
AMDEP_FALSE='#'
AMDEP_TRUE=''
AMTAR='$${TAR-tar}'
AM_BACKSLASH='\'
AM_DEFAULT_V='$(AM_DEFAULT_VERBOSITY)'
AM_DEFAULT_VERBOSITY='1'
AM_V='$(V)'
AR='ar'
AS='as'
AUTOCONF='${SHELL} '\''~/Software_Old/generalserver/src/installations/libxml2-rr/missing'\'' autoconf'
AUTOHEADER='${SHELL} '\''~/Software_Old/generalserver/src/installations/libxml2-rr/missing'\'' autoheader'
AUTOMAKE='${SHELL} '\''~/Software_Old/generalserver/src/installations/libxml2-rr/missing'\'' automake-1.16'
AWK='gawk'
BASE_THREAD_LIBS='-lpthread'
C14N_OBJ='c14n.c'
CATALOG_OBJ='catalog.o'
CC='gcc'
CCDEPMODE='depmode=gcc3'
CFLAGS='-g -O2 -pedantic -W -Wformat -Wunused -Wimplicit -Wreturn-type -Wswitch -Wcomment -Wtrigraphs -Wformat -Wchar-subscripts -Wuninitialized -Wparentheses -Wshadow -Wpointer-arith -Wcast-align -Wwrite-strings -Waggregate-return -Wstrict-prototypes -Wmissing-prototypes -Wnested-externs -Winline -Wredundant-decls'
CPP='gcc -E'
CPPFLAGS=''
CSCOPE='cscope'
CTAGS='ctags'
CYGPATH_W='echo'
CYGWIN_EXTRA_LDFLAGS=''
CYGWIN_EXTRA_PYTHON_LIBADD=''
DEBUG_OBJ=''
DEFS='-DHAVE_CONFIG_H'
DEPDIR='.deps'
DLLTOOL='dlltool'
DOCB_OBJ='DOCBparser.o'
DSYMUTIL=''
DUMPBIN=''
ECHO_C=''
ECHO_N='-n'
ECHO_T=''
EGREP='/usr/bin/grep -E'
ETAGS='etags'
EXEEXT=''
FGREP='/usr/bin/grep -F'
FTP_OBJ='nanoftp.o'
GREP='/usr/bin/grep'
HAVE_ISINF=''
HAVE_ISNAN=''
HTML_DIR='$(datadir)/doc/$(PACKAGE)-$(VERSION)/html'
HTML_OBJ='HTMLparser.o HTMLtree.o'
HTTP_OBJ='nanohttp.o'
ICONV_LIBS=''
INSTALL_DATA='${INSTALL} -m 644'
INSTALL_PROGRAM='${INSTALL}'
INSTALL_SCRIPT='${INSTALL}'
INSTALL_STRIP_PROGRAM='$(install_sh) -c -s'
LD='/usr/bin/ld -m elf_x86_64'
LDFLAGS=''
LIBOBJS=''
LIBS=''
LIBTOOL='$(SHELL) $(top_builddir)/libtool'
LIBXML_MAJOR_VERSION='2'
LIBXML_MICRO_VERSION='8'
LIBXML_MINOR_VERSION='7'
LIBXML_VERSION='2.7.8'
LIBXML_VERSION_EXTRA=''
LIBXML_VERSION_INFO='9:8:7'
LIBXML_VERSION_NUMBER='20708'
LIPO=''
LN_S='ln -s'
LTLIBOBJS=''
LT_SYS_LIBRARY_PATH=''
MAKEINFO='${SHELL} '\''~/Software_Old/generalserver/src/installations/libxml2-rr/missing'\'' makeinfo'
MANIFEST_TOOL=':'
MKDIR_P='/usr/bin/mkdir -p'
MODULE_EXTENSION='.so'
MODULE_PLATFORM_LIBS=''
MV='/usr/bin/mv'
M_LIBS='-lm'
NM='/usr/bin/nm -B'
NMEDIT=''
OBJDUMP='objdump'
OBJEXT='o'
OTOOL64=''
OTOOL=''
PACKAGE='libxml2rr'
PACKAGE_BUGREPORT=''
PACKAGE_NAME='libxml2rr'
PACKAGE_STRING='libxml2rr 2.7.8'
PACKAGE_TARNAME='libxml2rr'
PACKAGE_URL=''
PACKAGE_VERSION='2.7.8'
PATH_SEPARATOR=':'
PERL='/usr/bin/perl'
PYTHON='~/miniconda3/bin/python'
PYTHON_INCLUDES=''
PYTHON_LIBS='-L~/miniconda3/lib/python3.9/config-3.9-x86_64-linux-gnu -L~/miniconda3/lib  -lcrypt -lpthread -ldl  -lutil -lm -lm '
PYTHON_SITE_PACKAGES='~/miniconda3/lib/python3.9/site-packages'
PYTHON_SUBDIR=''
PYTHON_TESTS=''
PYTHON_VERSION='3.9'
RANLIB='ranlib'
RDL_LIBS=''
READER_TEST='Readertests'
REBUILD_DOCS_FALSE=''
REBUILD_DOCS_TRUE='#'
RELDATE='Mon Nov 21 2022'
RM='/usr/bin/rm'
SED='/usr/bin/sed'
SET_MAKE=''
SHELL='/bin/bash'
STATIC_BINARIES=''
STRIP='strip'
TAR='/usr/bin/tar'
TEST_C14N='C14Ntests'
TEST_CATALOG='Catatests'
TEST_DEBUG=''
TEST_HTML='HTMLtests'
TEST_MODULES='ModuleTests'
TEST_PATTERN='Patterntests'
TEST_PHTML='HTMLPushtests'
TEST_PUSH='XMLPushtests'
TEST_REGEXPS='Regexptests Automatatests'
TEST_SAX='SAXtests'
TEST_SCHEMAS='Schemastests Relaxtests'
TEST_SCHEMATRON='Schematrontests'
TEST_THREADS='Threadtests'
TEST_VALID='Validtests'
TEST_VTIME='VTimingtests'
TEST_XINCLUDE='XIncludetests'
TEST_XPATH='XPathtests'
TEST_XPTR='XPtrtests'
THREADS_W32=''
THREAD_CFLAGS=' -D_REENTRANT'
THREAD_LIBS='-lpthread'
USE_VERSION_SCRIPT_FALSE=''
USE_VERSION_SCRIPT_TRUE='#'
VERSION='2.7.8'
VERSION_SCRIPT_FLAGS='-Wl,--version-script='
WGET='/usr/bin/wget'
WIN32_EXTRA_LDFLAGS=''
WIN32_EXTRA_LIBADD=''
WIN32_EXTRA_PYTHON_LIBADD=''
WITH_C14N='1'
WITH_CATALOG='1'
WITH_DEBUG='0'
WITH_DOCB='1'
WITH_FTP='1'
WITH_HTML='1'
WITH_HTTP='1'
WITH_ICONV='1'
WITH_ICU='0'
WITH_ISO8859X='1'
WITH_LEGACY='1'
WITH_LOCKING='1'
WITH_MEM_DEBUG='0'
WITH_MODULES='1'
WITH_OUTPUT='1'
WITH_PATTERN='1'
WITH_PUSH='1'
WITH_PYTHON_FALSE=''
WITH_PYTHON_TRUE='#'
WITH_READER='1'
WITH_REGEXPS='1'
WITH_RUN_DEBUG='0'
WITH_SAX1='1'
WITH_SCHEMAS='1'
WITH_SCHEMATRON='1'
WITH_THREADS='1'
WITH_TREE='1'
WITH_TRIO='0'
WITH_TRIO_SOURCES_FALSE=''
WITH_TRIO_SOURCES_TRUE='#'
WITH_VALID='1'
WITH_WRITER='1'
WITH_XINCLUDE='1'
WITH_XPATH='1'
WITH_XPTR='1'
WITH_ZLIB='1'
XINCLUDE_OBJ='xinclude.o'
XMLLINT='/opt/Xilinx/Vitis/2021.1/bin/xmllint'
XML_CFLAGS=''
XML_INCLUDEDIR='-I${includedir}/libxml2'
XML_LIBDIR='-L${libdir}'
XML_LIBS='-lxml2rr -lz -lpthread  -lm '
XML_LIBTOOLLIBS='libxml2rr.la'
XPATH_OBJ='xpath.o'
XPTR_OBJ='xpointer.o'
XSLTPROC='/opt/Xilinx/Vitis/2021.1/bin/xsltproc'
Z_CFLAGS=''
Z_LIBS='-lz'
ac_ct_AR='ar'
ac_ct_CC='gcc'
ac_ct_DUMPBIN=''
am__EXEEXT_FALSE=''
am__EXEEXT_TRUE='#'
am__fastdepCC_FALSE='#'
am__fastdepCC_TRUE=''
am__include='include'
am__isrc=''
am__leading_dot='.'
am__nodep='_no'
am__quote=''
am__tar='$${TAR-tar} chof - "$$tardir"'
am__untar='$${TAR-tar} xf -'
bindir='${exec_prefix}/bin'
build='x86_64-pc-linux-gnu'
build_alias=''
build_cpu='x86_64'
build_os='linux-gnu'
build_vendor='pc'
datadir='${datarootdir}'
datarootdir='${prefix}/share'
docdir='${datarootdir}/doc/${PACKAGE_TARNAME}'
dvidir='${docdir}'
exec_prefix='${prefix}'
host='x86_64-pc-linux-gnu'
host_alias=''
host_cpu='x86_64'
host_os='linux-gnu'
host_vendor='pc'
htmldir='${docdir}'
includedir='${prefix}/include'
infodir='${datarootdir}/info'
install_sh='${SHELL} ~/Software_Old/generalserver/src/installations/libxml2-rr/install-sh'
libdir='${exec_prefix}/lib'
libexecdir='${exec_prefix}/libexec'
localedir='${datarootdir}/locale'
localstatedir='${prefix}/var'
mandir='${datarootdir}/man'
mkdir_p='$(MKDIR_P)'
oldincludedir='/usr/include'
pdfdir='${docdir}'
prefix='/usr/local'
program_transform_name='s,x,x,'
psdir='${docdir}'
pythondir='$(libdir)/python$(PYTHON_VERSION)/site-packages'
runstatedir='${localstatedir}/run'
sbindir='${exec_prefix}/sbin'
sharedstatedir='${prefix}/com'
sysconfdir='${prefix}/etc'
target_alias=''

## ----------- ##
## confdefs.h. ##
## ----------- ##

/* confdefs.h */
#define PACKAGE_NAME "libxml2rr"
#define PACKAGE_TARNAME "libxml2rr"
#define PACKAGE_VERSION "2.7.8"
#define PACKAGE_STRING "libxml2rr 2.7.8"
#define PACKAGE_BUGREPORT ""
#define PACKAGE_URL ""
#define PACKAGE "libxml2rr"
#define VERSION "2.7.8"
#define HAVE_STDIO_H 1
#define HAVE_STDLIB_H 1
#define HAVE_STRING_H 1
#define HAVE_INTTYPES_H 1
#define HAVE_STDINT_H 1
#define HAVE_STRINGS_H 1
#define HAVE_SYS_STAT_H 1
#define HAVE_SYS_TYPES_H 1
#define HAVE_UNISTD_H 1
#define STDC_HEADERS 1
#define HAVE_DLFCN_H 1
#define LT_OBJDIR ".libs/"
#define HAVE_ZLIB_H 1
#define HAVE_LIBZ 1
#define HAVE_DIRENT_H 1
#define HAVE_FCNTL_H 1
#define HAVE_UNISTD_H 1
#define HAVE_CTYPE_H 1
#define HAVE_DIRENT_H 1
#define HAVE_ERRNO_H 1
#define HAVE_MALLOC_H 1
#define HAVE_STDARG_H 1
#define HAVE_SYS_STAT_H 1
#define HAVE_SYS_TYPES_H 1
#define HAVE_STDINT_H 1
#define HAVE_TIME_H 1
#define HAVE_MATH_H 1
#define HAVE_LIMITS_H 1
#define HAVE_FLOAT_H 1
#define HAVE_STDLIB_H 1
#define HAVE_SYS_SOCKET_H 1
#define HAVE_NETINET_IN_H 1
#define HAVE_ARPA_INET_H 1
#define HAVE_NETDB_H 1
#define HAVE_SYS_TIME_H 1
#define HAVE_SYS_SELECT_H 1
#define HAVE_POLL_H 1
#define HAVE_SYS_MMAN_H 1
#define HAVE_SYS_TIMEB_H 1
#define HAVE_SIGNAL_H 1
#define HAVE_ARPA_NAMESER_H 1
#define HAVE_RESOLV_H 1
#define HAVE_DLFCN_H 1
#define HAVE_STRFTIME 1
#define HAVE_STRDUP 1
#define HAVE_STRNDUP 1
#define HAVE_STRERROR 1
#define HAVE_FINITE 1
#define HAVE_STRFTIME 1
#define HAVE_LOCALTIME 1
#define HAVE_GETTIMEOFDAY 1
#define HAVE_FTIME 1
#define HAVE_STAT 1
#define HAVE_SIGNAL 1
#define HAVE_PRINTF 1
#define HAVE_SPRINTF 1
#define HAVE_FPRINTF 1
#define HAVE_SNPRINTF 1
#define HAVE_VFPRINTF 1
#define HAVE_VSPRINTF 1
#define HAVE_VSNPRINTF 1
#define HAVE_SSCANF 1
#define HAVE_VA_COPY 1
#define XML_SOCKLEN_T socklen_t
#define SUPPORT_IP6 /**/
#define HAVE_GETADDRINFO /**/
#define HAVE_ISNAN /**/
#define HAVE_ISINF /**/
#define HAVE_DLOPEN /**/
#define HAVE_LIBPTHREAD /**/
#define HAVE_PTHREAD_H /**/
#define ICONV_CONST 

configure: exit 0
