This file contains any messages produced by compilers while
running configure, to aid debugging if configure makes a mistake.

It was created by libxsltrr configure 1.1.26, which was
generated by GNU Autoconf 2.71.  Invocation command line was

  $ ./configure

## --------- ##
## Platform. ##
## --------- ##

hostname = lp
uname -m = x86_64
uname -r = 5.15.0-53-generic
uname -s = Linux
uname -v = #59-Ubuntu SMP Mon Oct 17 18:53:30 UTC 2022

/usr/bin/uname -p = x86_64
/bin/uname -X     = unknown

/bin/arch              = x86_64
/usr/bin/arch -k       = unknown
/usr/convex/getsysinfo = unknown
/usr/bin/hostinfo      = unknown
/bin/machine           = unknown
/usr/bin/oslevel       = unknown
/bin/universe          = unknown

PATH: /opt/Xilinx/Vitis_HLS/2021.1/bin/
PATH: /opt/Xilinx/Model_Composer/2021.1/bin/
PATH: /opt/Xilinx/Vitis/2021.1/bin/
PATH: /opt/Xilinx/Vitis/2021.1/gnu/microblaze/lin/bin/
PATH: /opt/Xilinx/Vitis/2021.1/gnu/arm/lin/bin/
PATH: /opt/Xilinx/Vitis/2021.1/gnu/microblaze/linux_toolchain/lin64_le/bin/
PATH: /opt/Xilinx/Vitis/2021.1/gnu/aarch32/lin/gcc-arm-linux-gnueabi/bin/
PATH: /opt/Xilinx/Vitis/2021.1/gnu/aarch32/lin/gcc-arm-none-eabi/bin/
PATH: /opt/Xilinx/Vitis/2021.1/gnu/aarch64/lin/aarch64-linux/bin/
PATH: /opt/Xilinx/Vitis/2021.1/gnu/aarch64/lin/aarch64-none/bin/
PATH: /opt/Xilinx/Vitis/2021.1/gnu/armr5/lin/gcc-arm-none-eabi/bin/
PATH: /opt/Xilinx/Vitis/2021.1/tps/lnx64/cmake-3.3.2/bin/
PATH: /opt/Xilinx/Vitis/2021.1/aietools/bin/
PATH: /opt/Xilinx/Vivado/2021.1/bin/
PATH: /opt/Xilinx/DocNav/
PATH: /opt/Xilinx/Vitis_HLS/2021.1/bin/
PATH: /opt/Xilinx/Model_Composer/2021.1/bin/
PATH: /opt/Xilinx/Vitis/2021.1/bin/
PATH: /opt/Xilinx/Vitis/2021.1/gnu/microblaze/lin/bin/
PATH: /opt/Xilinx/Vitis/2021.1/gnu/arm/lin/bin/
PATH: /opt/Xilinx/Vitis/2021.1/gnu/microblaze/linux_toolchain/lin64_le/bin/
PATH: /opt/Xilinx/Vitis/2021.1/gnu/aarch32/lin/gcc-arm-linux-gnueabi/bin/
PATH: /opt/Xilinx/Vitis/2021.1/gnu/aarch32/lin/gcc-arm-none-eabi/bin/
PATH: /opt/Xilinx/Vitis/2021.1/gnu/aarch64/lin/aarch64-linux/bin/
PATH: /opt/Xilinx/Vitis/2021.1/gnu/aarch64/lin/aarch64-none/bin/
PATH: /opt/Xilinx/Vitis/2021.1/gnu/armr5/lin/gcc-arm-none-eabi/bin/
PATH: /opt/Xilinx/Vitis/2021.1/tps/lnx64/cmake-3.3.2/bin/
PATH: /opt/Xilinx/Vitis/2021.1/aietools/bin/
PATH: /opt/Xilinx/Vivado/2021.1/bin/
PATH: /opt/Xilinx/DocNav/
PATH: ~/.local/bin/
PATH: ~/miniconda3/bin/
PATH: ~/miniconda3/condabin/
PATH: ~/miniconda3/bin/
PATH: /opt/Xilinx/Vitis_HLS/2021.1/bin/
PATH: /opt/Xilinx/Model_Composer/2021.1/bin/
PATH: /opt/Xilinx/Vitis/2021.1/bin/
PATH: /opt/Xilinx/Vitis/2021.1/gnu/microblaze/lin/bin/
PATH: /opt/Xilinx/Vitis/2021.1/gnu/arm/lin/bin/
PATH: /opt/Xilinx/Vitis/2021.1/gnu/microblaze/linux_toolchain/lin64_le/bin/
PATH: /opt/Xilinx/Vitis/2021.1/gnu/aarch32/lin/gcc-arm-linux-gnueabi/bin/
PATH: /opt/Xilinx/Vitis/2021.1/gnu/aarch32/lin/gcc-arm-none-eabi/bin/
PATH: /opt/Xilinx/Vitis/2021.1/gnu/aarch64/lin/aarch64-linux/bin/
PATH: /opt/Xilinx/Vitis/2021.1/gnu/aarch64/lin/aarch64-none/bin/
PATH: /opt/Xilinx/Vitis/2021.1/gnu/armr5/lin/gcc-arm-none-eabi/bin/
PATH: /opt/Xilinx/Vitis/2021.1/tps/lnx64/cmake-3.3.2/bin/
PATH: /opt/Xilinx/Vitis/2021.1/aietools/bin/
PATH: /opt/Xilinx/Vivado/2021.1/bin/
PATH: /opt/Xilinx/DocNav/
PATH: /opt/Xilinx/Vitis_HLS/2021.1/bin/
PATH: /opt/Xilinx/Model_Composer/2021.1/bin/
PATH: /opt/Xilinx/Vitis/2021.1/bin/
PATH: /opt/Xilinx/Vitis/2021.1/gnu/microblaze/lin/bin/
PATH: /opt/Xilinx/Vitis/2021.1/gnu/arm/lin/bin/
PATH: /opt/Xilinx/Vitis/2021.1/gnu/microblaze/linux_toolchain/lin64_le/bin/
PATH: /opt/Xilinx/Vitis/2021.1/gnu/aarch32/lin/gcc-arm-linux-gnueabi/bin/
PATH: /opt/Xilinx/Vitis/2021.1/gnu/aarch32/lin/gcc-arm-none-eabi/bin/
PATH: /opt/Xilinx/Vitis/2021.1/gnu/aarch64/lin/aarch64-linux/bin/
PATH: /opt/Xilinx/Vitis/2021.1/gnu/aarch64/lin/aarch64-none/bin/
PATH: /opt/Xilinx/Vitis/2021.1/gnu/armr5/lin/gcc-arm-none-eabi/bin/
PATH: /opt/Xilinx/Vitis/2021.1/tps/lnx64/cmake-3.3.2/bin/
PATH: /opt/Xilinx/Vitis/2021.1/aietools/bin/
PATH: /opt/Xilinx/Vivado/2021.1/bin/
PATH: /opt/Xilinx/DocNav/
PATH: /usr/local/sbin/
PATH: /usr/local/bin/
PATH: /usr/sbin/
PATH: /usr/bin/
PATH: /sbin/
PATH: /bin/
PATH: /usr/games/
PATH: /usr/local/games/
PATH: /snap/bin/
PATH: ~/Android/Sdk/cmdline-tools/latest/bin/
PATH: /usr/local/cuda-11.4/bin/
PATH: /usr/local/MATLAB/R2021b/bin/
PATH: /usr/lib/libreoffice/program/
PATH: ~/Android/Sdk/cmdline-tools/latest/bin/
PATH: /usr/local/cuda-11.4/bin/
PATH: /usr/local/MATLAB/R2021b/bin/
PATH: /usr/lib/libreoffice/program/


## ----------- ##
## Core tests. ##
## ----------- ##

configure:2491: looking for aux files: ltmain.sh missing install-sh compile config.guess config.sub
configure:2504:  trying ./
configure:2533:   ./ltmain.sh found
configure:2533:   ./missing found
configure:2515:   ./install-sh found
configure:2533:   ./compile found
configure:2533:   ./config.guess found
configure:2533:   ./config.sub found
configure:2653: checking build system type
configure:2668: result: x86_64-pc-linux-gnu
configure:2688: checking host system type
configure:2702: result: x86_64-pc-linux-gnu
configure:2788: checking for gcc
configure:2809: found /usr/bin/gcc
configure:2820: result: gcc
configure:3173: checking for C compiler version
configure:3182: gcc --version >&5
gcc (Ubuntu 11.3.0-1ubuntu1~22.04) 11.3.0
Copyright (C) 2021 Free Software Foundation, Inc.
This is free software; see the source for copying conditions.  There is NO
warranty; not even for MERCHANTABILITY or FITNESS FOR A PARTICULAR PURPOSE.

configure:3193: $? = 0
configure:3182: gcc -v >&5
Using built-in specs.
COLLECT_GCC=gcc
COLLECT_LTO_WRAPPER=/usr/lib/gcc/x86_64-linux-gnu/11/lto-wrapper
OFFLOAD_TARGET_NAMES=nvptx-none:amdgcn-amdhsa
OFFLOAD_TARGET_DEFAULT=1
Target: x86_64-linux-gnu
Configured with: ../src/configure -v --with-pkgversion='Ubuntu 11.3.0-1ubuntu1~22.04' --with-bugurl=file:///usr/share/doc/gcc-11/README.Bugs --enable-languages=c,ada,c++,go,brig,d,fortran,objc,obj-c++,m2 --prefix=/usr --with-gcc-major-version-only --program-suffix=-11 --program-prefix=x86_64-linux-gnu- --enable-shared --enable-linker-build-id --libexecdir=/usr/lib --without-included-gettext --enable-threads=posix --libdir=/usr/lib --enable-nls --enable-bootstrap --enable-clocale=gnu --enable-libstdcxx-debug --enable-libstdcxx-time=yes --with-default-libstdcxx-abi=new --enable-gnu-unique-object --disable-vtable-verify --enable-plugin --enable-default-pie --with-system-zlib --enable-libphobos-checking=release --with-target-system-zlib=auto --enable-objc-gc=auto --enable-multiarch --disable-werror --enable-cet --with-arch-32=i686 --with-abi=m64 --with-multilib-list=m32,m64,mx32 --enable-multilib --with-tune=generic --enable-offload-targets=nvptx-none=/build/gcc-11-xKiWfi/gcc-11-11.3.0/debian/tmp-nvptx/usr,amdgcn-amdhsa=/build/gcc-11-xKiWfi/gcc-11-11.3.0/debian/tmp-gcn/usr --without-cuda-driver --enable-checking=release --build=x86_64-linux-gnu --host=x86_64-linux-gnu --target=x86_64-linux-gnu --with-build-config=bootstrap-lto-lean --enable-link-serialization=2
Thread model: posix
Supported LTO compression algorithms: zlib zstd
gcc version 11.3.0 (Ubuntu 11.3.0-1ubuntu1~22.04) 
... rest of stderr output deleted ...
configure:3193: $? = 0
configure:3182: gcc -V >&5
gcc: error: unrecognized command-line option '-V'
gcc: fatal error: no input files
compilation terminated.
configure:3193: $? = 1
configure:3182: gcc -qversion >&5
gcc: error: unrecognized command-line option '-qversion'; did you mean '--version'?
gcc: fatal error: no input files
compilation terminated.
configure:3193: $? = 1
configure:3182: gcc -version >&5
gcc: error: unrecognized command-line option '-version'
gcc: fatal error: no input files
compilation terminated.
configure:3193: $? = 1
configure:3213: checking whether the C compiler works
configure:3235: gcc    conftest.c  >&5
configure:3239: $? = 0
configure:3289: result: yes
configure:3292: checking for C compiler default output file name
configure:3294: result: a.out
configure:3300: checking for suffix of executables
configure:3307: gcc -o conftest    conftest.c  >&5
configure:3311: $? = 0
configure:3334: result: 
configure:3356: checking whether we are cross compiling
configure:3364: gcc -o conftest    conftest.c  >&5
configure:3368: $? = 0
configure:3375: ./conftest
configure:3379: $? = 0
configure:3394: result: no
configure:3399: checking for suffix of object files
configure:3422: gcc -c   conftest.c >&5
configure:3426: $? = 0
configure:3448: result: o
configure:3452: checking whether the compiler supports GNU C
configure:3472: gcc -c   conftest.c >&5
configure:3472: $? = 0
configure:3482: result: yes
configure:3493: checking whether gcc accepts -g
configure:3514: gcc -c -g  conftest.c >&5
configure:3514: $? = 0
configure:3558: result: yes
configure:3578: checking for gcc option to enable C11 features
configure:3593: gcc  -c -g -O2  conftest.c >&5
configure:3593: $? = 0
configure:3611: result: none needed
configure:3727: checking whether gcc understands -c and -o together
configure:3750: gcc -c conftest.c -o conftest2.o
configure:3753: $? = 0
configure:3750: gcc -c conftest.c -o conftest2.o
configure:3753: $? = 0
configure:3765: result: yes
configure:3787: checking for stdio.h
configure:3787: gcc -c -g -O2  conftest.c >&5
configure:3787: $? = 0
configure:3787: result: yes
configure:3787: checking for stdlib.h
configure:3787: gcc -c -g -O2  conftest.c >&5
configure:3787: $? = 0
configure:3787: result: yes
configure:3787: checking for string.h
configure:3787: gcc -c -g -O2  conftest.c >&5
configure:3787: $? = 0
configure:3787: result: yes
configure:3787: checking for inttypes.h
configure:3787: gcc -c -g -O2  conftest.c >&5
configure:3787: $? = 0
configure:3787: result: yes
configure:3787: checking for stdint.h
configure:3787: gcc -c -g -O2  conftest.c >&5
configure:3787: $? = 0
configure:3787: result: yes
configure:3787: checking for strings.h
configure:3787: gcc -c -g -O2  conftest.c >&5
configure:3787: $? = 0
configure:3787: result: yes
configure:3787: checking for sys/stat.h
configure:3787: gcc -c -g -O2  conftest.c >&5
configure:3787: $? = 0
configure:3787: result: yes
configure:3787: checking for sys/types.h
configure:3787: gcc -c -g -O2  conftest.c >&5
configure:3787: $? = 0
configure:3787: result: yes
configure:3787: checking for unistd.h
configure:3787: gcc -c -g -O2  conftest.c >&5
configure:3787: $? = 0
configure:3787: result: yes
configure:3787: checking for wchar.h
configure:3787: gcc -c -g -O2  conftest.c >&5
configure:3787: $? = 0
configure:3787: result: yes
configure:3787: checking for minix/config.h
configure:3787: gcc -c -g -O2  conftest.c >&5
conftest.c:47:10: fatal error: minix/config.h: No such file or directory
   47 | #include <minix/config.h>
      |          ^~~~~~~~~~~~~~~~
compilation terminated.
configure:3787: $? = 1
configure: failed program was:
| /* confdefs.h */
| #define PACKAGE_NAME "libxsltrr"
| #define PACKAGE_TARNAME "libxsltrr"
| #define PACKAGE_VERSION "1.1.26"
| #define PACKAGE_STRING "libxsltrr 1.1.26"
| #define PACKAGE_BUGREPORT ""
| #define PACKAGE_URL ""
| #define HAVE_STDIO_H 1
| #define HAVE_STDLIB_H 1
| #define HAVE_STRING_H 1
| #define HAVE_INTTYPES_H 1
| #define HAVE_STDINT_H 1
| #define HAVE_STRINGS_H 1
| #define HAVE_SYS_STAT_H 1
| #define HAVE_SYS_TYPES_H 1
| #define HAVE_UNISTD_H 1
| #define HAVE_WCHAR_H 1
| /* end confdefs.h.  */
| #include <stddef.h>
| #ifdef HAVE_STDIO_H
| # include <stdio.h>
| #endif
| #ifdef HAVE_STDLIB_H
| # include <stdlib.h>
| #endif
| #ifdef HAVE_STRING_H
| # include <string.h>
| #endif
| #ifdef HAVE_INTTYPES_H
| # include <inttypes.h>
| #endif
| #ifdef HAVE_STDINT_H
| # include <stdint.h>
| #endif
| #ifdef HAVE_STRINGS_H
| # include <strings.h>
| #endif
| #ifdef HAVE_SYS_TYPES_H
| # include <sys/types.h>
| #endif
| #ifdef HAVE_SYS_STAT_H
| # include <sys/stat.h>
| #endif
| #ifdef HAVE_UNISTD_H
| # include <unistd.h>
| #endif
| #include <minix/config.h>
configure:3787: result: no
configure:3818: checking whether it is safe to define __EXTENSIONS__
configure:3837: gcc -c -g -O2  conftest.c >&5
configure:3837: $? = 0
configure:3845: result: yes
configure:3848: checking whether _XOPEN_SOURCE should be defined
configure:3870: gcc -c -g -O2  conftest.c >&5
configure:3870: $? = 0
configure:3897: result: no
configure:4044: checking for a BSD-compatible install
configure:4117: result: /usr/bin/install -c
configure:4128: checking whether build environment is sane
configure:4183: result: yes
configure:4338: checking for a race-free mkdir -p
configure:4382: result: /usr/bin/mkdir -p
configure:4389: checking for gawk
configure:4410: found /usr/bin/gawk
configure:4421: result: gawk
configure:4432: checking whether make sets $(MAKE)
configure:4455: result: yes
configure:4477: checking whether make supports the include directive
configure:4492: make -f confmf.GNU && cat confinc.out
this is the am__doit target
configure:4495: $? = 0
configure:4514: result: yes (GNU style)
configure:4549: checking whether make supports nested variables
configure:4567: result: yes
configure:4648: checking dependency style of gcc
configure:4760: result: gcc3
configure:4859: checking for library containing strerror
configure:4889: gcc -o conftest -g -O2   conftest.c  >&5
configure:4889: $? = 0
configure:4909: result: none required
configure:4971: checking for gcc
configure:5003: result: gcc
configure:5356: checking for C compiler version
configure:5365: gcc --version >&5
gcc (Ubuntu 11.3.0-1ubuntu1~22.04) 11.3.0
Copyright (C) 2021 Free Software Foundation, Inc.
This is free software; see the source for copying conditions.  There is NO
warranty; not even for MERCHANTABILITY or FITNESS FOR A PARTICULAR PURPOSE.

configure:5376: $? = 0
configure:5365: gcc -v >&5
Using built-in specs.
COLLECT_GCC=gcc
COLLECT_LTO_WRAPPER=/usr/lib/gcc/x86_64-linux-gnu/11/lto-wrapper
OFFLOAD_TARGET_NAMES=nvptx-none:amdgcn-amdhsa
OFFLOAD_TARGET_DEFAULT=1
Target: x86_64-linux-gnu
Configured with: ../src/configure -v --with-pkgversion='Ubuntu 11.3.0-1ubuntu1~22.04' --with-bugurl=file:///usr/share/doc/gcc-11/README.Bugs --enable-languages=c,ada,c++,go,brig,d,fortran,objc,obj-c++,m2 --prefix=/usr --with-gcc-major-version-only --program-suffix=-11 --program-prefix=x86_64-linux-gnu- --enable-shared --enable-linker-build-id --libexecdir=/usr/lib --without-included-gettext --enable-threads=posix --libdir=/usr/lib --enable-nls --enable-bootstrap --enable-clocale=gnu --enable-libstdcxx-debug --enable-libstdcxx-time=yes --with-default-libstdcxx-abi=new --enable-gnu-unique-object --disable-vtable-verify --enable-plugin --enable-default-pie --with-system-zlib --enable-libphobos-checking=release --with-target-system-zlib=auto --enable-objc-gc=auto --enable-multiarch --disable-werror --enable-cet --with-arch-32=i686 --with-abi=m64 --with-multilib-list=m32,m64,mx32 --enable-multilib --with-tune=generic --enable-offload-targets=nvptx-none=/build/gcc-11-xKiWfi/gcc-11-11.3.0/debian/tmp-nvptx/usr,amdgcn-amdhsa=/build/gcc-11-xKiWfi/gcc-11-11.3.0/debian/tmp-gcn/usr --without-cuda-driver --enable-checking=release --build=x86_64-linux-gnu --host=x86_64-linux-gnu --target=x86_64-linux-gnu --with-build-config=bootstrap-lto-lean --enable-link-serialization=2
Thread model: posix
Supported LTO compression algorithms: zlib zstd
gcc version 11.3.0 (Ubuntu 11.3.0-1ubuntu1~22.04) 
... rest of stderr output deleted ...
configure:5376: $? = 0
configure:5365: gcc -V >&5
gcc: error: unrecognized command-line option '-V'
gcc: fatal error: no input files
compilation terminated.
configure:5376: $? = 1
configure:5365: gcc -qversion >&5
gcc: error: unrecognized command-line option '-qversion'; did you mean '--version'?
gcc: fatal error: no input files
compilation terminated.
configure:5376: $? = 1
configure:5365: gcc -version >&5
gcc: error: unrecognized command-line option '-version'
gcc: fatal error: no input files
compilation terminated.
configure:5376: $? = 1
configure:5380: checking whether the compiler supports GNU C
configure:5410: result: yes
configure:5421: checking whether gcc accepts -g
configure:5486: result: yes
configure:5506: checking for gcc option to enable C11 features
configure:5539: result: none needed
configure:5655: checking whether gcc understands -c and -o together
configure:5693: result: yes
configure:5716: checking how to run the C preprocessor
configure:5742: gcc -E  conftest.c
configure:5742: $? = 0
configure:5757: gcc -E  conftest.c
conftest.c:38:10: fatal error: ac_nonexistent.h: No such file or directory
   38 | #include <ac_nonexistent.h>
      |          ^~~~~~~~~~~~~~~~~~
compilation terminated.
configure:5757: $? = 1
configure: failed program was:
| /* confdefs.h */
| #define PACKAGE_NAME "libxsltrr"
| #define PACKAGE_TARNAME "libxsltrr"
| #define PACKAGE_VERSION "1.1.26"
| #define PACKAGE_STRING "libxsltrr 1.1.26"
| #define PACKAGE_BUGREPORT ""
| #define PACKAGE_URL ""
| #define HAVE_STDIO_H 1
| #define HAVE_STDLIB_H 1
| #define HAVE_STRING_H 1
| #define HAVE_INTTYPES_H 1
| #define HAVE_STDINT_H 1
| #define HAVE_STRINGS_H 1
| #define HAVE_SYS_STAT_H 1
| #define HAVE_SYS_TYPES_H 1
| #define HAVE_UNISTD_H 1
| #define HAVE_WCHAR_H 1
| #define STDC_HEADERS 1
| #define _ALL_SOURCE 1
| #define _DARWIN_C_SOURCE 1
| #define _GNU_SOURCE 1
| #define _HPUX_ALT_XOPEN_SOCKET_API 1
| #define _NETBSD_SOURCE 1
| #define _OPENBSD_SOURCE 1
| #define _POSIX_PTHREAD_SEMANTICS 1
| #define __STDC_WANT_IEC_60559_ATTRIBS_EXT__ 1
| #define __STDC_WANT_IEC_60559_BFP_EXT__ 1
| #define __STDC_WANT_IEC_60559_DFP_EXT__ 1
| #define __STDC_WANT_IEC_60559_FUNCS_EXT__ 1
| #define __STDC_WANT_IEC_60559_TYPES_EXT__ 1
| #define __STDC_WANT_LIB_EXT2__ 1
| #define __STDC_WANT_MATH_SPEC_FUNCS__ 1
| #define _TANDEM_SOURCE 1
| #define __EXTENSIONS__ 1
| #define PACKAGE "libxsltrr"
| #define VERSION "1.1.26"
| /* end confdefs.h.  */
| #include <ac_nonexistent.h>
configure:5784: result: gcc -E
configure:5798: gcc -E  conftest.c
configure:5798: $? = 0
configure:5813: gcc -E  conftest.c
conftest.c:38:10: fatal error: ac_nonexistent.h: No such file or directory
   38 | #include <ac_nonexistent.h>
      |          ^~~~~~~~~~~~~~~~~~
compilation terminated.
configure:5813: $? = 1
configure: failed program was:
| /* confdefs.h */
| #define PACKAGE_NAME "libxsltrr"
| #define PACKAGE_TARNAME "libxsltrr"
| #define PACKAGE_VERSION "1.1.26"
| #define PACKAGE_STRING "libxsltrr 1.1.26"
| #define PACKAGE_BUGREPORT ""
| #define PACKAGE_URL ""
| #define HAVE_STDIO_H 1
| #define HAVE_STDLIB_H 1
| #define HAVE_STRING_H 1
| #define HAVE_INTTYPES_H 1
| #define HAVE_STDINT_H 1
| #define HAVE_STRINGS_H 1
| #define HAVE_SYS_STAT_H 1
| #define HAVE_SYS_TYPES_H 1
| #define HAVE_UNISTD_H 1
| #define HAVE_WCHAR_H 1
| #define STDC_HEADERS 1
| #define _ALL_SOURCE 1
| #define _DARWIN_C_SOURCE 1
| #define _GNU_SOURCE 1
| #define _HPUX_ALT_XOPEN_SOCKET_API 1
| #define _NETBSD_SOURCE 1
| #define _OPENBSD_SOURCE 1
| #define _POSIX_PTHREAD_SEMANTICS 1
| #define __STDC_WANT_IEC_60559_ATTRIBS_EXT__ 1
| #define __STDC_WANT_IEC_60559_BFP_EXT__ 1
| #define __STDC_WANT_IEC_60559_DFP_EXT__ 1
| #define __STDC_WANT_IEC_60559_FUNCS_EXT__ 1
| #define __STDC_WANT_IEC_60559_TYPES_EXT__ 1
| #define __STDC_WANT_LIB_EXT2__ 1
| #define __STDC_WANT_MATH_SPEC_FUNCS__ 1
| #define _TANDEM_SOURCE 1
| #define __EXTENSIONS__ 1
| #define PACKAGE "libxsltrr"
| #define VERSION "1.1.26"
| /* end confdefs.h.  */
| #include <ac_nonexistent.h>
configure:5845: checking for rm
configure:5868: found /usr/bin/rm
configure:5881: result: /usr/bin/rm
configure:5891: checking for mv
configure:5914: found /usr/bin/mv
configure:5927: result: /usr/bin/mv
configure:5937: checking for tar
configure:5960: found /usr/bin/tar
configure:5973: result: /usr/bin/tar
configure:5983: checking for xmllint
configure:6006: found /opt/Xilinx/Vitis/2021.1/bin/xmllint
configure:6019: result: /opt/Xilinx/Vitis/2021.1/bin/xmllint
configure:6029: checking for xsltproc
configure:6052: found /opt/Xilinx/Vitis/2021.1/bin/xsltproc
configure:6065: result: /opt/Xilinx/Vitis/2021.1/bin/xsltproc
configure:6074: checking for grep that handles long lines and -e
configure:6138: result: /usr/bin/grep
configure:6146: checking for egrep
configure:6214: result: /usr/bin/grep -E
configure:6601: checking how to print strings
configure:6628: result: printf
configure:6649: checking for a sed that does not truncate output
configure:6719: result: /usr/bin/sed
configure:6737: checking for fgrep
configure:6805: result: /usr/bin/grep -F
configure:6841: checking for ld used by gcc
configure:6909: result: /usr/bin/ld
configure:6916: checking if the linker (/usr/bin/ld) is GNU ld
configure:6932: result: yes
configure:6944: checking for BSD- or MS-compatible name lister (nm)
configure:6999: result: /usr/bin/nm -B
configure:7139: checking the name lister (/usr/bin/nm -B) interface
configure:7147: gcc -c -g -O2  conftest.c >&5
configure:7150: /usr/bin/nm -B "conftest.o"
configure:7153: output
0000000000000000 B some_variable
configure:7160: result: BSD nm
configure:7163: checking whether ln -s works
configure:7167: result: yes
configure:7175: checking the maximum length of command line arguments
configure:7307: result: 1572864
configure:7355: checking how to convert x86_64-pc-linux-gnu file names to x86_64-pc-linux-gnu format
configure:7396: result: func_convert_file_noop
configure:7403: checking how to convert x86_64-pc-linux-gnu file names to toolchain format
configure:7424: result: func_convert_file_noop
configure:7431: checking for /usr/bin/ld option to reload object files
configure:7439: result: -r
configure:7518: checking for objdump
configure:7550: result: objdump
configure:7579: checking how to recognize dependent libraries
configure:7780: result: pass_all
configure:7870: checking for dlltool
configure:7902: result: dlltool
configure:7932: checking how to associate runtime and link libraries
configure:7960: result: printf %s\n
configure:8025: checking for ar
configure:8046: found /usr/bin/ar
configure:8057: result: ar
configure:8094: checking for archiver @FILE support
configure:8112: gcc -c -g -O2  conftest.c >&5
configure:8112: $? = 0
configure:8116: ar cr libconftest.a @conftest.lst >&5
configure:8119: $? = 0
configure:8124: ar cr libconftest.a @conftest.lst >&5
ar: conftest.o: No such file or directory
configure:8127: $? = 1
configure:8139: result: @
configure:8202: checking for strip
configure:8223: found /usr/bin/strip
configure:8234: result: strip
configure:8311: checking for ranlib
configure:8332: found /usr/bin/ranlib
configure:8343: result: ranlib
configure:8445: checking command to parse /usr/bin/nm -B output from gcc object
configure:8599: gcc -c -g -O2  conftest.c >&5
configure:8602: $? = 0
configure:8606: /usr/bin/nm -B conftest.o | sed -n -e 's/^.*[	 ]\([ABCDGIRSTW][ABCDGIRSTW]*\)[	 ][	 ]*\([_A-Za-z][_A-Za-z0-9]*\)$/\1 \2 \2/p' | sed '/ __gnu_lto/d' > conftest.nm
configure:8672: gcc -o conftest -g -O2   conftest.c conftstm.o >&5
configure:8675: $? = 0
configure:8713: result: ok
configure:8760: checking for sysroot
configure:8791: result: no
configure:8798: checking for a working dd
configure:8842: result: /usr/bin/dd
configure:8846: checking how to truncate binary pipes
configure:8862: result: /usr/bin/dd bs=4096 count=1
configure:8999: gcc -c -g -O2  conftest.c >&5
configure:9002: $? = 0
configure:9199: checking for mt
configure:9220: found /usr/bin/mt
configure:9231: result: mt
configure:9254: checking if mt is a manifest tool
configure:9261: mt '-?'
configure:9269: result: no
configure:9995: checking for dlfcn.h
configure:9995: gcc -c -g -O2  conftest.c >&5
configure:9995: $? = 0
configure:9995: result: yes
configure:10252: checking for objdir
configure:10268: result: .libs
configure:10532: checking if gcc supports -fno-rtti -fno-exceptions
configure:10551: gcc -c -g -O2  -fno-rtti -fno-exceptions conftest.c >&5
cc1: warning: command-line option '-fno-rtti' is valid for C++/D/ObjC++ but not for C
configure:10555: $? = 0
configure:10568: result: no
configure:10932: checking for gcc option to produce PIC
configure:10940: result: -fPIC -DPIC
configure:10948: checking if gcc PIC flag -fPIC -DPIC works
configure:10967: gcc -c -g -O2  -fPIC -DPIC -DPIC conftest.c >&5
configure:10971: $? = 0
configure:10984: result: yes
configure:11013: checking if gcc static flag -static works
configure:11042: result: yes
configure:11057: checking if gcc supports -c -o file.o
configure:11079: gcc -c -g -O2  -o out/conftest2.o conftest.c >&5
configure:11083: $? = 0
configure:11105: result: yes
configure:11113: checking if gcc supports -c -o file.o
configure:11161: result: yes
configure:11194: checking whether the gcc linker (/usr/bin/ld -m elf_x86_64) supports shared libraries
configure:12464: result: yes
configure:12501: checking whether -lc should be explicitly linked in
configure:12510: gcc -c -g -O2  conftest.c >&5
configure:12513: $? = 0
configure:12528: gcc -shared  -fPIC -DPIC conftest.o  -v -Wl,-soname -Wl,conftest -o conftest 2\>\&1 \| /usr/bin/grep  -lc  \>/dev/null 2\>\&1
configure:12531: $? = 0
configure:12545: result: no
configure:12705: checking dynamic linker characteristics
configure:13287: gcc -o conftest -g -O2   -Wl,-rpath -Wl,/foo conftest.c  >&5
configure:13287: $? = 0
configure:13538: result: GNU/Linux ld.so
configure:13660: checking how to hardcode library paths into programs
configure:13685: result: immediate
configure:14237: checking whether stripping libraries is possible
configure:14242: result: yes
configure:14277: checking if libtool supports shared libraries
configure:14279: result: yes
configure:14282: checking whether to build shared libraries
configure:14307: result: yes
configure:14310: checking whether to build static libraries
configure:14314: result: yes
configure:14353: checking for sys/types.h
configure:14353: result: yes
configure:14359: checking for sys/time.h
configure:14359: gcc -c -g -O2  conftest.c >&5
configure:14359: $? = 0
configure:14359: result: yes
configure:14365: checking for stdlib.h
configure:14365: result: yes
configure:14371: checking for unistd.h
configure:14371: result: yes
configure:14377: checking for string.h
configure:14377: result: yes
configure:14401: checking for pthread.h
configure:14401: gcc -c -g -O2  conftest.c >&5
configure:14401: $? = 0
configure:14401: result: yes
configure:14404: checking for pthread_join in -lpthread
configure:14427: gcc -o conftest -g -O2   conftest.c -lpthread   >&5
configure:14427: $? = 0
configure:14437: result: yes
configure:14460: checking for locale.h
configure:14460: gcc -c -g -O2  conftest.c >&5
configure:14460: $? = 0
configure:14460: result: yes
configure:14466: checking for xlocale.h
configure:14466: gcc -c -g -O2  conftest.c >&5
conftest.c:76:10: fatal error: xlocale.h: No such file or directory
   76 | #include <xlocale.h>
      |          ^~~~~~~~~~~
compilation terminated.
configure:14466: $? = 1
configure: failed program was:
| /* confdefs.h */
| #define PACKAGE_NAME "libxsltrr"
| #define PACKAGE_TARNAME "libxsltrr"
| #define PACKAGE_VERSION "1.1.26"
| #define PACKAGE_STRING "libxsltrr 1.1.26"
| #define PACKAGE_BUGREPORT ""
| #define PACKAGE_URL ""
| #define HAVE_STDIO_H 1
| #define HAVE_STDLIB_H 1
| #define HAVE_STRING_H 1
| #define HAVE_INTTYPES_H 1
| #define HAVE_STDINT_H 1
| #define HAVE_STRINGS_H 1
| #define HAVE_SYS_STAT_H 1
| #define HAVE_SYS_TYPES_H 1
| #define HAVE_UNISTD_H 1
| #define HAVE_WCHAR_H 1
| #define STDC_HEADERS 1
| #define _ALL_SOURCE 1
| #define _DARWIN_C_SOURCE 1
| #define _GNU_SOURCE 1
| #define _HPUX_ALT_XOPEN_SOCKET_API 1
| #define _NETBSD_SOURCE 1
| #define _OPENBSD_SOURCE 1
| #define _POSIX_PTHREAD_SEMANTICS 1
| #define __STDC_WANT_IEC_60559_ATTRIBS_EXT__ 1
| #define __STDC_WANT_IEC_60559_BFP_EXT__ 1
| #define __STDC_WANT_IEC_60559_DFP_EXT__ 1
| #define __STDC_WANT_IEC_60559_FUNCS_EXT__ 1
| #define __STDC_WANT_IEC_60559_TYPES_EXT__ 1
| #define __STDC_WANT_LIB_EXT2__ 1
| #define __STDC_WANT_MATH_SPEC_FUNCS__ 1
| #define _TANDEM_SOURCE 1
| #define __EXTENSIONS__ 1
| #define PACKAGE "libxsltrr"
| #define VERSION "1.1.26"
| #define HAVE_DLFCN_H 1
| #define LT_OBJDIR ".libs/"
| #define HAVE_SYS_TYPES_H 1
| #define HAVE_SYS_TIME_H 1
| #define HAVE_STDLIB_H 1
| #define HAVE_UNISTD_H 1
| #define HAVE_STRING_H 1
| #define HAVE_LIBPTHREAD /**/
| #define HAVE_PTHREAD_H /**/
| #define HAVE_LOCALE_H 1
| /* end confdefs.h.  */
| #include <stddef.h>
| #ifdef HAVE_STDIO_H
| # include <stdio.h>
| #endif
| #ifdef HAVE_STDLIB_H
| # include <stdlib.h>
| #endif
| #ifdef HAVE_STRING_H
| # include <string.h>
| #endif
| #ifdef HAVE_INTTYPES_H
| # include <inttypes.h>
| #endif
| #ifdef HAVE_STDINT_H
| # include <stdint.h>
| #endif
| #ifdef HAVE_STRINGS_H
| # include <strings.h>
| #endif
| #ifdef HAVE_SYS_TYPES_H
| # include <sys/types.h>
| #endif
| #ifdef HAVE_SYS_STAT_H
| # include <sys/stat.h>
| #endif
| #ifdef HAVE_UNISTD_H
| # include <unistd.h>
| #endif
| #include <xlocale.h>
configure:14466: result: no
configure:14556: checking for ieeefp.h
configure:14556: gcc -c -g -O2  conftest.c >&5
conftest.c:76:10: fatal error: ieeefp.h: No such file or directory
   76 | #include <ieeefp.h>
      |          ^~~~~~~~~~
compilation terminated.
configure:14556: $? = 1
configure: failed program was:
| /* confdefs.h */
| #define PACKAGE_NAME "libxsltrr"
| #define PACKAGE_TARNAME "libxsltrr"
| #define PACKAGE_VERSION "1.1.26"
| #define PACKAGE_STRING "libxsltrr 1.1.26"
| #define PACKAGE_BUGREPORT ""
| #define PACKAGE_URL ""
| #define HAVE_STDIO_H 1
| #define HAVE_STDLIB_H 1
| #define HAVE_STRING_H 1
| #define HAVE_INTTYPES_H 1
| #define HAVE_STDINT_H 1
| #define HAVE_STRINGS_H 1
| #define HAVE_SYS_STAT_H 1
| #define HAVE_SYS_TYPES_H 1
| #define HAVE_UNISTD_H 1
| #define HAVE_WCHAR_H 1
| #define STDC_HEADERS 1
| #define _ALL_SOURCE 1
| #define _DARWIN_C_SOURCE 1
| #define _GNU_SOURCE 1
| #define _HPUX_ALT_XOPEN_SOCKET_API 1
| #define _NETBSD_SOURCE 1
| #define _OPENBSD_SOURCE 1
| #define _POSIX_PTHREAD_SEMANTICS 1
| #define __STDC_WANT_IEC_60559_ATTRIBS_EXT__ 1
| #define __STDC_WANT_IEC_60559_BFP_EXT__ 1
| #define __STDC_WANT_IEC_60559_DFP_EXT__ 1
| #define __STDC_WANT_IEC_60559_FUNCS_EXT__ 1
| #define __STDC_WANT_IEC_60559_TYPES_EXT__ 1
| #define __STDC_WANT_LIB_EXT2__ 1
| #define __STDC_WANT_MATH_SPEC_FUNCS__ 1
| #define _TANDEM_SOURCE 1
| #define __EXTENSIONS__ 1
| #define PACKAGE "libxsltrr"
| #define VERSION "1.1.26"
| #define HAVE_DLFCN_H 1
| #define LT_OBJDIR ".libs/"
| #define HAVE_SYS_TYPES_H 1
| #define HAVE_SYS_TIME_H 1
| #define HAVE_STDLIB_H 1
| #define HAVE_UNISTD_H 1
| #define HAVE_STRING_H 1
| #define HAVE_LIBPTHREAD /**/
| #define HAVE_PTHREAD_H /**/
| #define HAVE_LOCALE_H 1
| /* end confdefs.h.  */
| #include <stddef.h>
| #ifdef HAVE_STDIO_H
| # include <stdio.h>
| #endif
| #ifdef HAVE_STDLIB_H
| # include <stdlib.h>
| #endif
| #ifdef HAVE_STRING_H
| # include <string.h>
| #endif
| #ifdef HAVE_INTTYPES_H
| # include <inttypes.h>
| #endif
| #ifdef HAVE_STDINT_H
| # include <stdint.h>
| #endif
| #ifdef HAVE_STRINGS_H
| # include <strings.h>
| #endif
| #ifdef HAVE_SYS_TYPES_H
| # include <sys/types.h>
| #endif
| #ifdef HAVE_SYS_STAT_H
| # include <sys/stat.h>
| #endif
| #ifdef HAVE_UNISTD_H
| # include <unistd.h>
| #endif
| #include <ieeefp.h>
configure:14556: result: no
configure:14562: checking for nan.h
configure:14562: gcc -c -g -O2  conftest.c >&5
conftest.c:76:10: fatal error: nan.h: No such file or directory
   76 | #include <nan.h>
      |          ^~~~~~~
compilation terminated.
configure:14562: $? = 1
configure: failed program was:
| /* confdefs.h */
| #define PACKAGE_NAME "libxsltrr"
| #define PACKAGE_TARNAME "libxsltrr"
| #define PACKAGE_VERSION "1.1.26"
| #define PACKAGE_STRING "libxsltrr 1.1.26"
| #define PACKAGE_BUGREPORT ""
| #define PACKAGE_URL ""
| #define HAVE_STDIO_H 1
| #define HAVE_STDLIB_H 1
| #define HAVE_STRING_H 1
| #define HAVE_INTTYPES_H 1
| #define HAVE_STDINT_H 1
| #define HAVE_STRINGS_H 1
| #define HAVE_SYS_STAT_H 1
| #define HAVE_SYS_TYPES_H 1
| #define HAVE_UNISTD_H 1
| #define HAVE_WCHAR_H 1
| #define STDC_HEADERS 1
| #define _ALL_SOURCE 1
| #define _DARWIN_C_SOURCE 1
| #define _GNU_SOURCE 1
| #define _HPUX_ALT_XOPEN_SOCKET_API 1
| #define _NETBSD_SOURCE 1
| #define _OPENBSD_SOURCE 1
| #define _POSIX_PTHREAD_SEMANTICS 1
| #define __STDC_WANT_IEC_60559_ATTRIBS_EXT__ 1
| #define __STDC_WANT_IEC_60559_BFP_EXT__ 1
| #define __STDC_WANT_IEC_60559_DFP_EXT__ 1
| #define __STDC_WANT_IEC_60559_FUNCS_EXT__ 1
| #define __STDC_WANT_IEC_60559_TYPES_EXT__ 1
| #define __STDC_WANT_LIB_EXT2__ 1
| #define __STDC_WANT_MATH_SPEC_FUNCS__ 1
| #define _TANDEM_SOURCE 1
| #define __EXTENSIONS__ 1
| #define PACKAGE "libxsltrr"
| #define VERSION "1.1.26"
| #define HAVE_DLFCN_H 1
| #define LT_OBJDIR ".libs/"
| #define HAVE_SYS_TYPES_H 1
| #define HAVE_SYS_TIME_H 1
| #define HAVE_STDLIB_H 1
| #define HAVE_UNISTD_H 1
| #define HAVE_STRING_H 1
| #define HAVE_LIBPTHREAD /**/
| #define HAVE_PTHREAD_H /**/
| #define HAVE_LOCALE_H 1
| /* end confdefs.h.  */
| #include <stddef.h>
| #ifdef HAVE_STDIO_H
| # include <stdio.h>
| #endif
| #ifdef HAVE_STDLIB_H
| # include <stdlib.h>
| #endif
| #ifdef HAVE_STRING_H
| # include <string.h>
| #endif
| #ifdef HAVE_INTTYPES_H
| # include <inttypes.h>
| #endif
| #ifdef HAVE_STDINT_H
| # include <stdint.h>
| #endif
| #ifdef HAVE_STRINGS_H
| # include <strings.h>
| #endif
| #ifdef HAVE_SYS_TYPES_H
| # include <sys/types.h>
| #endif
| #ifdef HAVE_SYS_STAT_H
| # include <sys/stat.h>
| #endif
| #ifdef HAVE_UNISTD_H
| # include <unistd.h>
| #endif
| #include <nan.h>
configure:14562: result: no
configure:14568: checking for math.h
configure:14568: gcc -c -g -O2  conftest.c >&5
configure:14568: $? = 0
configure:14568: result: yes
configure:14574: checking for fp_class.h
configure:14574: gcc -c -g -O2  conftest.c >&5
conftest.c:77:10: fatal error: fp_class.h: No such file or directory
   77 | #include <fp_class.h>
      |          ^~~~~~~~~~~~
compilation terminated.
configure:14574: $? = 1
configure: failed program was:
| /* confdefs.h */
| #define PACKAGE_NAME "libxsltrr"
| #define PACKAGE_TARNAME "libxsltrr"
| #define PACKAGE_VERSION "1.1.26"
| #define PACKAGE_STRING "libxsltrr 1.1.26"
| #define PACKAGE_BUGREPORT ""
| #define PACKAGE_URL ""
| #define HAVE_STDIO_H 1
| #define HAVE_STDLIB_H 1
| #define HAVE_STRING_H 1
| #define HAVE_INTTYPES_H 1
| #define HAVE_STDINT_H 1
| #define HAVE_STRINGS_H 1
| #define HAVE_SYS_STAT_H 1
| #define HAVE_SYS_TYPES_H 1
| #define HAVE_UNISTD_H 1
| #define HAVE_WCHAR_H 1
| #define STDC_HEADERS 1
| #define _ALL_SOURCE 1
| #define _DARWIN_C_SOURCE 1
| #define _GNU_SOURCE 1
| #define _HPUX_ALT_XOPEN_SOCKET_API 1
| #define _NETBSD_SOURCE 1
| #define _OPENBSD_SOURCE 1
| #define _POSIX_PTHREAD_SEMANTICS 1
| #define __STDC_WANT_IEC_60559_ATTRIBS_EXT__ 1
| #define __STDC_WANT_IEC_60559_BFP_EXT__ 1
| #define __STDC_WANT_IEC_60559_DFP_EXT__ 1
| #define __STDC_WANT_IEC_60559_FUNCS_EXT__ 1
| #define __STDC_WANT_IEC_60559_TYPES_EXT__ 1
| #define __STDC_WANT_LIB_EXT2__ 1
| #define __STDC_WANT_MATH_SPEC_FUNCS__ 1
| #define _TANDEM_SOURCE 1
| #define __EXTENSIONS__ 1
| #define PACKAGE "libxsltrr"
| #define VERSION "1.1.26"
| #define HAVE_DLFCN_H 1
| #define LT_OBJDIR ".libs/"
| #define HAVE_SYS_TYPES_H 1
| #define HAVE_SYS_TIME_H 1
| #define HAVE_STDLIB_H 1
| #define HAVE_UNISTD_H 1
| #define HAVE_STRING_H 1
| #define HAVE_LIBPTHREAD /**/
| #define HAVE_PTHREAD_H /**/
| #define HAVE_LOCALE_H 1
| #define HAVE_MATH_H 1
| /* end confdefs.h.  */
| #include <stddef.h>
| #ifdef HAVE_STDIO_H
| # include <stdio.h>
| #endif
| #ifdef HAVE_STDLIB_H
| # include <stdlib.h>
| #endif
| #ifdef HAVE_STRING_H
| # include <string.h>
| #endif
| #ifdef HAVE_INTTYPES_H
| # include <inttypes.h>
| #endif
| #ifdef HAVE_STDINT_H
| # include <stdint.h>
| #endif
| #ifdef HAVE_STRINGS_H
| # include <strings.h>
| #endif
| #ifdef HAVE_SYS_TYPES_H
| # include <sys/types.h>
| #endif
| #ifdef HAVE_SYS_STAT_H
| # include <sys/stat.h>
| #endif
| #ifdef HAVE_UNISTD_H
| # include <unistd.h>
| #endif
| #include <fp_class.h>
configure:14574: result: no
configure:14580: checking for float.h
configure:14580: gcc -c -g -O2  conftest.c >&5
configure:14580: $? = 0
configure:14580: result: yes
configure:14586: checking for ansidecl.h
configure:14586: gcc -c -g -O2  conftest.c >&5
conftest.c:78:10: fatal error: ansidecl.h: No such file or directory
   78 | #include <ansidecl.h>
      |          ^~~~~~~~~~~~
compilation terminated.
configure:14586: $? = 1
configure: failed program was:
| /* confdefs.h */
| #define PACKAGE_NAME "libxsltrr"
| #define PACKAGE_TARNAME "libxsltrr"
| #define PACKAGE_VERSION "1.1.26"
| #define PACKAGE_STRING "libxsltrr 1.1.26"
| #define PACKAGE_BUGREPORT ""
| #define PACKAGE_URL ""
| #define HAVE_STDIO_H 1
| #define HAVE_STDLIB_H 1
| #define HAVE_STRING_H 1
| #define HAVE_INTTYPES_H 1
| #define HAVE_STDINT_H 1
| #define HAVE_STRINGS_H 1
| #define HAVE_SYS_STAT_H 1
| #define HAVE_SYS_TYPES_H 1
| #define HAVE_UNISTD_H 1
| #define HAVE_WCHAR_H 1
| #define STDC_HEADERS 1
| #define _ALL_SOURCE 1
| #define _DARWIN_C_SOURCE 1
| #define _GNU_SOURCE 1
| #define _HPUX_ALT_XOPEN_SOCKET_API 1
| #define _NETBSD_SOURCE 1
| #define _OPENBSD_SOURCE 1
| #define _POSIX_PTHREAD_SEMANTICS 1
| #define __STDC_WANT_IEC_60559_ATTRIBS_EXT__ 1
| #define __STDC_WANT_IEC_60559_BFP_EXT__ 1
| #define __STDC_WANT_IEC_60559_DFP_EXT__ 1
| #define __STDC_WANT_IEC_60559_FUNCS_EXT__ 1
| #define __STDC_WANT_IEC_60559_TYPES_EXT__ 1
| #define __STDC_WANT_LIB_EXT2__ 1
| #define __STDC_WANT_MATH_SPEC_FUNCS__ 1
| #define _TANDEM_SOURCE 1
| #define __EXTENSIONS__ 1
| #define PACKAGE "libxsltrr"
| #define VERSION "1.1.26"
| #define HAVE_DLFCN_H 1
| #define LT_OBJDIR ".libs/"
| #define HAVE_SYS_TYPES_H 1
| #define HAVE_SYS_TIME_H 1
| #define HAVE_STDLIB_H 1
| #define HAVE_UNISTD_H 1
| #define HAVE_STRING_H 1
| #define HAVE_LIBPTHREAD /**/
| #define HAVE_PTHREAD_H /**/
| #define HAVE_LOCALE_H 1
| #define HAVE_MATH_H 1
| #define HAVE_FLOAT_H 1
| /* end confdefs.h.  */
| #include <stddef.h>
| #ifdef HAVE_STDIO_H
| # include <stdio.h>
| #endif
| #ifdef HAVE_STDLIB_H
| # include <stdlib.h>
| #endif
| #ifdef HAVE_STRING_H
| # include <string.h>
| #endif
| #ifdef HAVE_INTTYPES_H
| # include <inttypes.h>
| #endif
| #ifdef HAVE_STDINT_H
| # include <stdint.h>
| #endif
| #ifdef HAVE_STRINGS_H
| # include <strings.h>
| #endif
| #ifdef HAVE_SYS_TYPES_H
| # include <sys/types.h>
| #endif
| #ifdef HAVE_SYS_STAT_H
| # include <sys/stat.h>
| #endif
| #ifdef HAVE_UNISTD_H
| # include <unistd.h>
| #endif
| #include <ansidecl.h>
configure:14586: result: no
configure:14593: checking for sys/timeb.h
configure:14593: gcc -c -g -O2  conftest.c >&5
configure:14593: $? = 0
configure:14593: result: yes
configure:14599: checking for time.h
configure:14599: gcc -c -g -O2  conftest.c >&5
configure:14599: $? = 0
configure:14599: result: yes
configure:14605: checking for sys/stat.h
configure:14605: result: yes
configure:14611: checking for sys/select.h
configure:14611: gcc -c -g -O2  conftest.c >&5
configure:14611: $? = 0
configure:14611: result: yes
configure:14617: checking for stdarg.h
configure:14617: gcc -c -g -O2  conftest.c >&5
configure:14617: $? = 0
configure:14617: result: yes
configure:14624: checking for stat
configure:14624: gcc -o conftest -g -O2   conftest.c  >&5
configure:14624: $? = 0
configure:14624: result: yes
configure:14630: checking for _stat
configure:14630: gcc -o conftest -g -O2   conftest.c  >&5
/usr/bin/ld: /tmp/ccJE9k7B.o: in function `main':
~/Software_Old/generalserver/src/installations/libxslt-rr/conftest.c:83: undefined reference to `_stat'
collect2: error: ld returned 1 exit status
configure:14630: $? = 1
configure: failed program was:
| /* confdefs.h */
| #define PACKAGE_NAME "libxsltrr"
| #define PACKAGE_TARNAME "libxsltrr"
| #define PACKAGE_VERSION "1.1.26"
| #define PACKAGE_STRING "libxsltrr 1.1.26"
| #define PACKAGE_BUGREPORT ""
| #define PACKAGE_URL ""
| #define HAVE_STDIO_H 1
| #define HAVE_STDLIB_H 1
| #define HAVE_STRING_H 1
| #define HAVE_INTTYPES_H 1
| #define HAVE_STDINT_H 1
| #define HAVE_STRINGS_H 1
| #define HAVE_SYS_STAT_H 1
| #define HAVE_SYS_TYPES_H 1
| #define HAVE_UNISTD_H 1
| #define HAVE_WCHAR_H 1
| #define STDC_HEADERS 1
| #define _ALL_SOURCE 1
| #define _DARWIN_C_SOURCE 1
| #define _GNU_SOURCE 1
| #define _HPUX_ALT_XOPEN_SOCKET_API 1
| #define _NETBSD_SOURCE 1
| #define _OPENBSD_SOURCE 1
| #define _POSIX_PTHREAD_SEMANTICS 1
| #define __STDC_WANT_IEC_60559_ATTRIBS_EXT__ 1
| #define __STDC_WANT_IEC_60559_BFP_EXT__ 1
| #define __STDC_WANT_IEC_60559_DFP_EXT__ 1
| #define __STDC_WANT_IEC_60559_FUNCS_EXT__ 1
| #define __STDC_WANT_IEC_60559_TYPES_EXT__ 1
| #define __STDC_WANT_LIB_EXT2__ 1
| #define __STDC_WANT_MATH_SPEC_FUNCS__ 1
| #define _TANDEM_SOURCE 1
| #define __EXTENSIONS__ 1
| #define PACKAGE "libxsltrr"
| #define VERSION "1.1.26"
| #define HAVE_DLFCN_H 1
| #define LT_OBJDIR ".libs/"
| #define HAVE_SYS_TYPES_H 1
| #define HAVE_SYS_TIME_H 1
| #define HAVE_STDLIB_H 1
| #define HAVE_UNISTD_H 1
| #define HAVE_STRING_H 1
| #define HAVE_LIBPTHREAD /**/
| #define HAVE_PTHREAD_H /**/
| #define HAVE_LOCALE_H 1
| #define HAVE_MATH_H 1
| #define HAVE_FLOAT_H 1
| #define HAVE_SYS_TIMEB_H 1
| #define HAVE_TIME_H 1
| #define HAVE_SYS_STAT_H 1
| #define HAVE_SYS_SELECT_H 1
| #define HAVE_STDARG_H 1
| #define HAVE_STAT 1
| /* end confdefs.h.  */
| /* Define _stat to an innocuous variant, in case <limits.h> declares _stat.
|    For example, HP-UX 11i <limits.h> declares gettimeofday.  */
| #define _stat innocuous__stat
| 
| /* System header to define __stub macros and hopefully few prototypes,
|    which can conflict with char _stat (); below.  */
| 
| #include <limits.h>
| #undef _stat
| 
| /* Override any GCC internal prototype to avoid an error.
|    Use char because int might match the return type of a GCC
|    builtin and then its argument prototype would still apply.  */
| #ifdef __cplusplus
| extern "C"
| #endif
| char _stat ();
| /* The GNU C library defines this for functions which it implements
|     to always fail with ENOSYS.  Some functions are actually named
|     something starting with __ and the normal name is an alias.  */
| #if defined __stub__stat || defined __stub____stat
| choke me
| #endif
| 
| int
| main (void)
| {
| return _stat ();
|   ;
|   return 0;
| }
configure:14630: result: no
configure:14637: checking for isnan
configure:14637: gcc -o conftest -g -O2   conftest.c  >&5
conftest.c:72:6: warning: conflicting types for built-in function 'isnan'; expected 'int()' [-Wbuiltin-declaration-mismatch]
   72 | char isnan ();
      |      ^~~~~
conftest.c:64:1: note: 'isnan' is declared in header '<math.h>'
   63 | #include <limits.h>
   64 | #undef isnan
configure:14637: $? = 0
configure:14637: result: yes
configure:14686: checking for isinf
configure:14686: gcc -o conftest -g -O2   conftest.c  >&5
conftest.c:72:6: warning: conflicting types for built-in function 'isinf'; expected 'int()' [-Wbuiltin-declaration-mismatch]
   72 | char isinf ();
      |      ^~~~~
conftest.c:64:1: note: 'isinf' is declared in header '<math.h>'
   63 | #include <limits.h>
   64 | #undef isinf
configure:14686: $? = 0
configure:14686: result: yes
configure:14735: checking for pow
configure:14735: gcc -o conftest -g -O2   conftest.c  >&5
conftest.c:72:6: warning: conflicting types for built-in function 'pow'; expected 'double(double,  double)' [-Wbuiltin-declaration-mismatch]
   72 | char pow ();
      |      ^~~
conftest.c:64:1: note: 'pow' is declared in header '<math.h>'
   63 | #include <limits.h>
   64 | #undef pow
/usr/bin/ld: /tmp/ccRccNBq.o: in function `main':
~/Software_Old/generalserver/src/installations/libxslt-rr/conftest.c:83: undefined reference to `pow'
collect2: error: ld returned 1 exit status
configure:14735: $? = 1
configure: failed program was:
| /* confdefs.h */
| #define PACKAGE_NAME "libxsltrr"
| #define PACKAGE_TARNAME "libxsltrr"
| #define PACKAGE_VERSION "1.1.26"
| #define PACKAGE_STRING "libxsltrr 1.1.26"
| #define PACKAGE_BUGREPORT ""
| #define PACKAGE_URL ""
| #define HAVE_STDIO_H 1
| #define HAVE_STDLIB_H 1
| #define HAVE_STRING_H 1
| #define HAVE_INTTYPES_H 1
| #define HAVE_STDINT_H 1
| #define HAVE_STRINGS_H 1
| #define HAVE_SYS_STAT_H 1
| #define HAVE_SYS_TYPES_H 1
| #define HAVE_UNISTD_H 1
| #define HAVE_WCHAR_H 1
| #define STDC_HEADERS 1
| #define _ALL_SOURCE 1
| #define _DARWIN_C_SOURCE 1
| #define _GNU_SOURCE 1
| #define _HPUX_ALT_XOPEN_SOCKET_API 1
| #define _NETBSD_SOURCE 1
| #define _OPENBSD_SOURCE 1
| #define _POSIX_PTHREAD_SEMANTICS 1
| #define __STDC_WANT_IEC_60559_ATTRIBS_EXT__ 1
| #define __STDC_WANT_IEC_60559_BFP_EXT__ 1
| #define __STDC_WANT_IEC_60559_DFP_EXT__ 1
| #define __STDC_WANT_IEC_60559_FUNCS_EXT__ 1
| #define __STDC_WANT_IEC_60559_TYPES_EXT__ 1
| #define __STDC_WANT_LIB_EXT2__ 1
| #define __STDC_WANT_MATH_SPEC_FUNCS__ 1
| #define _TANDEM_SOURCE 1
| #define __EXTENSIONS__ 1
| #define PACKAGE "libxsltrr"
| #define VERSION "1.1.26"
| #define HAVE_DLFCN_H 1
| #define LT_OBJDIR ".libs/"
| #define HAVE_SYS_TYPES_H 1
| #define HAVE_SYS_TIME_H 1
| #define HAVE_STDLIB_H 1
| #define HAVE_UNISTD_H 1
| #define HAVE_STRING_H 1
| #define HAVE_LIBPTHREAD /**/
| #define HAVE_PTHREAD_H /**/
| #define HAVE_LOCALE_H 1
| #define HAVE_MATH_H 1
| #define HAVE_FLOAT_H 1
| #define HAVE_SYS_TIMEB_H 1
| #define HAVE_TIME_H 1
| #define HAVE_SYS_STAT_H 1
| #define HAVE_SYS_SELECT_H 1
| #define HAVE_STDARG_H 1
| #define HAVE_STAT 1
| /* end confdefs.h.  */
| /* Define pow to an innocuous variant, in case <limits.h> declares pow.
|    For example, HP-UX 11i <limits.h> declares gettimeofday.  */
| #define pow innocuous_pow
| 
| /* System header to define __stub macros and hopefully few prototypes,
|    which can conflict with char pow (); below.  */
| 
| #include <limits.h>
| #undef pow
| 
| /* Override any GCC internal prototype to avoid an error.
|    Use char because int might match the return type of a GCC
|    builtin and then its argument prototype would still apply.  */
| #ifdef __cplusplus
| extern "C"
| #endif
| char pow ();
| /* The GNU C library defines this for functions which it implements
|     to always fail with ENOSYS.  Some functions are actually named
|     something starting with __ and the normal name is an alias.  */
| #if defined __stub_pow || defined __stub___pow
| choke me
| #endif
| 
| int
| main (void)
| {
| return pow ();
|   ;
|   return 0;
| }
configure:14735: result: no
configure:14740: checking for pow in -lm
configure:14763: gcc -o conftest -g -O2   conftest.c -lm   >&5
conftest.c:60:6: warning: conflicting types for built-in function 'pow'; expected 'double(double,  double)' [-Wbuiltin-declaration-mismatch]
   60 | char pow ();
      |      ^~~
conftest.c:1:1: note: 'pow' is declared in header '<math.h>'
    1 | /* confdefs.h */
configure:14763: $? = 0
configure:14773: result: yes
configure:14784: checking for floor
configure:14784: gcc -o conftest -g -O2   conftest.c  >&5
conftest.c:73:6: warning: conflicting types for built-in function 'floor'; expected 'double(double)' [-Wbuiltin-declaration-mismatch]
   73 | char floor ();
      |      ^~~~~
conftest.c:65:1: note: 'floor' is declared in header '<math.h>'
   64 | #include <limits.h>
   65 | #undef floor
/usr/bin/ld: /tmp/ccuv2bo9.o: in function `main':
~/Software_Old/generalserver/src/installations/libxslt-rr/conftest.c:84: undefined reference to `floor'
collect2: error: ld returned 1 exit status
configure:14784: $? = 1
configure: failed program was:
| /* confdefs.h */
| #define PACKAGE_NAME "libxsltrr"
| #define PACKAGE_TARNAME "libxsltrr"
| #define PACKAGE_VERSION "1.1.26"
| #define PACKAGE_STRING "libxsltrr 1.1.26"
| #define PACKAGE_BUGREPORT ""
| #define PACKAGE_URL ""
| #define HAVE_STDIO_H 1
| #define HAVE_STDLIB_H 1
| #define HAVE_STRING_H 1
| #define HAVE_INTTYPES_H 1
| #define HAVE_STDINT_H 1
| #define HAVE_STRINGS_H 1
| #define HAVE_SYS_STAT_H 1
| #define HAVE_SYS_TYPES_H 1
| #define HAVE_UNISTD_H 1
| #define HAVE_WCHAR_H 1
| #define STDC_HEADERS 1
| #define _ALL_SOURCE 1
| #define _DARWIN_C_SOURCE 1
| #define _GNU_SOURCE 1
| #define _HPUX_ALT_XOPEN_SOCKET_API 1
| #define _NETBSD_SOURCE 1
| #define _OPENBSD_SOURCE 1
| #define _POSIX_PTHREAD_SEMANTICS 1
| #define __STDC_WANT_IEC_60559_ATTRIBS_EXT__ 1
| #define __STDC_WANT_IEC_60559_BFP_EXT__ 1
| #define __STDC_WANT_IEC_60559_DFP_EXT__ 1
| #define __STDC_WANT_IEC_60559_FUNCS_EXT__ 1
| #define __STDC_WANT_IEC_60559_TYPES_EXT__ 1
| #define __STDC_WANT_LIB_EXT2__ 1
| #define __STDC_WANT_MATH_SPEC_FUNCS__ 1
| #define _TANDEM_SOURCE 1
| #define __EXTENSIONS__ 1
| #define PACKAGE "libxsltrr"
| #define VERSION "1.1.26"
| #define HAVE_DLFCN_H 1
| #define LT_OBJDIR ".libs/"
| #define HAVE_SYS_TYPES_H 1
| #define HAVE_SYS_TIME_H 1
| #define HAVE_STDLIB_H 1
| #define HAVE_UNISTD_H 1
| #define HAVE_STRING_H 1
| #define HAVE_LIBPTHREAD /**/
| #define HAVE_PTHREAD_H /**/
| #define HAVE_LOCALE_H 1
| #define HAVE_MATH_H 1
| #define HAVE_FLOAT_H 1
| #define HAVE_SYS_TIMEB_H 1
| #define HAVE_TIME_H 1
| #define HAVE_SYS_STAT_H 1
| #define HAVE_SYS_SELECT_H 1
| #define HAVE_STDARG_H 1
| #define HAVE_STAT 1
| #define HAVE_POW 1
| /* end confdefs.h.  */
| /* Define floor to an innocuous variant, in case <limits.h> declares floor.
|    For example, HP-UX 11i <limits.h> declares gettimeofday.  */
| #define floor innocuous_floor
| 
| /* System header to define __stub macros and hopefully few prototypes,
|    which can conflict with char floor (); below.  */
| 
| #include <limits.h>
| #undef floor
| 
| /* Override any GCC internal prototype to avoid an error.
|    Use char because int might match the return type of a GCC
|    builtin and then its argument prototype would still apply.  */
| #ifdef __cplusplus
| extern "C"
| #endif
| char floor ();
| /* The GNU C library defines this for functions which it implements
|     to always fail with ENOSYS.  Some functions are actually named
|     something starting with __ and the normal name is an alias.  */
| #if defined __stub_floor || defined __stub___floor
| choke me
| #endif
| 
| int
| main (void)
| {
| return floor ();
|   ;
|   return 0;
| }
configure:14784: result: no
configure:14789: checking for floor in -lm
configure:14812: gcc -o conftest -g -O2   conftest.c -lm   >&5
conftest.c:61:6: warning: conflicting types for built-in function 'floor'; expected 'double(double)' [-Wbuiltin-declaration-mismatch]
   61 | char floor ();
      |      ^~~~~
conftest.c:1:1: note: 'floor' is declared in header '<math.h>'
    1 | /* confdefs.h */
configure:14812: $? = 0
configure:14822: result: yes
configure:14833: checking for fabs
configure:14833: gcc -o conftest -g -O2   conftest.c  >&5
conftest.c:74:6: warning: conflicting types for built-in function 'fabs'; expected 'double(double)' [-Wbuiltin-declaration-mismatch]
   74 | char fabs ();
      |      ^~~~
conftest.c:66:1: note: 'fabs' is declared in header '<math.h>'
   65 | #include <limits.h>
   66 | #undef fabs
/usr/bin/ld: /tmp/ccCMDiq3.o: in function `main':
~/Software_Old/generalserver/src/installations/libxslt-rr/conftest.c:85: undefined reference to `fabs'
collect2: error: ld returned 1 exit status
configure:14833: $? = 1
configure: failed program was:
| /* confdefs.h */
| #define PACKAGE_NAME "libxsltrr"
| #define PACKAGE_TARNAME "libxsltrr"
| #define PACKAGE_VERSION "1.1.26"
| #define PACKAGE_STRING "libxsltrr 1.1.26"
| #define PACKAGE_BUGREPORT ""
| #define PACKAGE_URL ""
| #define HAVE_STDIO_H 1
| #define HAVE_STDLIB_H 1
| #define HAVE_STRING_H 1
| #define HAVE_INTTYPES_H 1
| #define HAVE_STDINT_H 1
| #define HAVE_STRINGS_H 1
| #define HAVE_SYS_STAT_H 1
| #define HAVE_SYS_TYPES_H 1
| #define HAVE_UNISTD_H 1
| #define HAVE_WCHAR_H 1
| #define STDC_HEADERS 1
| #define _ALL_SOURCE 1
| #define _DARWIN_C_SOURCE 1
| #define _GNU_SOURCE 1
| #define _HPUX_ALT_XOPEN_SOCKET_API 1
| #define _NETBSD_SOURCE 1
| #define _OPENBSD_SOURCE 1
| #define _POSIX_PTHREAD_SEMANTICS 1
| #define __STDC_WANT_IEC_60559_ATTRIBS_EXT__ 1
| #define __STDC_WANT_IEC_60559_BFP_EXT__ 1
| #define __STDC_WANT_IEC_60559_DFP_EXT__ 1
| #define __STDC_WANT_IEC_60559_FUNCS_EXT__ 1
| #define __STDC_WANT_IEC_60559_TYPES_EXT__ 1
| #define __STDC_WANT_LIB_EXT2__ 1
| #define __STDC_WANT_MATH_SPEC_FUNCS__ 1
| #define _TANDEM_SOURCE 1
| #define __EXTENSIONS__ 1
| #define PACKAGE "libxsltrr"
| #define VERSION "1.1.26"
| #define HAVE_DLFCN_H 1
| #define LT_OBJDIR ".libs/"
| #define HAVE_SYS_TYPES_H 1
| #define HAVE_SYS_TIME_H 1
| #define HAVE_STDLIB_H 1
| #define HAVE_UNISTD_H 1
| #define HAVE_STRING_H 1
| #define HAVE_LIBPTHREAD /**/
| #define HAVE_PTHREAD_H /**/
| #define HAVE_LOCALE_H 1
| #define HAVE_MATH_H 1
| #define HAVE_FLOAT_H 1
| #define HAVE_SYS_TIMEB_H 1
| #define HAVE_TIME_H 1
| #define HAVE_SYS_STAT_H 1
| #define HAVE_SYS_SELECT_H 1
| #define HAVE_STDARG_H 1
| #define HAVE_STAT 1
| #define HAVE_POW 1
| #define HAVE_FLOOR 1
| /* end confdefs.h.  */
| /* Define fabs to an innocuous variant, in case <limits.h> declares fabs.
|    For example, HP-UX 11i <limits.h> declares gettimeofday.  */
| #define fabs innocuous_fabs
| 
| /* System header to define __stub macros and hopefully few prototypes,
|    which can conflict with char fabs (); below.  */
| 
| #include <limits.h>
| #undef fabs
| 
| /* Override any GCC internal prototype to avoid an error.
|    Use char because int might match the return type of a GCC
|    builtin and then its argument prototype would still apply.  */
| #ifdef __cplusplus
| extern "C"
| #endif
| char fabs ();
| /* The GNU C library defines this for functions which it implements
|     to always fail with ENOSYS.  Some functions are actually named
|     something starting with __ and the normal name is an alias.  */
| #if defined __stub_fabs || defined __stub___fabs
| choke me
| #endif
| 
| int
| main (void)
| {
| return fabs ();
|   ;
|   return 0;
| }
configure:14833: result: no
configure:14838: checking for fabs in -lm
configure:14861: gcc -o conftest -g -O2   conftest.c -lm   >&5
conftest.c:62:6: warning: conflicting types for built-in function 'fabs'; expected 'double(double)' [-Wbuiltin-declaration-mismatch]
   62 | char fabs ();
      |      ^~~~
conftest.c:1:1: note: 'fabs' is declared in header '<math.h>'
    1 | /* confdefs.h */
configure:14861: $? = 0
configure:14871: result: yes
configure:14881: checking for gettimeofday
configure:14881: gcc -o conftest -g -O2   conftest.c  >&5
configure:14881: $? = 0
configure:14881: result: yes
configure:14888: checking for mktime
configure:14888: gcc -o conftest -g -O2   conftest.c  >&5
configure:14888: $? = 0
configure:14888: result: yes
configure:14894: checking for localtime
configure:14894: gcc -o conftest -g -O2   conftest.c  >&5
configure:14894: $? = 0
configure:14894: result: yes
configure:14900: checking for localtime_r
configure:14900: gcc -o conftest -g -O2   conftest.c  >&5
configure:14900: $? = 0
configure:14900: result: yes
configure:14906: checking for asctime
configure:14906: gcc -o conftest -g -O2   conftest.c  >&5
configure:14906: $? = 0
configure:14906: result: yes
configure:14912: checking for time
configure:14912: gcc -o conftest -g -O2   conftest.c  >&5
configure:14912: $? = 0
configure:14912: result: yes
configure:14918: checking for gmtime_r
configure:14918: gcc -o conftest -g -O2   conftest.c  >&5
configure:14918: $? = 0
configure:14918: result: yes
configure:14924: checking for ftime
configure:14924: gcc -o conftest -g -O2   conftest.c  >&5
configure:14924: $? = 0
configure:14924: result: yes
configure:14936: checking for printf
configure:14936: gcc -o conftest -g -O2   conftest.c  >&5
conftest.c:83:6: warning: conflicting types for built-in function 'printf'; expected 'int(const char *, ...)' [-Wbuiltin-declaration-mismatch]
   83 | char printf ();
      |      ^~~~~~
conftest.c:75:1: note: 'printf' is declared in header '<stdio.h>'
   74 | #include <limits.h>
   75 | #undef printf
configure:14936: $? = 0
configure:14936: result: yes
configure:14936: checking for sprintf
configure:14936: gcc -o conftest -g -O2   conftest.c  >&5
conftest.c:84:6: warning: conflicting types for built-in function 'sprintf'; expected 'int(char *, const char *, ...)' [-Wbuiltin-declaration-mismatch]
   84 | char sprintf ();
      |      ^~~~~~~
conftest.c:76:1: note: 'sprintf' is declared in header '<stdio.h>'
   75 | #include <limits.h>
   76 | #undef sprintf
configure:14936: $? = 0
configure:14936: result: yes
configure:14936: checking for fprintf
configure:14936: gcc -o conftest -g -O2   conftest.c  >&5
conftest.c:85:6: warning: conflicting types for built-in function 'fprintf'; expected 'int(void *, const char *, ...)' [-Wbuiltin-declaration-mismatch]
   85 | char fprintf ();
      |      ^~~~~~~
conftest.c:77:1: note: 'fprintf' is declared in header '<stdio.h>'
   76 | #include <limits.h>
   77 | #undef fprintf
configure:14936: $? = 0
configure:14936: result: yes
configure:14936: checking for snprintf
configure:14936: gcc -o conftest -g -O2   conftest.c  >&5
conftest.c:86:6: warning: conflicting types for built-in function 'snprintf'; expected 'int(char *, long unsigned int,  const char *, ...)' [-Wbuiltin-declaration-mismatch]
   86 | char snprintf ();
      |      ^~~~~~~~
conftest.c:78:1: note: 'snprintf' is declared in header '<stdio.h>'
   77 | #include <limits.h>
   78 | #undef snprintf
configure:14936: $? = 0
configure:14936: result: yes
configure:14936: checking for vfprintf
configure:14936: gcc -o conftest -g -O2   conftest.c  >&5
conftest.c:87:6: warning: conflicting types for built-in function 'vfprintf'; expected 'int(void *, const char *, __va_list_tag *)' [-Wbuiltin-declaration-mismatch]
   87 | char vfprintf ();
      |      ^~~~~~~~
conftest.c:79:1: note: 'vfprintf' is declared in header '<stdio.h>'
   78 | #include <limits.h>
   79 | #undef vfprintf
configure:14936: $? = 0
configure:14936: result: yes
configure:14936: checking for vsprintf
configure:14936: gcc -o conftest -g -O2   conftest.c  >&5
conftest.c:88:6: warning: conflicting types for built-in function 'vsprintf'; expected 'int(char *, const char *, __va_list_tag *)' [-Wbuiltin-declaration-mismatch]
   88 | char vsprintf ();
      |      ^~~~~~~~
conftest.c:80:1: note: 'vsprintf' is declared in header '<stdio.h>'
   79 | #include <limits.h>
   80 | #undef vsprintf
configure:14936: $? = 0
configure:14936: result: yes
configure:14936: checking for vsnprintf
configure:14936: gcc -o conftest -g -O2   conftest.c  >&5
conftest.c:89:6: warning: conflicting types for built-in function 'vsnprintf'; expected 'int(char *, long unsigned int,  const char *, __va_list_tag *)' [-Wbuiltin-declaration-mismatch]
   89 | char vsnprintf ();
      |      ^~~~~~~~~
conftest.c:81:1: note: 'vsnprintf' is declared in header '<stdio.h>'
   80 | #include <limits.h>
   81 | #undef vsnprintf
configure:14936: $? = 0
configure:14936: result: yes
configure:14936: checking for sscanf
configure:14936: gcc -o conftest -g -O2   conftest.c  >&5
conftest.c:90:6: warning: conflicting types for built-in function 'sscanf'; expected 'int(const char *, const char *, ...)' [-Wbuiltin-declaration-mismatch]
   90 | char sscanf ();
      |      ^~~~~~
conftest.c:82:1: note: 'sscanf' is declared in header '<stdio.h>'
   81 | #include <limits.h>
   82 | #undef sscanf
configure:14936: $? = 0
configure:14936: result: yes
configure:14963: checking for perl
configure:14984: found /usr/bin/perl
configure:14996: result: perl
configure:15043: checking for python
configure:15066: found ~/miniconda3/bin/python
configure:15078: result: ~/miniconda3/bin/python
configure:15169: checking for libgcrypt-config
configure:15192: found /usr/bin/libgcrypt-config
configure:15205: result: /usr/bin/libgcrypt-config
configure:15356: checking for libxml libraries >= 2.6.27
configure:15411: result: 2.7.8 found
configure:15439: checking whether shared libraries will be built (required for plugins)
configure:15450: result: yes
configure:15455: checking libxml2 module support
configure:15459: result: yes
configure:15660: checking that generated files are newer than configure
configure:15666: result: done
configure:15705: creating ./config.status

## ---------------------- ##
## Running config.status. ##
## ---------------------- ##

This file was extended by libxsltrr config.status 1.1.26, which was
generated by GNU Autoconf 2.71.  Invocation command line was

  CONFIG_FILES    = 
  CONFIG_HEADERS  = 
  CONFIG_LINKS    = 
  CONFIG_COMMANDS = 
  $ ./config.status 

on lp

config.status:1246: creating Makefile
config.status:1246: creating libxslt.pc
config.status:1246: creating libexslt.pc
config.status:1246: creating libxslt/Makefile
config.status:1246: creating libxslt/xsltconfig.h
config.status:1246: creating libxslt/xsltwin32config.h
config.status:1246: creating libexslt/Makefile
config.status:1246: creating libexslt/exsltconfig.h
config.status:1246: creating xsltproc/Makefile
config.status:1246: creating python/Makefile
config.status:1246: creating python/tests/Makefile
config.status:1246: creating tests/Makefile
config.status:1246: creating tests/docs/Makefile
config.status:1246: creating tests/REC1/Makefile
config.status:1246: creating tests/REC2/Makefile
config.status:1246: creating tests/REC/Makefile
config.status:1246: creating tests/general/Makefile
config.status:1246: creating tests/reports/Makefile
config.status:1246: creating tests/extensions/Makefile
config.status:1246: creating tests/namespaces/Makefile
config.status:1246: creating tests/keys/Makefile
config.status:1246: creating tests/numbers/Makefile
config.status:1246: creating tests/documents/Makefile
config.status:1246: creating tests/xmlspec/Makefile
config.status:1246: creating tests/multiple/Makefile
config.status:1246: creating tests/xinclude/Makefile
config.status:1246: creating tests/XSLTMark/Makefile
config.status:1246: creating tests/docbook/Makefile
config.status:1246: creating tests/exslt/Makefile
config.status:1246: creating tests/exslt/common/Makefile
config.status:1246: creating tests/exslt/functions/Makefile
config.status:1246: creating tests/exslt/math/Makefile
config.status:1246: creating tests/exslt/sets/Makefile
config.status:1246: creating tests/exslt/strings/Makefile
config.status:1246: creating tests/exslt/date/Makefile
config.status:1246: creating tests/exslt/dynamic/Makefile
config.status:1246: creating tests/plugins/Makefile
config.status:1246: creating doc/Makefile
config.status:1246: creating xslt-config
config.status:1246: creating libxslt.spec
config.status:1246: creating config.h
config.status:1427: config.h is unchanged
config.status:1475: executing depfiles commands
config.status:1552: cd libxslt       && sed -e '/# am--include-marker/d' Makefile         | make -f - am--depfiles
make: Nothing to be done for 'am--depfiles'.
config.status:1557: $? = 0
config.status:1552: cd libexslt       && sed -e '/# am--include-marker/d' Makefile         | make -f - am--depfiles
make: Nothing to be done for 'am--depfiles'.
config.status:1557: $? = 0
config.status:1552: cd xsltproc       && sed -e '/# am--include-marker/d' Makefile         | make -f - am--depfiles
make: Nothing to be done for 'am--depfiles'.
config.status:1557: $? = 0
config.status:1552: cd python       && sed -e '/# am--include-marker/d' Makefile         | make -f - am--depfiles
make: Nothing to be done for 'am--depfiles'.
config.status:1557: $? = 0
config.status:1552: cd tests/plugins       && sed -e '/# am--include-marker/d' Makefile         | make -f - am--depfiles
make: Nothing to be done for 'am--depfiles'.
config.status:1557: $? = 0
config.status:1475: executing libtool commands

## ---------------- ##
## Cache variables. ##
## ---------------- ##

ac_cv_build=x86_64-pc-linux-gnu
ac_cv_c_compiler_gnu=yes
ac_cv_env_CC_set=
ac_cv_env_CC_value=
ac_cv_env_CFLAGS_set=
ac_cv_env_CFLAGS_value=
ac_cv_env_CPPFLAGS_set=
ac_cv_env_CPPFLAGS_value=
ac_cv_env_CPP_set=
ac_cv_env_CPP_value=
ac_cv_env_LDFLAGS_set=
ac_cv_env_LDFLAGS_value=
ac_cv_env_LIBS_set=
ac_cv_env_LIBS_value=
ac_cv_env_LT_SYS_LIBRARY_PATH_set=
ac_cv_env_LT_SYS_LIBRARY_PATH_value=
ac_cv_env_build_alias_set=
ac_cv_env_build_alias_value=
ac_cv_env_host_alias_set=
ac_cv_env_host_alias_value=
ac_cv_env_target_alias_set=
ac_cv_env_target_alias_value=
ac_cv_func__stat=no
ac_cv_func_asctime=yes
ac_cv_func_fabs=no
ac_cv_func_floor=no
ac_cv_func_fprintf=yes
ac_cv_func_ftime=yes
ac_cv_func_gettimeofday=yes
ac_cv_func_gmtime_r=yes
ac_cv_func_isinf=yes
ac_cv_func_isnan=yes
ac_cv_func_localtime=yes
ac_cv_func_localtime_r=yes
ac_cv_func_mktime=yes
ac_cv_func_pow=no
ac_cv_func_printf=yes
ac_cv_func_snprintf=yes
ac_cv_func_sprintf=yes
ac_cv_func_sscanf=yes
ac_cv_func_stat=yes
ac_cv_func_time=yes
ac_cv_func_vfprintf=yes
ac_cv_func_vsnprintf=yes
ac_cv_func_vsprintf=yes
ac_cv_header_ansidecl_h=no
ac_cv_header_dlfcn_h=yes
ac_cv_header_float_h=yes
ac_cv_header_fp_class_h=no
ac_cv_header_ieeefp_h=no
ac_cv_header_inttypes_h=yes
ac_cv_header_locale_h=yes
ac_cv_header_math_h=yes
ac_cv_header_minix_config_h=no
ac_cv_header_nan_h=no
ac_cv_header_pthread_h=yes
ac_cv_header_stdarg_h=yes
ac_cv_header_stdint_h=yes
ac_cv_header_stdio_h=yes
ac_cv_header_stdlib_h=yes
ac_cv_header_string_h=yes
ac_cv_header_strings_h=yes
ac_cv_header_sys_select_h=yes
ac_cv_header_sys_stat_h=yes
ac_cv_header_sys_time_h=yes
ac_cv_header_sys_timeb_h=yes
ac_cv_header_sys_types_h=yes
ac_cv_header_time_h=yes
ac_cv_header_unistd_h=yes
ac_cv_header_wchar_h=yes
ac_cv_header_xlocale_h=no
ac_cv_host=x86_64-pc-linux-gnu
ac_cv_lib_m_fabs=yes
ac_cv_lib_m_floor=yes
ac_cv_lib_m_pow=yes
ac_cv_lib_pthread_pthread_join=yes
ac_cv_objext=o
ac_cv_path_EGREP='/usr/bin/grep -E'
ac_cv_path_FGREP='/usr/bin/grep -F'
ac_cv_path_GREP=/usr/bin/grep
ac_cv_path_LIBGCRYPT_CONFIG=/usr/bin/libgcrypt-config
ac_cv_path_MV=/usr/bin/mv
ac_cv_path_PYTHON=~/miniconda3/bin/python
ac_cv_path_RM=/usr/bin/rm
ac_cv_path_SED=/usr/bin/sed
ac_cv_path_TAR=/usr/bin/tar
ac_cv_path_XMLLINT=/opt/Xilinx/Vitis/2021.1/bin/xmllint
ac_cv_path_XSLTPROC=/opt/Xilinx/Vitis/2021.1/bin/xsltproc
ac_cv_path_install='/usr/bin/install -c'
ac_cv_path_lt_DD=/usr/bin/dd
ac_cv_path_mkdir=/usr/bin/mkdir
ac_cv_prog_AWK=gawk
ac_cv_prog_CPP='gcc -E'
ac_cv_prog_PERL=perl
ac_cv_prog_ac_ct_AR=ar
ac_cv_prog_ac_ct_CC=gcc
ac_cv_prog_ac_ct_DLLTOOL=dlltool
ac_cv_prog_ac_ct_MANIFEST_TOOL=mt
ac_cv_prog_ac_ct_OBJDUMP=objdump
ac_cv_prog_ac_ct_RANLIB=ranlib
ac_cv_prog_ac_ct_STRIP=strip
ac_cv_prog_cc_c11=
ac_cv_prog_cc_g=yes
ac_cv_prog_cc_stdc=
ac_cv_prog_make_make_set=yes
ac_cv_safe_to_define___extensions__=yes
ac_cv_search_strerror='none required'
ac_cv_should_define__xopen_source=no
am_cv_CC_dependencies_compiler_type=gcc3
am_cv_make_support_nested_variables=yes
am_cv_prog_cc_c_o=yes
lt_cv_ar_at_file=@
lt_cv_archive_cmds_need_lc=no
lt_cv_deplibs_check_method=pass_all
lt_cv_file_magic_cmd='$MAGIC_CMD'
lt_cv_file_magic_test_file=
lt_cv_ld_reload_flag=-r
lt_cv_nm_interface='BSD nm'
lt_cv_objdir=.libs
lt_cv_path_LD=/usr/bin/ld
lt_cv_path_NM='/usr/bin/nm -B'
lt_cv_path_mainfest_tool=no
lt_cv_prog_compiler_c_o=yes
lt_cv_prog_compiler_pic='-fPIC -DPIC'
lt_cv_prog_compiler_pic_works=yes
lt_cv_prog_compiler_rtti_exceptions=no
lt_cv_prog_compiler_static_works=yes
lt_cv_prog_gnu_ld=yes
lt_cv_sharedlib_from_linklib_cmd='printf %s\n'
lt_cv_shlibpath_overrides_runpath=yes
lt_cv_sys_global_symbol_pipe='sed -n -e '\''s/^.*[	 ]\([ABCDGIRSTW][ABCDGIRSTW]*\)[	 ][	 ]*\([_A-Za-z][_A-Za-z0-9]*\)$/\1 \2 \2/p'\'' | sed '\''/ __gnu_lto/d'\'''
lt_cv_sys_global_symbol_to_c_name_address='sed -n -e '\''s/^: \(.*\) .*$/  {"\1", (void *) 0},/p'\'' -e '\''s/^[ABCDGIRSTW][ABCDGIRSTW]* .* \(.*\)$/  {"\1", (void *) \&\1},/p'\'''
lt_cv_sys_global_symbol_to_c_name_address_lib_prefix='sed -n -e '\''s/^: \(.*\) .*$/  {"\1", (void *) 0},/p'\'' -e '\''s/^[ABCDGIRSTW][ABCDGIRSTW]* .* \(lib.*\)$/  {"\1", (void *) \&\1},/p'\'' -e '\''s/^[ABCDGIRSTW][ABCDGIRSTW]* .* \(.*\)$/  {"lib\1", (void *) \&\1},/p'\'''
lt_cv_sys_global_symbol_to_cdecl='sed -n -e '\''s/^T .* \(.*\)$/extern int \1();/p'\'' -e '\''s/^[ABCDGIRSTW][ABCDGIRSTW]* .* \(.*\)$/extern char \1;/p'\'''
lt_cv_sys_global_symbol_to_import=
lt_cv_sys_max_cmd_len=1572864
lt_cv_to_host_file_cmd=func_convert_file_noop
lt_cv_to_tool_file_cmd=func_convert_file_noop
lt_cv_truncate_bin='/usr/bin/dd bs=4096 count=1'

## ----------------- ##
## Output variables. ##
## ----------------- ##

ACLOCAL='${SHELL} '\''~/Software_Old/generalserver/src/installations/libxslt-rr/missing'\'' aclocal-1.16'
AMDEPBACKSLASH='\'
AMDEP_FALSE='#'
AMDEP_TRUE=''
AMTAR='$${TAR-tar}'
AM_BACKSLASH='\'
AM_DEFAULT_V='$(AM_DEFAULT_VERBOSITY)'
AM_DEFAULT_VERBOSITY='1'
AM_V='$(V)'
AR='ar'
AR_FLAGS='crD'
AS='as'
AUTOCONF='${SHELL} '\''~/Software_Old/generalserver/src/installations/libxslt-rr/missing'\'' autoconf'
AUTOHEADER='${SHELL} '\''~/Software_Old/generalserver/src/installations/libxslt-rr/missing'\'' autoheader'
AUTOMAKE='${SHELL} '\''~/Software_Old/generalserver/src/installations/libxslt-rr/missing'\'' automake-1.16'
AWK='gawk'
CC='gcc'
CCDEPMODE='depmode=gcc3'
CFLAGS='-g -O2 -Wall'
CPP='gcc -E'
CPPFLAGS=''
CSCOPE='cscope'
CTAGS='ctags'
CYGPATH_W='echo'
DEFS='-DHAVE_CONFIG_H'
DEPDIR='.deps'
DLLTOOL='dlltool'
DSYMUTIL=''
DUMPBIN=''
ECHO_C=''
ECHO_N='-n'
ECHO_T=''
EGREP='/usr/bin/grep -E'
ETAGS='etags'
EXEEXT=''
EXSLT_INCLUDEDIR='-I${includedir}'
EXSLT_LIBDIR='-L${libdir}'
EXSLT_LIBS='-lexslt -lxsltrr -L~/Software_Old/generalserver/src/installations/libxml2-rr -L/usr/local/lib -lxml2rr -lz -lpthread -lm -lm -L/usr/lib/x86_64-linux-gnu -lgcrypt'
EXTRA_LIBS=' -L~/Software_Old/generalserver/src/installations/libxml2-rr -L/usr/local/lib -lxml2rr -lz -lpthread -lm -lm'
FGREP='/usr/bin/grep -F'
GREP='/usr/bin/grep'
HTML_DIR='$(datadir)/doc/$(PACKAGE)-$(VERSION)/html'
INSTALL_DATA='${INSTALL} -m 644'
INSTALL_PROGRAM='${INSTALL}'
INSTALL_SCRIPT='${INSTALL}'
INSTALL_STRIP_PROGRAM='$(install_sh) -c -s'
LD='/usr/bin/ld -m elf_x86_64'
LDFLAGS=''
LIBEXSLT_MAJOR_VERSION='0'
LIBEXSLT_MICRO_VERSION='15'
LIBEXSLT_MINOR_VERSION='8'
LIBEXSLT_VERSION='0.8.15'
LIBEXSLT_VERSION_EXTRA=''
LIBEXSLT_VERSION_INFO='8:15:8'
LIBEXSLT_VERSION_NUMBER='815'
LIBGCRYPT_CFLAGS=''
LIBGCRYPT_CONFIG='/usr/bin/libgcrypt-config'
LIBGCRYPT_LIBS='-L/usr/lib/x86_64-linux-gnu -lgcrypt'
LIBOBJS=''
LIBS=''
LIBTOOL='$(SHELL) $(top_builddir)/libtool'
LIBXML_CFLAGS='-I~/Software_Old/generalserver/src/installations/libxml2-rr/include -I/usr/local/include/libxml2'
LIBXML_LIBS='-L~/Software_Old/generalserver/src/installations/libxml2-rr -L/usr/local/lib -lxml2rr -lz -lpthread -lm'
LIBXML_REQUIRED_VERSION='2.6.27'
LIBXML_SRC='../libxml2-rr'
LIBXSLT_DEFAULT_PLUGINS_PATH='/usr/local/lib/libxslt-plugins'
LIBXSLT_MAJOR_MINOR_VERSION='1.1'
LIBXSLT_MAJOR_VERSION='1'
LIBXSLT_MICRO_VERSION='26'
LIBXSLT_MINOR_VERSION='1'
LIBXSLT_VERSION='1.1.26'
LIBXSLT_VERSION_EXTRA=''
LIBXSLT_VERSION_INFO='2:26:1'
LIBXSLT_VERSION_NUMBER='10126'
LIPO=''
LN_S='ln -s'
LTLIBOBJS=''
LT_SYS_LIBRARY_PATH=''
MAKEINFO='${SHELL} '\''~/Software_Old/generalserver/src/installations/libxslt-rr/missing'\'' makeinfo'
MANIFEST_TOOL=':'
MKDIR_P='/usr/bin/mkdir -p'
MV='/usr/bin/mv'
M_LIBS='-lm'
NM='/usr/bin/nm -B'
NMEDIT=''
OBJDUMP='objdump'
OBJEXT='o'
OTOOL64=''
OTOOL=''
PACKAGE='libxsltrr'
PACKAGE_BUGREPORT=''
PACKAGE_NAME='libxsltrr'
PACKAGE_STRING='libxsltrr 1.1.26'
PACKAGE_TARNAME='libxsltrr'
PACKAGE_URL=''
PACKAGE_VERSION='1.1.26'
PATH_SEPARATOR=':'
PERL='perl'
PYTHON='~/miniconda3/bin/python'
PYTHONSODV=''
PYTHON_INCLUDES=''
PYTHON_SITE_PACKAGES='~/miniconda3/lib/python3.9/site-packages'
PYTHON_SUBDIR=''
PYTHON_VERSION='3.9'
RANLIB='ranlib'
RELDATE='Mon Nov 21 2022'
RM='/usr/bin/rm'
SED='/usr/bin/sed'
SET_MAKE=''
SHELL='/bin/bash'
STATIC_BINARIES=''
STRIP='strip'
TAR='/usr/bin/tar'
THREAD_LIBS='-lpthread'
USE_VERSION_SCRIPT_FALSE='#'
USE_VERSION_SCRIPT_TRUE=''
VERSION='1.1.26'
VERSION_SCRIPT_FLAGS='-Wl,--version-script='
WIN32_EXTRA_LDFLAGS=''
WIN32_EXTRA_LIBADD=''
WITH_CRYPTO='1'
WITH_DEBUGGER='1'
WITH_MEM_DEBUG='0'
WITH_MODULES='1'
WITH_MODULES_FALSE='#'
WITH_MODULES_TRUE=''
WITH_PERL_FALSE='#'
WITH_PERL_TRUE=''
WITH_PYTHON_FALSE=''
WITH_PYTHON_TRUE='#'
WITH_TRIO='0'
WITH_XSLT_DEBUG='0'
XMLLINT='/opt/Xilinx/Vitis/2021.1/bin/xmllint'
XML_CONFIG='~/Software_Old/generalserver/src/installations/libxml2-rr/xml2-config'
XSLTPROC='/opt/Xilinx/Vitis/2021.1/bin/xsltproc'
XSLTPROCDV=''
XSLT_INCLUDEDIR='-I${includedir}'
XSLT_LIBDIR='-L${libdir}'
XSLT_LIBS='-lxsltrr -L~/Software_Old/generalserver/src/installations/libxml2-rr -L/usr/local/lib -lxml2rr -lz -lpthread -lm -lm'
XSLT_LOCALE_WINAPI='0'
XSLT_LOCALE_XLOCALE='0'
ac_ct_AR='ar'
ac_ct_CC='gcc'
ac_ct_DUMPBIN=''
am__EXEEXT_FALSE=''
am__EXEEXT_TRUE='#'
am__fastdepCC_FALSE='#'
am__fastdepCC_TRUE=''
am__include='include'
am__isrc=''
am__leading_dot='.'
am__nodep='_no'
am__quote=''
am__tar='$${TAR-tar} chof - "$$tardir"'
am__untar='$${TAR-tar} xf -'
bindir='${exec_prefix}/bin'
build='x86_64-pc-linux-gnu'
build_alias=''
build_cpu='x86_64'
build_os='linux-gnu'
build_vendor='pc'
datadir='${datarootdir}'
datarootdir='${prefix}/share'
docdir='${datarootdir}/doc/${PACKAGE_TARNAME}'
dvidir='${docdir}'
exec_prefix='${prefix}'
host='x86_64-pc-linux-gnu'
host_alias=''
host_cpu='x86_64'
host_os='linux-gnu'
host_vendor='pc'
htmldir='${docdir}'
includedir='${prefix}/include'
infodir='${datarootdir}/info'
install_sh='${SHELL} ~/Software_Old/generalserver/src/installations/libxslt-rr/install-sh'
libdir='${exec_prefix}/lib'
libexecdir='${exec_prefix}/libexec'
localedir='${datarootdir}/locale'
localstatedir='${prefix}/var'
mandir='${datarootdir}/man'
mkdir_p='$(MKDIR_P)'
oldincludedir='/usr/include'
pdfdir='${docdir}'
prefix='/usr/local'
program_transform_name='s,x,x,'
psdir='${docdir}'
pythondir='$(libdir)/python$(PYTHON_VERSION)/site-packages'
runstatedir='${localstatedir}/run'
sbindir='${exec_prefix}/sbin'
sharedstatedir='${prefix}/com'
sysconfdir='${prefix}/etc'
target_alias=''

## ----------- ##
## confdefs.h. ##
## ----------- ##

/* confdefs.h */
#define PACKAGE_NAME "libxsltrr"
#define PACKAGE_TARNAME "libxsltrr"
#define PACKAGE_VERSION "1.1.26"
#define PACKAGE_STRING "libxsltrr 1.1.26"
#define PACKAGE_BUGREPORT ""
#define PACKAGE_URL ""
#define HAVE_STDIO_H 1
#define HAVE_STDLIB_H 1
#define HAVE_STRING_H 1
#define HAVE_INTTYPES_H 1
#define HAVE_STDINT_H 1
#define HAVE_STRINGS_H 1
#define HAVE_SYS_STAT_H 1
#define HAVE_SYS_TYPES_H 1
#define HAVE_UNISTD_H 1
#define HAVE_WCHAR_H 1
#define STDC_HEADERS 1
#define _ALL_SOURCE 1
#define _DARWIN_C_SOURCE 1
#define _GNU_SOURCE 1
#define _HPUX_ALT_XOPEN_SOCKET_API 1
#define _NETBSD_SOURCE 1
#define _OPENBSD_SOURCE 1
#define _POSIX_PTHREAD_SEMANTICS 1
#define __STDC_WANT_IEC_60559_ATTRIBS_EXT__ 1
#define __STDC_WANT_IEC_60559_BFP_EXT__ 1
#define __STDC_WANT_IEC_60559_DFP_EXT__ 1
#define __STDC_WANT_IEC_60559_FUNCS_EXT__ 1
#define __STDC_WANT_IEC_60559_TYPES_EXT__ 1
#define __STDC_WANT_LIB_EXT2__ 1
#define __STDC_WANT_MATH_SPEC_FUNCS__ 1
#define _TANDEM_SOURCE 1
#define __EXTENSIONS__ 1
#define PACKAGE "libxsltrr"
#define VERSION "1.1.26"
#define HAVE_DLFCN_H 1
#define LT_OBJDIR ".libs/"
#define HAVE_SYS_TYPES_H 1
#define HAVE_SYS_TIME_H 1
#define HAVE_STDLIB_H 1
#define HAVE_UNISTD_H 1
#define HAVE_STRING_H 1
#define HAVE_LIBPTHREAD /**/
#define HAVE_PTHREAD_H /**/
#define HAVE_LOCALE_H 1
#define HAVE_MATH_H 1
#define HAVE_FLOAT_H 1
#define HAVE_SYS_TIMEB_H 1
#define HAVE_TIME_H 1
#define HAVE_SYS_STAT_H 1
#define HAVE_SYS_SELECT_H 1
#define HAVE_STDARG_H 1
#define HAVE_STAT 1
#define HAVE_POW 1
#define HAVE_FLOOR 1
#define HAVE_FABS 1
#define HAVE_GETTIMEOFDAY 1
#define HAVE_MKTIME 1
#define HAVE_LOCALTIME 1
#define HAVE_LOCALTIME_R 1
#define HAVE_ASCTIME 1
#define HAVE_TIME 1
#define HAVE_GMTIME_R 1
#define HAVE_FTIME 1
#define HAVE_PRINTF 1
#define HAVE_SPRINTF 1
#define HAVE_FPRINTF 1
#define HAVE_SNPRINTF 1
#define HAVE_VFPRINTF 1
#define HAVE_VSPRINTF 1
#define HAVE_VSNPRINTF 1
#define HAVE_SSCANF 1
#define HAVE_GCRYPT 1
#define WITH_DEBUGGER 1

configure: exit 0
