This file contains any messages produced by compilers while
running configure, to aid debugging if configure makes a mistake.

It was created by generalserver configure 1.0, which was
generated by GNU Autoconf 2.69.  Invocation command line was

  $ ./configure --with-debug --without-session-xpath

## --------- ##
## Platform. ##
## --------- ##

hostname = anewholm-HP-ZBook-15
uname -m = x86_64
uname -r = 4.13.0-46-generic
uname -s = Linux
uname -v = #51-Ubuntu SMP Tue Jun 12 12:36:29 UTC 2018

/usr/bin/uname -p = unknown
/bin/uname -X     = unknown

/bin/arch              = unknown
/usr/bin/arch -k       = unknown
/usr/convex/getsysinfo = unknown
/usr/bin/hostinfo      = unknown
/bin/machine           = unknown
/usr/bin/oslevel       = unknown
/bin/universe          = unknown

PATH: /usr/local/sbin
PATH: /usr/local/bin
PATH: /usr/sbin
PATH: /usr/bin
PATH: /sbin
PATH: /bin
PATH: /usr/games
PATH: /usr/local/games
PATH: /snap/bin


## ----------- ##
## Core tests. ##
## ----------- ##

configure:2510: checking for a BSD-compatible install
configure:2578: result: /usr/bin/install -c
configure:2589: checking whether build environment is sane
configure:2644: result: yes
configure:2795: checking for a thread-safe mkdir -p
configure:2834: result: /bin/mkdir -p
configure:2841: checking for gawk
configure:2871: result: no
configure:2841: checking for mawk
configure:2857: found /usr/bin/mawk
configure:2868: result: mawk
configure:2879: checking whether make sets $(MAKE)
configure:2901: result: yes
configure:2930: checking whether make supports nested variables
configure:2947: result: yes
configure:3244: checking build system type
configure:3258: result: x86_64-pc-linux-gnu
configure:3278: checking host system type
configure:3291: result: x86_64-pc-linux-gnu
configure:3332: checking how to print strings
configure:3359: result: printf
configure:3392: checking for style of include used by make
configure:3420: result: GNU
configure:3491: checking for gcc
configure:3507: found /usr/bin/gcc
configure:3518: result: gcc
configure:3747: checking for C compiler version
configure:3756: gcc --version >&5
gcc (Ubuntu 7.2.0-8ubuntu3.2) 7.2.0
Copyright (C) 2017 Free Software Foundation, Inc.
This is free software; see the source for copying conditions.  There is NO
warranty; not even for MERCHANTABILITY or FITNESS FOR A PARTICULAR PURPOSE.

configure:3767: $? = 0
configure:3756: gcc -v >&5
Using built-in specs.
COLLECT_GCC=gcc
COLLECT_LTO_WRAPPER=/usr/lib/gcc/x86_64-linux-gnu/7/lto-wrapper
OFFLOAD_TARGET_NAMES=nvptx-none
OFFLOAD_TARGET_DEFAULT=1
Target: x86_64-linux-gnu
Configured with: ../src/configure -v --with-pkgversion='Ubuntu 7.2.0-8ubuntu3.2' --with-bugurl=file:///usr/share/doc/gcc-7/README.Bugs --enable-languages=c,ada,c++,go,brig,d,fortran,objc,obj-c++ --prefix=/usr --with-gcc-major-version-only --program-suffix=-7 --program-prefix=x86_64-linux-gnu- --enable-shared --enable-linker-build-id --libexecdir=/usr/lib --without-included-gettext --enable-threads=posix --libdir=/usr/lib --enable-nls --with-sysroot=/ --enable-clocale=gnu --enable-libstdcxx-debug --enable-libstdcxx-time=yes --with-default-libstdcxx-abi=new --enable-gnu-unique-object --disable-vtable-verify --enable-libmpx --enable-plugin --enable-default-pie --with-system-zlib --with-target-system-zlib --enable-objc-gc=auto --enable-multiarch --disable-werror --with-arch-32=i686 --with-abi=m64 --with-multilib-list=m32,m64,mx32 --enable-multilib --with-tune=generic --enable-offload-targets=nvptx-none --without-cuda-driver --enable-checking=release --build=x86_64-linux-gnu --host=x86_64-linux-gnu --target=x86_64-linux-gnu
Thread model: posix
gcc version 7.2.0 (Ubuntu 7.2.0-8ubuntu3.2) 
configure:3767: $? = 0
configure:3756: gcc -V >&5
gcc: error: unrecognized command line option '-V'
gcc: fatal error: no input files
compilation terminated.
configure:3767: $? = 1
configure:3756: gcc -qversion >&5
gcc: error: unrecognized command line option '-qversion'; did you mean '--version'?
gcc: fatal error: no input files
compilation terminated.
configure:3767: $? = 1
configure:3787: checking whether the C compiler works
configure:3809: gcc    conftest.c  >&5
configure:3813: $? = 0
configure:3861: result: yes
configure:3864: checking for C compiler default output file name
configure:3866: result: a.out
configure:3872: checking for suffix of executables
configure:3879: gcc -o conftest    conftest.c  >&5
configure:3883: $? = 0
configure:3905: result: 
configure:3927: checking whether we are cross compiling
configure:3935: gcc -o conftest    conftest.c  >&5
configure:3939: $? = 0
configure:3946: ./conftest
configure:3950: $? = 0
configure:3965: result: no
configure:3970: checking for suffix of object files
configure:3992: gcc -c   conftest.c >&5
configure:3996: $? = 0
configure:4017: result: o
configure:4021: checking whether we are using the GNU C compiler
configure:4040: gcc -c   conftest.c >&5
configure:4040: $? = 0
configure:4049: result: yes
configure:4058: checking whether gcc accepts -g
configure:4078: gcc -c -g  conftest.c >&5
configure:4078: $? = 0
configure:4119: result: yes
configure:4136: checking for gcc option to accept ISO C89
configure:4199: gcc  -c -g -O2  conftest.c >&5
configure:4199: $? = 0
configure:4212: result: none needed
configure:4237: checking whether gcc understands -c and -o together
configure:4259: gcc -c conftest.c -o conftest2.o
configure:4262: $? = 0
configure:4259: gcc -c conftest.c -o conftest2.o
configure:4262: $? = 0
configure:4274: result: yes
configure:4293: checking dependency style of gcc
configure:4404: result: gcc3
configure:4419: checking for a sed that does not truncate output
configure:4483: result: /bin/sed
configure:4501: checking for grep that handles long lines and -e
configure:4559: result: /bin/grep
configure:4564: checking for egrep
configure:4626: result: /bin/grep -E
configure:4631: checking for fgrep
configure:4693: result: /bin/grep -F
configure:4728: checking for ld used by gcc
configure:4795: result: /usr/bin/ld
configure:4802: checking if the linker (/usr/bin/ld) is GNU ld
configure:4817: result: yes
configure:4829: checking for BSD- or MS-compatible name lister (nm)
configure:4883: result: /usr/bin/nm -B
configure:5013: checking the name lister (/usr/bin/nm -B) interface
configure:5020: gcc -c -g -O2  conftest.c >&5
configure:5023: /usr/bin/nm -B "conftest.o"
configure:5026: output
0000000000000000 B some_variable
configure:5033: result: BSD nm
configure:5036: checking whether ln -s works
configure:5040: result: yes
configure:5048: checking the maximum length of command line arguments
configure:5179: result: 1572864
configure:5227: checking how to convert x86_64-pc-linux-gnu file names to x86_64-pc-linux-gnu format
configure:5267: result: func_convert_file_noop
configure:5274: checking how to convert x86_64-pc-linux-gnu file names to toolchain format
configure:5294: result: func_convert_file_noop
configure:5301: checking for /usr/bin/ld option to reload object files
configure:5308: result: -r
configure:5382: checking for objdump
configure:5398: found /usr/bin/objdump
configure:5409: result: objdump
configure:5441: checking how to recognize dependent libraries
configure:5641: result: pass_all
configure:5726: checking for dlltool
configure:5756: result: no
configure:5786: checking how to associate runtime and link libraries
configure:5813: result: printf %s\n
configure:5874: checking for ar
configure:5890: found /usr/bin/ar
configure:5901: result: ar
configure:5938: checking for archiver @FILE support
configure:5955: gcc -c -g -O2  conftest.c >&5
configure:5955: $? = 0
configure:5958: ar cru libconftest.a @conftest.lst >&5
ar: `u' modifier ignored since `D' is the default (see `U')
configure:5961: $? = 0
configure:5966: ar cru libconftest.a @conftest.lst >&5
ar: `u' modifier ignored since `D' is the default (see `U')
ar: conftest.o: No such file or directory
configure:5969: $? = 1
configure:5981: result: @
configure:6039: checking for strip
configure:6055: found /usr/bin/strip
configure:6066: result: strip
configure:6138: checking for ranlib
configure:6154: found /usr/bin/ranlib
configure:6165: result: ranlib
configure:6267: checking command to parse /usr/bin/nm -B output from gcc object
configure:6420: gcc -c -g -O2  conftest.c >&5
configure:6423: $? = 0
configure:6427: /usr/bin/nm -B conftest.o \| sed -n -e 's/^.*[ ]\([ABCDGIRSTW][ABCDGIRSTW]*\)[ ][ ]*\([_A-Za-z][_A-Za-z0-9]*\)$/\1 \2 \2/p' | sed '/ __gnu_lto/d' \> conftest.nm
configure:6430: $? = 0
configure:6496: gcc -o conftest -g -O2   conftest.c conftstm.o >&5
configure:6499: $? = 0
configure:6537: result: ok
configure:6584: checking for sysroot
configure:6614: result: no
configure:6621: checking for a working dd
configure:6659: result: /bin/dd
configure:6663: checking how to truncate binary pipes
configure:6678: result: /bin/dd bs=4096 count=1
configure:6814: gcc -c -g -O2  conftest.c >&5
configure:6817: $? = 0
configure:7007: checking for mt
configure:7023: found /bin/mt
configure:7034: result: mt
configure:7057: checking if mt is a manifest tool
configure:7063: mt '-?'
configure:7071: result: no
configure:7748: checking how to run the C preprocessor
configure:7779: gcc -E  conftest.c
configure:7779: $? = 0
configure:7793: gcc -E  conftest.c
conftest.c:13:10: fatal error: ac_nonexistent.h: No such file or directory
 #include <ac_nonexistent.h>
          ^~~~~~~~~~~~~~~~~~
compilation terminated.
configure:7793: $? = 1
configure: failed program was:
| /* confdefs.h */
| #define PACKAGE_NAME "generalserver"
| #define PACKAGE_TARNAME "generalserver"
| #define PACKAGE_VERSION "1.0"
| #define PACKAGE_STRING "generalserver 1.0"
| #define PACKAGE_BUGREPORT "annesley_newholm@yahoo.it"
| #define PACKAGE_URL ""
| #define PACKAGE "generalserver"
| #define VERSION "1.0"
| #define WITHOUT_SESSION_XPATH 1
| #define WITH_DEBUG 1
| /* end confdefs.h.  */
| #include <ac_nonexistent.h>
configure:7818: result: gcc -E
configure:7838: gcc -E  conftest.c
configure:7838: $? = 0
configure:7852: gcc -E  conftest.c
conftest.c:13:10: fatal error: ac_nonexistent.h: No such file or directory
 #include <ac_nonexistent.h>
          ^~~~~~~~~~~~~~~~~~
compilation terminated.
configure:7852: $? = 1
configure: failed program was:
| /* confdefs.h */
| #define PACKAGE_NAME "generalserver"
| #define PACKAGE_TARNAME "generalserver"
| #define PACKAGE_VERSION "1.0"
| #define PACKAGE_STRING "generalserver 1.0"
| #define PACKAGE_BUGREPORT "annesley_newholm@yahoo.it"
| #define PACKAGE_URL ""
| #define PACKAGE "generalserver"
| #define VERSION "1.0"
| #define WITHOUT_SESSION_XPATH 1
| #define WITH_DEBUG 1
| /* end confdefs.h.  */
| #include <ac_nonexistent.h>
configure:7881: checking for ANSI C header files
configure:7901: gcc -c -g -O2  conftest.c >&5
configure:7901: $? = 0
configure:7974: gcc -o conftest -g -O2   conftest.c  >&5
configure:7974: $? = 0
configure:7974: ./conftest
configure:7974: $? = 0
configure:7985: result: yes
configure:7998: checking for sys/types.h
configure:7998: gcc -c -g -O2  conftest.c >&5
configure:7998: $? = 0
configure:7998: result: yes
configure:7998: checking for sys/stat.h
configure:7998: gcc -c -g -O2  conftest.c >&5
configure:7998: $? = 0
configure:7998: result: yes
configure:7998: checking for stdlib.h
configure:7998: gcc -c -g -O2  conftest.c >&5
configure:7998: $? = 0
configure:7998: result: yes
configure:7998: checking for string.h
configure:7998: gcc -c -g -O2  conftest.c >&5
configure:7998: $? = 0
configure:7998: result: yes
configure:7998: checking for memory.h
configure:7998: gcc -c -g -O2  conftest.c >&5
configure:7998: $? = 0
configure:7998: result: yes
configure:7998: checking for strings.h
configure:7998: gcc -c -g -O2  conftest.c >&5
configure:7998: $? = 0
configure:7998: result: yes
configure:7998: checking for inttypes.h
configure:7998: gcc -c -g -O2  conftest.c >&5
configure:7998: $? = 0
configure:7998: result: yes
configure:7998: checking for stdint.h
configure:7998: gcc -c -g -O2  conftest.c >&5
configure:7998: $? = 0
configure:7998: result: yes
configure:7998: checking for unistd.h
configure:7998: gcc -c -g -O2  conftest.c >&5
configure:7998: $? = 0
configure:7998: result: yes
configure:8012: checking for dlfcn.h
configure:8012: gcc -c -g -O2  conftest.c >&5
configure:8012: $? = 0
configure:8012: result: yes
configure:8268: checking for objdir
configure:8283: result: .libs
configure:8547: checking if gcc supports -fno-rtti -fno-exceptions
configure:8565: gcc -c -g -O2  -fno-rtti -fno-exceptions conftest.c >&5
cc1: warning: command line option '-fno-rtti' is valid for C++/ObjC++ but not for C
configure:8569: $? = 0
configure:8582: result: no
configure:8940: checking for gcc option to produce PIC
configure:8947: result: -fPIC -DPIC
configure:8955: checking if gcc PIC flag -fPIC -DPIC works
configure:8973: gcc -c -g -O2  -fPIC -DPIC -DPIC conftest.c >&5
configure:8977: $? = 0
configure:8990: result: yes
configure:9019: checking if gcc static flag -static works
configure:9047: result: yes
configure:9062: checking if gcc supports -c -o file.o
configure:9083: gcc -c -g -O2  -o out/conftest2.o conftest.c >&5
configure:9087: $? = 0
configure:9109: result: yes
configure:9117: checking if gcc supports -c -o file.o
configure:9164: result: yes
configure:9197: checking whether the gcc linker (/usr/bin/ld -m elf_x86_64) supports shared libraries
configure:10460: result: yes
configure:10497: checking whether -lc should be explicitly linked in
configure:10505: gcc -c -g -O2  conftest.c >&5
configure:10508: $? = 0
configure:10523: gcc -shared  -fPIC -DPIC conftest.o  -v -Wl,-soname -Wl,conftest -o conftest 2\>\&1 \| /bin/grep  -lc  \>/dev/null 2\>\&1
configure:10526: $? = 0
configure:10540: result: no
configure:10700: checking dynamic linker characteristics
configure:11281: gcc -o conftest -g -O2   -Wl,-rpath -Wl,/foo conftest.c  >&5
configure:11281: $? = 0
configure:11530: result: GNU/Linux ld.so
configure:11652: checking how to hardcode library paths into programs
configure:11677: result: immediate
configure:12225: checking whether stripping libraries is possible
configure:12230: result: yes
configure:12265: checking if libtool supports shared libraries
configure:12267: result: yes
configure:12270: checking whether to build shared libraries
configure:12295: result: yes
configure:12298: checking whether to build static libraries
configure:12302: result: yes
configure:12428: checking for g++
configure:12444: found /usr/bin/g++
configure:12455: result: g++
configure:12482: checking for C++ compiler version
configure:12491: g++ --version >&5
g++ (Ubuntu 7.2.0-8ubuntu3.2) 7.2.0
Copyright (C) 2017 Free Software Foundation, Inc.
This is free software; see the source for copying conditions.  There is NO
warranty; not even for MERCHANTABILITY or FITNESS FOR A PARTICULAR PURPOSE.

configure:12502: $? = 0
configure:12491: g++ -v >&5
Using built-in specs.
COLLECT_GCC=g++
COLLECT_LTO_WRAPPER=/usr/lib/gcc/x86_64-linux-gnu/7/lto-wrapper
OFFLOAD_TARGET_NAMES=nvptx-none
OFFLOAD_TARGET_DEFAULT=1
Target: x86_64-linux-gnu
Configured with: ../src/configure -v --with-pkgversion='Ubuntu 7.2.0-8ubuntu3.2' --with-bugurl=file:///usr/share/doc/gcc-7/README.Bugs --enable-languages=c,ada,c++,go,brig,d,fortran,objc,obj-c++ --prefix=/usr --with-gcc-major-version-only --program-suffix=-7 --program-prefix=x86_64-linux-gnu- --enable-shared --enable-linker-build-id --libexecdir=/usr/lib --without-included-gettext --enable-threads=posix --libdir=/usr/lib --enable-nls --with-sysroot=/ --enable-clocale=gnu --enable-libstdcxx-debug --enable-libstdcxx-time=yes --with-default-libstdcxx-abi=new --enable-gnu-unique-object --disable-vtable-verify --enable-libmpx --enable-plugin --enable-default-pie --with-system-zlib --with-target-system-zlib --enable-objc-gc=auto --enable-multiarch --disable-werror --with-arch-32=i686 --with-abi=m64 --with-multilib-list=m32,m64,mx32 --enable-multilib --with-tune=generic --enable-offload-targets=nvptx-none --without-cuda-driver --enable-checking=release --build=x86_64-linux-gnu --host=x86_64-linux-gnu --target=x86_64-linux-gnu
Thread model: posix
gcc version 7.2.0 (Ubuntu 7.2.0-8ubuntu3.2) 
configure:12502: $? = 0
configure:12491: g++ -V >&5
g++: error: unrecognized command line option '-V'
g++: fatal error: no input files
compilation terminated.
configure:12502: $? = 1
configure:12491: g++ -qversion >&5
g++: error: unrecognized command line option '-qversion'; did you mean '--version'?
g++: fatal error: no input files
compilation terminated.
configure:12502: $? = 1
configure:12506: checking whether we are using the GNU C++ compiler
configure:12525: g++ -c -O0 -ggdb  conftest.cpp >&5
configure:12525: $? = 0
configure:12534: result: yes
configure:12543: checking whether g++ accepts -g
configure:12563: g++ -c -g  conftest.cpp >&5
configure:12563: $? = 0
configure:12604: result: yes
configure:12629: checking dependency style of g++
configure:12740: result: gcc3
configure:12773: checking how to run the C++ preprocessor
configure:12800: g++ -E  conftest.cpp
configure:12800: $? = 0
configure:12814: g++ -E  conftest.cpp
conftest.cpp:33:10: fatal error: ac_nonexistent.h: No such file or directory
 #include <ac_nonexistent.h>
          ^~~~~~~~~~~~~~~~~~
compilation terminated.
configure:12814: $? = 1
configure: failed program was:
| /* confdefs.h */
| #define PACKAGE_NAME "generalserver"
| #define PACKAGE_TARNAME "generalserver"
| #define PACKAGE_VERSION "1.0"
| #define PACKAGE_STRING "generalserver 1.0"
| #define PACKAGE_BUGREPORT "annesley_newholm@yahoo.it"
| #define PACKAGE_URL ""
| #define PACKAGE "generalserver"
| #define VERSION "1.0"
| #define WITHOUT_SESSION_XPATH 1
| #define WITH_DEBUG 1
| #define STDC_HEADERS 1
| #define HAVE_SYS_TYPES_H 1
| #define HAVE_SYS_STAT_H 1
| #define HAVE_STDLIB_H 1
| #define HAVE_STRING_H 1
| #define HAVE_MEMORY_H 1
| #define HAVE_STRINGS_H 1
| #define HAVE_INTTYPES_H 1
| #define HAVE_STDINT_H 1
| #define HAVE_UNISTD_H 1
| #define HAVE_DLFCN_H 1
| #define LT_OBJDIR ".libs/"
| #define DATABASE_MASK_CONTEXT MaskContext
| #define DATABASE_TRIGGER_CONTEXT TriggerContextDatabaseAttribute
| #define SERVER_MAIN_XML_LIBRARY_PREFIX Lib
| #define VERSION_TYPE "Alpha"
| #define VERSION_BUILD "1"
| #define VERSION_MINOR "0"
| #define VERSION_MAJOR "1"
| #define _EXECUTABLE "generalserver"
| /* end confdefs.h.  */
| #include <ac_nonexistent.h>
configure:12839: result: g++ -E
configure:12859: g++ -E  conftest.cpp
configure:12859: $? = 0
configure:12873: g++ -E  conftest.cpp
conftest.cpp:33:10: fatal error: ac_nonexistent.h: No such file or directory
 #include <ac_nonexistent.h>
          ^~~~~~~~~~~~~~~~~~
compilation terminated.
configure:12873: $? = 1
configure: failed program was:
| /* confdefs.h */
| #define PACKAGE_NAME "generalserver"
| #define PACKAGE_TARNAME "generalserver"
| #define PACKAGE_VERSION "1.0"
| #define PACKAGE_STRING "generalserver 1.0"
| #define PACKAGE_BUGREPORT "annesley_newholm@yahoo.it"
| #define PACKAGE_URL ""
| #define PACKAGE "generalserver"
| #define VERSION "1.0"
| #define WITHOUT_SESSION_XPATH 1
| #define WITH_DEBUG 1
| #define STDC_HEADERS 1
| #define HAVE_SYS_TYPES_H 1
| #define HAVE_SYS_STAT_H 1
| #define HAVE_STDLIB_H 1
| #define HAVE_STRING_H 1
| #define HAVE_MEMORY_H 1
| #define HAVE_STRINGS_H 1
| #define HAVE_INTTYPES_H 1
| #define HAVE_STDINT_H 1
| #define HAVE_UNISTD_H 1
| #define HAVE_DLFCN_H 1
| #define LT_OBJDIR ".libs/"
| #define DATABASE_MASK_CONTEXT MaskContext
| #define DATABASE_TRIGGER_CONTEXT TriggerContextDatabaseAttribute
| #define SERVER_MAIN_XML_LIBRARY_PREFIX Lib
| #define VERSION_TYPE "Alpha"
| #define VERSION_BUILD "1"
| #define VERSION_MINOR "0"
| #define VERSION_MAJOR "1"
| #define _EXECUTABLE "generalserver"
| /* end confdefs.h.  */
| #include <ac_nonexistent.h>
configure:13035: checking for ld used by g++
configure:13102: result: /usr/bin/ld -m elf_x86_64
configure:13109: checking if the linker (/usr/bin/ld -m elf_x86_64) is GNU ld
configure:13124: result: yes
configure:13179: checking whether the g++ linker (/usr/bin/ld -m elf_x86_64) supports shared libraries
configure:14252: result: yes
configure:14288: g++ -c -O0 -ggdb  conftest.cpp >&5
configure:14291: $? = 0
configure:14772: checking for g++ option to produce PIC
configure:14779: result: -fPIC -DPIC
configure:14787: checking if g++ PIC flag -fPIC -DPIC works
configure:14805: g++ -c -O0 -ggdb  -fPIC -DPIC -DPIC conftest.cpp >&5
configure:14809: $? = 0
configure:14822: result: yes
configure:14845: checking if g++ static flag -static works
configure:14873: result: yes
configure:14885: checking if g++ supports -c -o file.o
configure:14906: g++ -c -O0 -ggdb  -o out/conftest2.o conftest.cpp >&5
configure:14910: $? = 0
configure:14932: result: yes
configure:14937: checking if g++ supports -c -o file.o
configure:14984: result: yes
configure:15014: checking whether the g++ linker (/usr/bin/ld -m elf_x86_64) supports shared libraries
configure:15057: result: yes
configure:15198: checking dynamic linker characteristics
configure:15955: result: GNU/Linux ld.so
configure:16020: checking how to hardcode library paths into programs
configure:16045: result: immediate
configure:16089: checking for gawk
configure:16116: result: mawk
configure:16175: checking for gcc
configure:16202: result: gcc
configure:16431: checking for C compiler version
configure:16440: gcc --version >&5
gcc (Ubuntu 7.2.0-8ubuntu3.2) 7.2.0
Copyright (C) 2017 Free Software Foundation, Inc.
This is free software; see the source for copying conditions.  There is NO
warranty; not even for MERCHANTABILITY or FITNESS FOR A PARTICULAR PURPOSE.

configure:16451: $? = 0
configure:16440: gcc -v >&5
Using built-in specs.
COLLECT_GCC=gcc
COLLECT_LTO_WRAPPER=/usr/lib/gcc/x86_64-linux-gnu/7/lto-wrapper
OFFLOAD_TARGET_NAMES=nvptx-none
OFFLOAD_TARGET_DEFAULT=1
Target: x86_64-linux-gnu
Configured with: ../src/configure -v --with-pkgversion='Ubuntu 7.2.0-8ubuntu3.2' --with-bugurl=file:///usr/share/doc/gcc-7/README.Bugs --enable-languages=c,ada,c++,go,brig,d,fortran,objc,obj-c++ --prefix=/usr --with-gcc-major-version-only --program-suffix=-7 --program-prefix=x86_64-linux-gnu- --enable-shared --enable-linker-build-id --libexecdir=/usr/lib --without-included-gettext --enable-threads=posix --libdir=/usr/lib --enable-nls --with-sysroot=/ --enable-clocale=gnu --enable-libstdcxx-debug --enable-libstdcxx-time=yes --with-default-libstdcxx-abi=new --enable-gnu-unique-object --disable-vtable-verify --enable-libmpx --enable-plugin --enable-default-pie --with-system-zlib --with-target-system-zlib --enable-objc-gc=auto --enable-multiarch --disable-werror --with-arch-32=i686 --with-abi=m64 --with-multilib-list=m32,m64,mx32 --enable-multilib --with-tune=generic --enable-offload-targets=nvptx-none --without-cuda-driver --enable-checking=release --build=x86_64-linux-gnu --host=x86_64-linux-gnu --target=x86_64-linux-gnu
Thread model: posix
gcc version 7.2.0 (Ubuntu 7.2.0-8ubuntu3.2) 
configure:16451: $? = 0
configure:16440: gcc -V >&5
gcc: error: unrecognized command line option '-V'
gcc: fatal error: no input files
compilation terminated.
configure:16451: $? = 1
configure:16440: gcc -qversion >&5
gcc: error: unrecognized command line option '-qversion'; did you mean '--version'?
gcc: fatal error: no input files
compilation terminated.
configure:16451: $? = 1
configure:16455: checking whether we are using the GNU C compiler
configure:16483: result: yes
configure:16492: checking whether gcc accepts -g
configure:16553: result: yes
configure:16570: checking for gcc option to accept ISO C89
configure:16646: result: none needed
configure:16671: checking whether gcc understands -c and -o together
configure:16708: result: yes
configure:16727: checking dependency style of gcc
configure:16838: result: gcc3
configure:16858: checking how to run the C preprocessor
configure:16928: result: gcc -E
configure:16948: gcc -E  conftest.c
configure:16948: $? = 0
configure:16962: gcc -E  conftest.c
conftest.c:33:10: fatal error: ac_nonexistent.h: No such file or directory
 #include <ac_nonexistent.h>
          ^~~~~~~~~~~~~~~~~~
compilation terminated.
configure:16962: $? = 1
configure: failed program was:
| /* confdefs.h */
| #define PACKAGE_NAME "generalserver"
| #define PACKAGE_TARNAME "generalserver"
| #define PACKAGE_VERSION "1.0"
| #define PACKAGE_STRING "generalserver 1.0"
| #define PACKAGE_BUGREPORT "annesley_newholm@yahoo.it"
| #define PACKAGE_URL ""
| #define PACKAGE "generalserver"
| #define VERSION "1.0"
| #define WITHOUT_SESSION_XPATH 1
| #define WITH_DEBUG 1
| #define STDC_HEADERS 1
| #define HAVE_SYS_TYPES_H 1
| #define HAVE_SYS_STAT_H 1
| #define HAVE_STDLIB_H 1
| #define HAVE_STRING_H 1
| #define HAVE_MEMORY_H 1
| #define HAVE_STRINGS_H 1
| #define HAVE_INTTYPES_H 1
| #define HAVE_STDINT_H 1
| #define HAVE_UNISTD_H 1
| #define HAVE_DLFCN_H 1
| #define LT_OBJDIR ".libs/"
| #define DATABASE_MASK_CONTEXT MaskContext
| #define DATABASE_TRIGGER_CONTEXT TriggerContextDatabaseAttribute
| #define SERVER_MAIN_XML_LIBRARY_PREFIX Lib
| #define VERSION_TYPE "Alpha"
| #define VERSION_BUILD "1"
| #define VERSION_MINOR "0"
| #define VERSION_MAJOR "1"
| #define _EXECUTABLE "generalserver"
| /* end confdefs.h.  */
| #include <ac_nonexistent.h>
configure:16991: checking whether ln -s works
configure:16995: result: yes
configure:17002: checking whether make sets $(MAKE)
configure:17024: result: yes
configure:17036: checking for main in -lz
configure:17055: gcc -o conftest -g -O2   conftest.c -lz   >&5
configure:17055: $? = 0
configure:17064: result: yes
configure:17075: checking for main in -luuid
configure:17094: gcc -o conftest -g -O2   conftest.c -luuid  -lz  >&5
configure:17094: $? = 0
configure:17103: result: yes
configure:17114: checking for main in -lrt
configure:17133: gcc -o conftest -g -O2   conftest.c -lrt  -luuid -lz  >&5
configure:17133: $? = 0
configure:17142: result: yes
configure:17153: checking for main in -lhistory
configure:17172: gcc -o conftest -g -O2   conftest.c -lhistory  -lrt -luuid -lz  >&5
configure:17172: $? = 0
configure:17181: result: yes
configure:17192: checking for main in -lreadline
configure:17211: gcc -o conftest -g -O2   conftest.c -lreadline  -lhistory -lrt -luuid -lz  >&5
configure:17211: $? = 0
configure:17220: result: yes
configure:17231: checking for main in -lpthread
configure:17250: gcc -o conftest -g -O2   conftest.c -lpthread  -lreadline -lhistory -lrt -luuid -lz  >&5
configure:17250: $? = 0
configure:17259: result: yes
configure:17270: checking for main in -lpq
configure:17289: gcc -o conftest -g -O2   conftest.c -lpq  -lpthread -lreadline -lhistory -lrt -luuid -lz  >&5
configure:17289: $? = 0
configure:17298: result: yes
configure:17309: checking for main in -lm
configure:17328: gcc -o conftest -g -O2   conftest.c -lm  -lpq -lpthread -lreadline -lhistory -lrt -luuid -lz  >&5
configure:17328: $? = 0
configure:17337: result: yes
configure:17348: checking for main in -lgcrypt
configure:17367: gcc -o conftest -g -O2   conftest.c -lgcrypt  -lm -lpq -lpthread -lreadline -lhistory -lrt -luuid -lz  >&5
configure:17367: $? = 0
configure:17376: result: yes
configure:17387: checking for main in -ldl
configure:17406: gcc -o conftest -g -O2   conftest.c -ldl  -lgcrypt -lm -lpq -lpthread -lreadline -lhistory -lrt -luuid -lz  >&5
configure:17406: $? = 0
configure:17415: result: yes
configure:17429: checking for size_t
configure:17429: gcc -c -g -O2  conftest.c >&5
configure:17429: $? = 0
configure:17429: gcc -c -g -O2  conftest.c >&5
conftest.c: In function 'main':
conftest.c:79:21: error: expected expression before ')' token
 if (sizeof ((size_t)))
                     ^
configure:17429: $? = 1
configure: failed program was:
| /* confdefs.h */
| #define PACKAGE_NAME "generalserver"
| #define PACKAGE_TARNAME "generalserver"
| #define PACKAGE_VERSION "1.0"
| #define PACKAGE_STRING "generalserver 1.0"
| #define PACKAGE_BUGREPORT "annesley_newholm@yahoo.it"
| #define PACKAGE_URL ""
| #define PACKAGE "generalserver"
| #define VERSION "1.0"
| #define WITHOUT_SESSION_XPATH 1
| #define WITH_DEBUG 1
| #define STDC_HEADERS 1
| #define HAVE_SYS_TYPES_H 1
| #define HAVE_SYS_STAT_H 1
| #define HAVE_STDLIB_H 1
| #define HAVE_STRING_H 1
| #define HAVE_MEMORY_H 1
| #define HAVE_STRINGS_H 1
| #define HAVE_INTTYPES_H 1
| #define HAVE_STDINT_H 1
| #define HAVE_UNISTD_H 1
| #define HAVE_DLFCN_H 1
| #define LT_OBJDIR ".libs/"
| #define DATABASE_MASK_CONTEXT MaskContext
| #define DATABASE_TRIGGER_CONTEXT TriggerContextDatabaseAttribute
| #define SERVER_MAIN_XML_LIBRARY_PREFIX Lib
| #define VERSION_TYPE "Alpha"
| #define VERSION_BUILD "1"
| #define VERSION_MINOR "0"
| #define VERSION_MAJOR "1"
| #define _EXECUTABLE "generalserver"
| #define HAVE_LIBZ 1
| #define HAVE_LIBUUID 1
| #define HAVE_LIBRT 1
| #define HAVE_LIBHISTORY 1
| #define HAVE_LIBREADLINE 1
| #define HAVE_LIBPTHREAD 1
| #define HAVE_LIBPQ 1
| #define HAVE_LIBM 1
| #define HAVE_LIBGCRYPT 1
| #define HAVE_LIBDL 1
| /* end confdefs.h.  */
| #include <stdio.h>
| #ifdef HAVE_SYS_TYPES_H
| # include <sys/types.h>
| #endif
| #ifdef HAVE_SYS_STAT_H
| # include <sys/stat.h>
| #endif
| #ifdef STDC_HEADERS
| # include <stdlib.h>
| # include <stddef.h>
| #else
| # ifdef HAVE_STDLIB_H
| #  include <stdlib.h>
| # endif
| #endif
| #ifdef HAVE_STRING_H
| # if !defined STDC_HEADERS && defined HAVE_MEMORY_H
| #  include <memory.h>
| # endif
| # include <string.h>
| #endif
| #ifdef HAVE_STRINGS_H
| # include <strings.h>
| #endif
| #ifdef HAVE_INTTYPES_H
| # include <inttypes.h>
| #endif
| #ifdef HAVE_STDINT_H
| # include <stdint.h>
| #endif
| #ifdef HAVE_UNISTD_H
| # include <unistd.h>
| #endif
| int
| main ()
| {
| if (sizeof ((size_t)))
| 	    return 0;
|   ;
|   return 0;
| }
configure:17429: result: yes
configure:17442: checking for working alloca.h
configure:17459: gcc -o conftest -g -O2   conftest.c -ldl -lgcrypt -lm -lpq -lpthread -lreadline -lhistory -lrt -luuid -lz  >&5
configure:17459: $? = 0
configure:17467: result: yes
configure:17475: checking for alloca
configure:17512: gcc -o conftest -g -O2   conftest.c -ldl -lgcrypt -lm -lpq -lpthread -lreadline -lhistory -lrt -luuid -lz  >&5
configure:17512: $? = 0
configure:17520: result: yes
configure:17629: checking arpa/inet.h usability
configure:17629: gcc -c -g -O2  conftest.c >&5
configure:17629: $? = 0
configure:17629: result: yes
configure:17629: checking arpa/inet.h presence
configure:17629: gcc -E  conftest.c
configure:17629: $? = 0
configure:17629: result: yes
configure:17629: checking for arpa/inet.h
configure:17629: result: yes
configure:17629: checking fcntl.h usability
configure:17629: gcc -c -g -O2  conftest.c >&5
configure:17629: $? = 0
configure:17629: result: yes
configure:17629: checking fcntl.h presence
configure:17629: gcc -E  conftest.c
configure:17629: $? = 0
configure:17629: result: yes
configure:17629: checking for fcntl.h
configure:17629: result: yes
configure:17629: checking limits.h usability
configure:17629: gcc -c -g -O2  conftest.c >&5
configure:17629: $? = 0
configure:17629: result: yes
configure:17629: checking limits.h presence
configure:17629: gcc -E  conftest.c
configure:17629: $? = 0
configure:17629: result: yes
configure:17629: checking for limits.h
configure:17629: result: yes
configure:17629: checking malloc.h usability
configure:17629: gcc -c -g -O2  conftest.c >&5
configure:17629: $? = 0
configure:17629: result: yes
configure:17629: checking malloc.h presence
configure:17629: gcc -E  conftest.c
configure:17629: $? = 0
configure:17629: result: yes
configure:17629: checking for malloc.h
configure:17629: result: yes
configure:17629: checking for memory.h
configure:17629: result: yes
configure:17629: checking netdb.h usability
configure:17629: gcc -c -g -O2  conftest.c >&5
configure:17629: $? = 0
configure:17629: result: yes
configure:17629: checking netdb.h presence
configure:17629: gcc -E  conftest.c
configure:17629: $? = 0
configure:17629: result: yes
configure:17629: checking for netdb.h
configure:17629: result: yes
configure:17629: checking netinet/in.h usability
configure:17629: gcc -c -g -O2  conftest.c >&5
configure:17629: $? = 0
configure:17629: result: yes
configure:17629: checking netinet/in.h presence
configure:17629: gcc -E  conftest.c
configure:17629: $? = 0
configure:17629: result: yes
configure:17629: checking for netinet/in.h
configure:17629: result: yes
configure:17629: checking stddef.h usability
configure:17629: gcc -c -g -O2  conftest.c >&5
configure:17629: $? = 0
configure:17629: result: yes
configure:17629: checking stddef.h presence
configure:17629: gcc -E  conftest.c
configure:17629: $? = 0
configure:17629: result: yes
configure:17629: checking for stddef.h
configure:17629: result: yes
configure:17629: checking for stdlib.h
configure:17629: result: yes
configure:17629: checking for string.h
configure:17629: result: yes
configure:17629: checking sys/socket.h usability
configure:17629: gcc -c -g -O2  conftest.c >&5
configure:17629: $? = 0
configure:17629: result: yes
configure:17629: checking sys/socket.h presence
configure:17629: gcc -E  conftest.c
configure:17629: $? = 0
configure:17629: result: yes
configure:17629: checking for sys/socket.h
configure:17629: result: yes
configure:17629: checking sys/time.h usability
configure:17629: gcc -c -g -O2  conftest.c >&5
configure:17629: $? = 0
configure:17629: result: yes
configure:17629: checking sys/time.h presence
configure:17629: gcc -E  conftest.c
configure:17629: $? = 0
configure:17629: result: yes
configure:17629: checking for sys/time.h
configure:17629: result: yes
configure:17629: checking for unistd.h
configure:17629: result: yes
configure:17629: checking wchar.h usability
configure:17629: gcc -c -g -O2  conftest.c >&5
configure:17629: $? = 0
configure:17629: result: yes
configure:17629: checking wchar.h presence
configure:17629: gcc -E  conftest.c
configure:17629: $? = 0
configure:17629: result: yes
configure:17629: checking for wchar.h
configure:17629: result: yes
configure:17629: checking wctype.h usability
configure:17629: gcc -c -g -O2  conftest.c >&5
configure:17629: $? = 0
configure:17629: result: yes
configure:17629: checking wctype.h presence
configure:17629: gcc -E  conftest.c
configure:17629: $? = 0
configure:17629: result: yes
configure:17629: checking for wctype.h
configure:17629: result: yes
configure:17641: checking for stdbool.h that conforms to C99
configure:17708: gcc -c -g -O2  conftest.c >&5
configure:17708: $? = 0
configure:17715: result: yes
configure:17717: checking for _Bool
configure:17717: gcc -c -g -O2  conftest.c >&5
configure:17717: $? = 0
configure:17717: gcc -c -g -O2  conftest.c >&5
conftest.c: In function 'main':
conftest.c:96:20: error: expected expression before ')' token
 if (sizeof ((_Bool)))
                    ^
configure:17717: $? = 1
configure: failed program was:
| /* confdefs.h */
| #define PACKAGE_NAME "generalserver"
| #define PACKAGE_TARNAME "generalserver"
| #define PACKAGE_VERSION "1.0"
| #define PACKAGE_STRING "generalserver 1.0"
| #define PACKAGE_BUGREPORT "annesley_newholm@yahoo.it"
| #define PACKAGE_URL ""
| #define PACKAGE "generalserver"
| #define VERSION "1.0"
| #define WITHOUT_SESSION_XPATH 1
| #define WITH_DEBUG 1
| #define STDC_HEADERS 1
| #define HAVE_SYS_TYPES_H 1
| #define HAVE_SYS_STAT_H 1
| #define HAVE_STDLIB_H 1
| #define HAVE_STRING_H 1
| #define HAVE_MEMORY_H 1
| #define HAVE_STRINGS_H 1
| #define HAVE_INTTYPES_H 1
| #define HAVE_STDINT_H 1
| #define HAVE_UNISTD_H 1
| #define HAVE_DLFCN_H 1
| #define LT_OBJDIR ".libs/"
| #define DATABASE_MASK_CONTEXT MaskContext
| #define DATABASE_TRIGGER_CONTEXT TriggerContextDatabaseAttribute
| #define SERVER_MAIN_XML_LIBRARY_PREFIX Lib
| #define VERSION_TYPE "Alpha"
| #define VERSION_BUILD "1"
| #define VERSION_MINOR "0"
| #define VERSION_MAJOR "1"
| #define _EXECUTABLE "generalserver"
| #define HAVE_LIBZ 1
| #define HAVE_LIBUUID 1
| #define HAVE_LIBRT 1
| #define HAVE_LIBHISTORY 1
| #define HAVE_LIBREADLINE 1
| #define HAVE_LIBPTHREAD 1
| #define HAVE_LIBPQ 1
| #define HAVE_LIBM 1
| #define HAVE_LIBGCRYPT 1
| #define HAVE_LIBDL 1
| #define HAVE_ALLOCA_H 1
| #define HAVE_ALLOCA 1
| #define HAVE_ARPA_INET_H 1
| #define HAVE_FCNTL_H 1
| #define HAVE_LIMITS_H 1
| #define HAVE_MALLOC_H 1
| #define HAVE_MEMORY_H 1
| #define HAVE_NETDB_H 1
| #define HAVE_NETINET_IN_H 1
| #define HAVE_STDDEF_H 1
| #define HAVE_STDLIB_H 1
| #define HAVE_STRING_H 1
| #define HAVE_SYS_SOCKET_H 1
| #define HAVE_SYS_TIME_H 1
| #define HAVE_UNISTD_H 1
| #define HAVE_WCHAR_H 1
| #define HAVE_WCTYPE_H 1
| /* end confdefs.h.  */
| #include <stdio.h>
| #ifdef HAVE_SYS_TYPES_H
| # include <sys/types.h>
| #endif
| #ifdef HAVE_SYS_STAT_H
| # include <sys/stat.h>
| #endif
| #ifdef STDC_HEADERS
| # include <stdlib.h>
| # include <stddef.h>
| #else
| # ifdef HAVE_STDLIB_H
| #  include <stdlib.h>
| # endif
| #endif
| #ifdef HAVE_STRING_H
| # if !defined STDC_HEADERS && defined HAVE_MEMORY_H
| #  include <memory.h>
| # endif
| # include <string.h>
| #endif
| #ifdef HAVE_STRINGS_H
| # include <strings.h>
| #endif
| #ifdef HAVE_INTTYPES_H
| # include <inttypes.h>
| #endif
| #ifdef HAVE_STDINT_H
| # include <stdint.h>
| #endif
| #ifdef HAVE_UNISTD_H
| # include <unistd.h>
| #endif
| int
| main ()
| {
| if (sizeof ((_Bool)))
| 	    return 0;
|   ;
|   return 0;
| }
configure:17717: result: yes
configure:17728: checking for inline
configure:17744: gcc -c -g -O2  conftest.c >&5
configure:17744: $? = 0
configure:17752: result: inline
configure:17770: checking for C/C++ restrict keyword
configure:17795: gcc -c -g -O2  conftest.c >&5
configure:17795: $? = 0
configure:17803: result: __restrict
configure:17816: checking for size_t
configure:17816: result: yes
configure:17827: checking for ptrdiff_t
configure:17827: gcc -c -g -O2  conftest.c >&5
configure:17827: $? = 0
configure:17827: gcc -c -g -O2  conftest.c >&5
conftest.c: In function 'main':
conftest.c:98:24: error: expected expression before ')' token
 if (sizeof ((ptrdiff_t)))
                        ^
configure:17827: $? = 1
configure: failed program was:
| /* confdefs.h */
| #define PACKAGE_NAME "generalserver"
| #define PACKAGE_TARNAME "generalserver"
| #define PACKAGE_VERSION "1.0"
| #define PACKAGE_STRING "generalserver 1.0"
| #define PACKAGE_BUGREPORT "annesley_newholm@yahoo.it"
| #define PACKAGE_URL ""
| #define PACKAGE "generalserver"
| #define VERSION "1.0"
| #define WITHOUT_SESSION_XPATH 1
| #define WITH_DEBUG 1
| #define STDC_HEADERS 1
| #define HAVE_SYS_TYPES_H 1
| #define HAVE_SYS_STAT_H 1
| #define HAVE_STDLIB_H 1
| #define HAVE_STRING_H 1
| #define HAVE_MEMORY_H 1
| #define HAVE_STRINGS_H 1
| #define HAVE_INTTYPES_H 1
| #define HAVE_STDINT_H 1
| #define HAVE_UNISTD_H 1
| #define HAVE_DLFCN_H 1
| #define LT_OBJDIR ".libs/"
| #define DATABASE_MASK_CONTEXT MaskContext
| #define DATABASE_TRIGGER_CONTEXT TriggerContextDatabaseAttribute
| #define SERVER_MAIN_XML_LIBRARY_PREFIX Lib
| #define VERSION_TYPE "Alpha"
| #define VERSION_BUILD "1"
| #define VERSION_MINOR "0"
| #define VERSION_MAJOR "1"
| #define _EXECUTABLE "generalserver"
| #define HAVE_LIBZ 1
| #define HAVE_LIBUUID 1
| #define HAVE_LIBRT 1
| #define HAVE_LIBHISTORY 1
| #define HAVE_LIBREADLINE 1
| #define HAVE_LIBPTHREAD 1
| #define HAVE_LIBPQ 1
| #define HAVE_LIBM 1
| #define HAVE_LIBGCRYPT 1
| #define HAVE_LIBDL 1
| #define HAVE_ALLOCA_H 1
| #define HAVE_ALLOCA 1
| #define HAVE_ARPA_INET_H 1
| #define HAVE_FCNTL_H 1
| #define HAVE_LIMITS_H 1
| #define HAVE_MALLOC_H 1
| #define HAVE_MEMORY_H 1
| #define HAVE_NETDB_H 1
| #define HAVE_NETINET_IN_H 1
| #define HAVE_STDDEF_H 1
| #define HAVE_STDLIB_H 1
| #define HAVE_STRING_H 1
| #define HAVE_SYS_SOCKET_H 1
| #define HAVE_SYS_TIME_H 1
| #define HAVE_UNISTD_H 1
| #define HAVE_WCHAR_H 1
| #define HAVE_WCTYPE_H 1
| #define HAVE__BOOL 1
| #define restrict __restrict
| /* end confdefs.h.  */
| #include <stdio.h>
| #ifdef HAVE_SYS_TYPES_H
| # include <sys/types.h>
| #endif
| #ifdef HAVE_SYS_STAT_H
| # include <sys/stat.h>
| #endif
| #ifdef STDC_HEADERS
| # include <stdlib.h>
| # include <stddef.h>
| #else
| # ifdef HAVE_STDLIB_H
| #  include <stdlib.h>
| # endif
| #endif
| #ifdef HAVE_STRING_H
| # if !defined STDC_HEADERS && defined HAVE_MEMORY_H
| #  include <memory.h>
| # endif
| # include <string.h>
| #endif
| #ifdef HAVE_STRINGS_H
| # include <strings.h>
| #endif
| #ifdef HAVE_INTTYPES_H
| # include <inttypes.h>
| #endif
| #ifdef HAVE_STDINT_H
| # include <stdint.h>
| #endif
| #ifdef HAVE_UNISTD_H
| # include <unistd.h>
| #endif
| int
| main ()
| {
| if (sizeof ((ptrdiff_t)))
| 	    return 0;
|   ;
|   return 0;
| }
configure:17827: result: yes
configure:17839: checking for pid_t
configure:17839: gcc -c -g -O2  conftest.c >&5
configure:17839: $? = 0
configure:17839: gcc -c -g -O2  conftest.c >&5
conftest.c: In function 'main':
conftest.c:99:20: error: expected expression before ')' token
 if (sizeof ((pid_t)))
                    ^
configure:17839: $? = 1
configure: failed program was:
| /* confdefs.h */
| #define PACKAGE_NAME "generalserver"
| #define PACKAGE_TARNAME "generalserver"
| #define PACKAGE_VERSION "1.0"
| #define PACKAGE_STRING "generalserver 1.0"
| #define PACKAGE_BUGREPORT "annesley_newholm@yahoo.it"
| #define PACKAGE_URL ""
| #define PACKAGE "generalserver"
| #define VERSION "1.0"
| #define WITHOUT_SESSION_XPATH 1
| #define WITH_DEBUG 1
| #define STDC_HEADERS 1
| #define HAVE_SYS_TYPES_H 1
| #define HAVE_SYS_STAT_H 1
| #define HAVE_STDLIB_H 1
| #define HAVE_STRING_H 1
| #define HAVE_MEMORY_H 1
| #define HAVE_STRINGS_H 1
| #define HAVE_INTTYPES_H 1
| #define HAVE_STDINT_H 1
| #define HAVE_UNISTD_H 1
| #define HAVE_DLFCN_H 1
| #define LT_OBJDIR ".libs/"
| #define DATABASE_MASK_CONTEXT MaskContext
| #define DATABASE_TRIGGER_CONTEXT TriggerContextDatabaseAttribute
| #define SERVER_MAIN_XML_LIBRARY_PREFIX Lib
| #define VERSION_TYPE "Alpha"
| #define VERSION_BUILD "1"
| #define VERSION_MINOR "0"
| #define VERSION_MAJOR "1"
| #define _EXECUTABLE "generalserver"
| #define HAVE_LIBZ 1
| #define HAVE_LIBUUID 1
| #define HAVE_LIBRT 1
| #define HAVE_LIBHISTORY 1
| #define HAVE_LIBREADLINE 1
| #define HAVE_LIBPTHREAD 1
| #define HAVE_LIBPQ 1
| #define HAVE_LIBM 1
| #define HAVE_LIBGCRYPT 1
| #define HAVE_LIBDL 1
| #define HAVE_ALLOCA_H 1
| #define HAVE_ALLOCA 1
| #define HAVE_ARPA_INET_H 1
| #define HAVE_FCNTL_H 1
| #define HAVE_LIMITS_H 1
| #define HAVE_MALLOC_H 1
| #define HAVE_MEMORY_H 1
| #define HAVE_NETDB_H 1
| #define HAVE_NETINET_IN_H 1
| #define HAVE_STDDEF_H 1
| #define HAVE_STDLIB_H 1
| #define HAVE_STRING_H 1
| #define HAVE_SYS_SOCKET_H 1
| #define HAVE_SYS_TIME_H 1
| #define HAVE_UNISTD_H 1
| #define HAVE_WCHAR_H 1
| #define HAVE_WCTYPE_H 1
| #define HAVE__BOOL 1
| #define restrict __restrict
| #define HAVE_PTRDIFF_T 1
| /* end confdefs.h.  */
| #include <stdio.h>
| #ifdef HAVE_SYS_TYPES_H
| # include <sys/types.h>
| #endif
| #ifdef HAVE_SYS_STAT_H
| # include <sys/stat.h>
| #endif
| #ifdef STDC_HEADERS
| # include <stdlib.h>
| # include <stddef.h>
| #else
| # ifdef HAVE_STDLIB_H
| #  include <stdlib.h>
| # endif
| #endif
| #ifdef HAVE_STRING_H
| # if !defined STDC_HEADERS && defined HAVE_MEMORY_H
| #  include <memory.h>
| # endif
| # include <string.h>
| #endif
| #ifdef HAVE_STRINGS_H
| # include <strings.h>
| #endif
| #ifdef HAVE_INTTYPES_H
| # include <inttypes.h>
| #endif
| #ifdef HAVE_STDINT_H
| # include <stdint.h>
| #endif
| #ifdef HAVE_UNISTD_H
| # include <unistd.h>
| #endif
| int
| main ()
| {
| if (sizeof ((pid_t)))
| 	    return 0;
|   ;
|   return 0;
| }
configure:17839: result: yes
configure:17852: checking vfork.h usability
configure:17852: gcc -c -g -O2  conftest.c >&5
conftest.c:96:10: fatal error: vfork.h: No such file or directory
 #include <vfork.h>
          ^~~~~~~~~
compilation terminated.
configure:17852: $? = 1
configure: failed program was:
| /* confdefs.h */
| #define PACKAGE_NAME "generalserver"
| #define PACKAGE_TARNAME "generalserver"
| #define PACKAGE_VERSION "1.0"
| #define PACKAGE_STRING "generalserver 1.0"
| #define PACKAGE_BUGREPORT "annesley_newholm@yahoo.it"
| #define PACKAGE_URL ""
| #define PACKAGE "generalserver"
| #define VERSION "1.0"
| #define WITHOUT_SESSION_XPATH 1
| #define WITH_DEBUG 1
| #define STDC_HEADERS 1
| #define HAVE_SYS_TYPES_H 1
| #define HAVE_SYS_STAT_H 1
| #define HAVE_STDLIB_H 1
| #define HAVE_STRING_H 1
| #define HAVE_MEMORY_H 1
| #define HAVE_STRINGS_H 1
| #define HAVE_INTTYPES_H 1
| #define HAVE_STDINT_H 1
| #define HAVE_UNISTD_H 1
| #define HAVE_DLFCN_H 1
| #define LT_OBJDIR ".libs/"
| #define DATABASE_MASK_CONTEXT MaskContext
| #define DATABASE_TRIGGER_CONTEXT TriggerContextDatabaseAttribute
| #define SERVER_MAIN_XML_LIBRARY_PREFIX Lib
| #define VERSION_TYPE "Alpha"
| #define VERSION_BUILD "1"
| #define VERSION_MINOR "0"
| #define VERSION_MAJOR "1"
| #define _EXECUTABLE "generalserver"
| #define HAVE_LIBZ 1
| #define HAVE_LIBUUID 1
| #define HAVE_LIBRT 1
| #define HAVE_LIBHISTORY 1
| #define HAVE_LIBREADLINE 1
| #define HAVE_LIBPTHREAD 1
| #define HAVE_LIBPQ 1
| #define HAVE_LIBM 1
| #define HAVE_LIBGCRYPT 1
| #define HAVE_LIBDL 1
| #define HAVE_ALLOCA_H 1
| #define HAVE_ALLOCA 1
| #define HAVE_ARPA_INET_H 1
| #define HAVE_FCNTL_H 1
| #define HAVE_LIMITS_H 1
| #define HAVE_MALLOC_H 1
| #define HAVE_MEMORY_H 1
| #define HAVE_NETDB_H 1
| #define HAVE_NETINET_IN_H 1
| #define HAVE_STDDEF_H 1
| #define HAVE_STDLIB_H 1
| #define HAVE_STRING_H 1
| #define HAVE_SYS_SOCKET_H 1
| #define HAVE_SYS_TIME_H 1
| #define HAVE_UNISTD_H 1
| #define HAVE_WCHAR_H 1
| #define HAVE_WCTYPE_H 1
| #define HAVE__BOOL 1
| #define restrict __restrict
| #define HAVE_PTRDIFF_T 1
| /* end confdefs.h.  */
| #include <stdio.h>
| #ifdef HAVE_SYS_TYPES_H
| # include <sys/types.h>
| #endif
| #ifdef HAVE_SYS_STAT_H
| # include <sys/stat.h>
| #endif
| #ifdef STDC_HEADERS
| # include <stdlib.h>
| # include <stddef.h>
| #else
| # ifdef HAVE_STDLIB_H
| #  include <stdlib.h>
| # endif
| #endif
| #ifdef HAVE_STRING_H
| # if !defined STDC_HEADERS && defined HAVE_MEMORY_H
| #  include <memory.h>
| # endif
| # include <string.h>
| #endif
| #ifdef HAVE_STRINGS_H
| # include <strings.h>
| #endif
| #ifdef HAVE_INTTYPES_H
| # include <inttypes.h>
| #endif
| #ifdef HAVE_STDINT_H
| # include <stdint.h>
| #endif
| #ifdef HAVE_UNISTD_H
| # include <unistd.h>
| #endif
| #include <vfork.h>
configure:17852: result: no
configure:17852: checking vfork.h presence
configure:17852: gcc -E  conftest.c
conftest.c:63:10: fatal error: vfork.h: No such file or directory
 #include <vfork.h>
          ^~~~~~~~~
compilation terminated.
configure:17852: $? = 1
configure: failed program was:
| /* confdefs.h */
| #define PACKAGE_NAME "generalserver"
| #define PACKAGE_TARNAME "generalserver"
| #define PACKAGE_VERSION "1.0"
| #define PACKAGE_STRING "generalserver 1.0"
| #define PACKAGE_BUGREPORT "annesley_newholm@yahoo.it"
| #define PACKAGE_URL ""
| #define PACKAGE "generalserver"
| #define VERSION "1.0"
| #define WITHOUT_SESSION_XPATH 1
| #define WITH_DEBUG 1
| #define STDC_HEADERS 1
| #define HAVE_SYS_TYPES_H 1
| #define HAVE_SYS_STAT_H 1
| #define HAVE_STDLIB_H 1
| #define HAVE_STRING_H 1
| #define HAVE_MEMORY_H 1
| #define HAVE_STRINGS_H 1
| #define HAVE_INTTYPES_H 1
| #define HAVE_STDINT_H 1
| #define HAVE_UNISTD_H 1
| #define HAVE_DLFCN_H 1
| #define LT_OBJDIR ".libs/"
| #define DATABASE_MASK_CONTEXT MaskContext
| #define DATABASE_TRIGGER_CONTEXT TriggerContextDatabaseAttribute
| #define SERVER_MAIN_XML_LIBRARY_PREFIX Lib
| #define VERSION_TYPE "Alpha"
| #define VERSION_BUILD "1"
| #define VERSION_MINOR "0"
| #define VERSION_MAJOR "1"
| #define _EXECUTABLE "generalserver"
| #define HAVE_LIBZ 1
| #define HAVE_LIBUUID 1
| #define HAVE_LIBRT 1
| #define HAVE_LIBHISTORY 1
| #define HAVE_LIBREADLINE 1
| #define HAVE_LIBPTHREAD 1
| #define HAVE_LIBPQ 1
| #define HAVE_LIBM 1
| #define HAVE_LIBGCRYPT 1
| #define HAVE_LIBDL 1
| #define HAVE_ALLOCA_H 1
| #define HAVE_ALLOCA 1
| #define HAVE_ARPA_INET_H 1
| #define HAVE_FCNTL_H 1
| #define HAVE_LIMITS_H 1
| #define HAVE_MALLOC_H 1
| #define HAVE_MEMORY_H 1
| #define HAVE_NETDB_H 1
| #define HAVE_NETINET_IN_H 1
| #define HAVE_STDDEF_H 1
| #define HAVE_STDLIB_H 1
| #define HAVE_STRING_H 1
| #define HAVE_SYS_SOCKET_H 1
| #define HAVE_SYS_TIME_H 1
| #define HAVE_UNISTD_H 1
| #define HAVE_WCHAR_H 1
| #define HAVE_WCTYPE_H 1
| #define HAVE__BOOL 1
| #define restrict __restrict
| #define HAVE_PTRDIFF_T 1
| /* end confdefs.h.  */
| #include <vfork.h>
configure:17852: result: no
configure:17852: checking for vfork.h
configure:17852: result: no
configure:17865: checking for fork
configure:17865: gcc -o conftest -g -O2   conftest.c -ldl -lgcrypt -lm -lpq -lpthread -lreadline -lhistory -lrt -luuid -lz  >&5
conftest.c:86:6: warning: conflicting types for built-in function 'fork' [-Wbuiltin-declaration-mismatch]
 char fork ();
      ^~~~
configure:17865: $? = 0
configure:17865: result: yes
configure:17865: checking for vfork
configure:17865: gcc -o conftest -g -O2   conftest.c -ldl -lgcrypt -lm -lpq -lpthread -lreadline -lhistory -lrt -luuid -lz  >&5
configure:17865: $? = 0
configure:17865: result: yes
configure:17875: checking for working fork
configure:17897: gcc -o conftest -g -O2   conftest.c -ldl -lgcrypt -lm -lpq -lpthread -lreadline -lhistory -lrt -luuid -lz  >&5
configure:17897: $? = 0
configure:17897: ./conftest
configure:17897: $? = 0
configure:17907: result: yes
configure:17928: checking for working vfork
configure:18038: result: yes
configure:18063: checking whether lstat correctly handles trailing slash
configure:18089: gcc -o conftest -g -O2   conftest.c -ldl -lgcrypt -lm -lpq -lpthread -lreadline -lhistory -lrt -luuid -lz  >&5
configure:18089: $? = 0
configure:18089: ./conftest
configure:18089: $? = 0
configure:18106: result: yes
configure:18127: checking for stdlib.h
configure:18127: result: yes
configure:18137: checking for GNU libc compatible malloc
configure:18161: gcc -o conftest -g -O2   conftest.c -ldl -lgcrypt -lm -lpq -lpthread -lreadline -lhistory -lrt -luuid -lz  >&5
configure:18161: $? = 0
configure:18161: ./conftest
configure:18161: $? = 0
configure:18171: result: yes
configure:18192: checking whether time.h and sys/time.h may both be included
configure:18212: gcc -c -g -O2  conftest.c >&5
configure:18212: $? = 0
configure:18219: result: yes
configure:18233: checking for sys/time.h
configure:18233: result: yes
configure:18233: checking for unistd.h
configure:18233: result: yes
configure:18254: checking for alarm
configure:18254: gcc -o conftest -g -O2   conftest.c -ldl -lgcrypt -lm -lpq -lpthread -lreadline -lhistory -lrt -luuid -lz  >&5
configure:18254: $? = 0
configure:18254: result: yes
configure:18267: checking for working mktime
configure:18469: gcc -o conftest -g -O2   conftest.c -ldl -lgcrypt -lm -lpq -lpthread -lreadline -lhistory -lrt -luuid -lz  >&5
configure:18469: $? = 0
configure:18469: ./conftest
configure:18469: $? = 0
configure:18479: result: yes
configure:18493: checking for btowc
configure:18493: gcc -o conftest -g -O2   conftest.c -ldl -lgcrypt -lm -lpq -lpthread -lreadline -lhistory -lrt -luuid -lz  >&5
configure:18493: $? = 0
configure:18493: result: yes
configure:18493: checking for clock_gettime
configure:18493: gcc -o conftest -g -O2   conftest.c -ldl -lgcrypt -lm -lpq -lpthread -lreadline -lhistory -lrt -luuid -lz  >&5
configure:18493: $? = 0
configure:18493: result: yes
configure:18493: checking for memmove
configure:18493: gcc -o conftest -g -O2   conftest.c -ldl -lgcrypt -lm -lpq -lpthread -lreadline -lhistory -lrt -luuid -lz  >&5
conftest.c:99:6: warning: conflicting types for built-in function 'memmove' [-Wbuiltin-declaration-mismatch]
 char memmove ();
      ^~~~~~~
configure:18493: $? = 0
configure:18493: result: yes
configure:18493: checking for memset
configure:18493: gcc -o conftest -g -O2   conftest.c -ldl -lgcrypt -lm -lpq -lpthread -lreadline -lhistory -lrt -luuid -lz  >&5
conftest.c:100:6: warning: conflicting types for built-in function 'memset' [-Wbuiltin-declaration-mismatch]
 char memset ();
      ^~~~~~
configure:18493: $? = 0
configure:18493: result: yes
configure:18493: checking for mkdir
configure:18493: gcc -o conftest -g -O2   conftest.c -ldl -lgcrypt -lm -lpq -lpthread -lreadline -lhistory -lrt -luuid -lz  >&5
configure:18493: $? = 0
configure:18493: result: yes
configure:18493: checking for realpath
configure:18493: gcc -o conftest -g -O2   conftest.c -ldl -lgcrypt -lm -lpq -lpthread -lreadline -lhistory -lrt -luuid -lz  >&5
configure:18493: $? = 0
configure:18493: result: yes
configure:18493: checking for rmdir
configure:18493: gcc -o conftest -g -O2   conftest.c -ldl -lgcrypt -lm -lpq -lpthread -lreadline -lhistory -lrt -luuid -lz  >&5
configure:18493: $? = 0
configure:18493: result: yes
configure:18493: checking for select
configure:18493: gcc -o conftest -g -O2   conftest.c -ldl -lgcrypt -lm -lpq -lpthread -lreadline -lhistory -lrt -luuid -lz  >&5
configure:18493: $? = 0
configure:18493: result: yes
configure:18493: checking for setlocale
configure:18493: gcc -o conftest -g -O2   conftest.c -ldl -lgcrypt -lm -lpq -lpthread -lreadline -lhistory -lrt -luuid -lz  >&5
configure:18493: $? = 0
configure:18493: result: yes
configure:18493: checking for socket
configure:18493: gcc -o conftest -g -O2   conftest.c -ldl -lgcrypt -lm -lpq -lpthread -lreadline -lhistory -lrt -luuid -lz  >&5
configure:18493: $? = 0
configure:18493: result: yes
configure:18493: checking for strcasecmp
configure:18493: gcc -o conftest -g -O2   conftest.c -ldl -lgcrypt -lm -lpq -lpthread -lreadline -lhistory -lrt -luuid -lz  >&5
conftest.c:107:6: warning: conflicting types for built-in function 'strcasecmp' [-Wbuiltin-declaration-mismatch]
 char strcasecmp ();
      ^~~~~~~~~~
configure:18493: $? = 0
configure:18493: result: yes
configure:18493: checking for strchr
configure:18493: gcc -o conftest -g -O2   conftest.c -ldl -lgcrypt -lm -lpq -lpthread -lreadline -lhistory -lrt -luuid -lz  >&5
conftest.c:108:6: warning: conflicting types for built-in function 'strchr' [-Wbuiltin-declaration-mismatch]
 char strchr ();
      ^~~~~~
configure:18493: $? = 0
configure:18493: result: yes
configure:18493: checking for strerror
configure:18493: gcc -o conftest -g -O2   conftest.c -ldl -lgcrypt -lm -lpq -lpthread -lreadline -lhistory -lrt -luuid -lz  >&5
configure:18493: $? = 0
configure:18493: result: yes
configure:18493: checking for strndup
configure:18493: gcc -o conftest -g -O2   conftest.c -ldl -lgcrypt -lm -lpq -lpthread -lreadline -lhistory -lrt -luuid -lz  >&5
conftest.c:110:6: warning: conflicting types for built-in function 'strndup' [-Wbuiltin-declaration-mismatch]
 char strndup ();
      ^~~~~~~
configure:18493: $? = 0
configure:18493: result: yes
configure:18493: checking for strrchr
configure:18493: gcc -o conftest -g -O2   conftest.c -ldl -lgcrypt -lm -lpq -lpthread -lreadline -lhistory -lrt -luuid -lz  >&5
conftest.c:111:6: warning: conflicting types for built-in function 'strrchr' [-Wbuiltin-declaration-mismatch]
 char strrchr ();
      ^~~~~~~
configure:18493: $? = 0
configure:18493: result: yes
configure:18493: checking for strstr
configure:18493: gcc -o conftest -g -O2   conftest.c -ldl -lgcrypt -lm -lpq -lpthread -lreadline -lhistory -lrt -luuid -lz  >&5
conftest.c:112:6: warning: conflicting types for built-in function 'strstr' [-Wbuiltin-declaration-mismatch]
 char strstr ();
      ^~~~~~
configure:18493: $? = 0
configure:18493: result: yes
configure:18493: checking for strtol
configure:18493: gcc -o conftest -g -O2   conftest.c -ldl -lgcrypt -lm -lpq -lpthread -lreadline -lhistory -lrt -luuid -lz  >&5
configure:18493: $? = 0
configure:18493: result: yes
configure:18621: checking that generated files are newer than configure
configure:18627: result: done
configure:18658: creating ./config.status

## ---------------------- ##
## Running config.status. ##
## ---------------------- ##

This file was extended by generalserver config.status 1.0, which was
generated by GNU Autoconf 2.69.  Invocation command line was

  CONFIG_FILES    = 
  CONFIG_HEADERS  = 
  CONFIG_LINKS    = 
  CONFIG_COMMANDS = 
  $ ./config.status 

on anewholm-HP-ZBook-15

config.status:1238: creating LibXml/Makefile
config.status:1238: creating Makefile
config.status:1238: creating server/Makefile
config.status:1238: creating server/QueryEnvironment/Makefile
config.status:1238: creating server/Utilities/Makefile
config.status:1238: creating server/Xml/Makefile
config.status:1238: creating config.h
config.status:1419: config.h is unchanged
config.status:1467: executing depfiles commands
config.status:1467: executing libtool commands

## ---------------- ##
## Cache variables. ##
## ---------------- ##

ac_cv_build=x86_64-pc-linux-gnu
ac_cv_c_compiler_gnu=yes
ac_cv_c_inline=inline
ac_cv_c_restrict=__restrict
ac_cv_cxx_compiler_gnu=yes
ac_cv_env_CCC_set=
ac_cv_env_CCC_value=
ac_cv_env_CC_set=
ac_cv_env_CC_value=
ac_cv_env_CFLAGS_set=
ac_cv_env_CFLAGS_value=
ac_cv_env_CPPFLAGS_set=
ac_cv_env_CPPFLAGS_value=
ac_cv_env_CPP_set=
ac_cv_env_CPP_value=
ac_cv_env_CXXCPP_set=
ac_cv_env_CXXCPP_value=
ac_cv_env_CXXFLAGS_set=
ac_cv_env_CXXFLAGS_value=
ac_cv_env_CXX_set=
ac_cv_env_CXX_value=
ac_cv_env_LDFLAGS_set=
ac_cv_env_LDFLAGS_value=
ac_cv_env_LIBS_set=
ac_cv_env_LIBS_value=
ac_cv_env_LT_SYS_LIBRARY_PATH_set=
ac_cv_env_LT_SYS_LIBRARY_PATH_value=
ac_cv_env_build_alias_set=
ac_cv_env_build_alias_value=
ac_cv_env_host_alias_set=
ac_cv_env_host_alias_value=
ac_cv_env_target_alias_set=
ac_cv_env_target_alias_value=
ac_cv_func_alarm=yes
ac_cv_func_alloca_works=yes
ac_cv_func_btowc=yes
ac_cv_func_clock_gettime=yes
ac_cv_func_fork=yes
ac_cv_func_fork_works=yes
ac_cv_func_lstat_dereferences_slashed_symlink=yes
ac_cv_func_malloc_0_nonnull=yes
ac_cv_func_memmove=yes
ac_cv_func_memset=yes
ac_cv_func_mkdir=yes
ac_cv_func_realpath=yes
ac_cv_func_rmdir=yes
ac_cv_func_select=yes
ac_cv_func_setlocale=yes
ac_cv_func_socket=yes
ac_cv_func_strcasecmp=yes
ac_cv_func_strchr=yes
ac_cv_func_strerror=yes
ac_cv_func_strndup=yes
ac_cv_func_strrchr=yes
ac_cv_func_strstr=yes
ac_cv_func_strtol=yes
ac_cv_func_vfork=yes
ac_cv_func_vfork_works=yes
ac_cv_func_working_mktime=yes
ac_cv_header_arpa_inet_h=yes
ac_cv_header_dlfcn_h=yes
ac_cv_header_fcntl_h=yes
ac_cv_header_inttypes_h=yes
ac_cv_header_limits_h=yes
ac_cv_header_malloc_h=yes
ac_cv_header_memory_h=yes
ac_cv_header_netdb_h=yes
ac_cv_header_netinet_in_h=yes
ac_cv_header_stdbool_h=yes
ac_cv_header_stdc=yes
ac_cv_header_stddef_h=yes
ac_cv_header_stdint_h=yes
ac_cv_header_stdlib_h=yes
ac_cv_header_string_h=yes
ac_cv_header_strings_h=yes
ac_cv_header_sys_socket_h=yes
ac_cv_header_sys_stat_h=yes
ac_cv_header_sys_time_h=yes
ac_cv_header_sys_types_h=yes
ac_cv_header_time=yes
ac_cv_header_unistd_h=yes
ac_cv_header_vfork_h=no
ac_cv_header_wchar_h=yes
ac_cv_header_wctype_h=yes
ac_cv_host=x86_64-pc-linux-gnu
ac_cv_lib_dl_main=yes
ac_cv_lib_gcrypt_main=yes
ac_cv_lib_history_main=yes
ac_cv_lib_m_main=yes
ac_cv_lib_pq_main=yes
ac_cv_lib_pthread_main=yes
ac_cv_lib_readline_main=yes
ac_cv_lib_rt_main=yes
ac_cv_lib_uuid_main=yes
ac_cv_lib_z_main=yes
ac_cv_objext=o
ac_cv_path_EGREP='/bin/grep -E'
ac_cv_path_FGREP='/bin/grep -F'
ac_cv_path_GREP=/bin/grep
ac_cv_path_SED=/bin/sed
ac_cv_path_install='/usr/bin/install -c'
ac_cv_path_lt_DD=/bin/dd
ac_cv_path_mkdir=/bin/mkdir
ac_cv_prog_AWK=mawk
ac_cv_prog_CPP='gcc -E'
ac_cv_prog_CXXCPP='g++ -E'
ac_cv_prog_ac_ct_AR=ar
ac_cv_prog_ac_ct_CC=gcc
ac_cv_prog_ac_ct_CXX=g++
ac_cv_prog_ac_ct_MANIFEST_TOOL=mt
ac_cv_prog_ac_ct_OBJDUMP=objdump
ac_cv_prog_ac_ct_RANLIB=ranlib
ac_cv_prog_ac_ct_STRIP=strip
ac_cv_prog_cc_c89=
ac_cv_prog_cc_g=yes
ac_cv_prog_cxx_g=yes
ac_cv_prog_make_make_set=yes
ac_cv_type__Bool=yes
ac_cv_type_pid_t=yes
ac_cv_type_ptrdiff_t=yes
ac_cv_type_size_t=yes
ac_cv_working_alloca_h=yes
am_cv_CC_dependencies_compiler_type=gcc3
am_cv_CXX_dependencies_compiler_type=gcc3
am_cv_make_support_nested_variables=yes
am_cv_prog_cc_c_o=yes
lt_cv_ar_at_file=@
lt_cv_archive_cmds_need_lc=no
lt_cv_deplibs_check_method=pass_all
lt_cv_file_magic_cmd='$MAGIC_CMD'
lt_cv_file_magic_test_file=
lt_cv_ld_reload_flag=-r
lt_cv_nm_interface='BSD nm'
lt_cv_objdir=.libs
lt_cv_path_LD=/usr/bin/ld
lt_cv_path_LDCXX='/usr/bin/ld -m elf_x86_64'
lt_cv_path_NM='/usr/bin/nm -B'
lt_cv_path_mainfest_tool=no
lt_cv_prog_compiler_c_o=yes
lt_cv_prog_compiler_c_o_CXX=yes
lt_cv_prog_compiler_pic='-fPIC -DPIC'
lt_cv_prog_compiler_pic_CXX='-fPIC -DPIC'
lt_cv_prog_compiler_pic_works=yes
lt_cv_prog_compiler_pic_works_CXX=yes
lt_cv_prog_compiler_rtti_exceptions=no
lt_cv_prog_compiler_static_works=yes
lt_cv_prog_compiler_static_works_CXX=yes
lt_cv_prog_gnu_ld=yes
lt_cv_prog_gnu_ldcxx=yes
lt_cv_sharedlib_from_linklib_cmd='printf %s\n'
lt_cv_shlibpath_overrides_runpath=yes
lt_cv_sys_global_symbol_pipe='sed -n -e '\''s/^.*[	 ]\([ABCDGIRSTW][ABCDGIRSTW]*\)[	 ][	 ]*\([_A-Za-z][_A-Za-z0-9]*\)$/\1 \2 \2/p'\'' | sed '\''/ __gnu_lto/d'\'''
lt_cv_sys_global_symbol_to_c_name_address='sed -n -e '\''s/^: \(.*\) .*$/  {"\1", (void *) 0},/p'\'' -e '\''s/^[ABCDGIRSTW][ABCDGIRSTW]* .* \(.*\)$/  {"\1", (void *) \&\1},/p'\'''
lt_cv_sys_global_symbol_to_c_name_address_lib_prefix='sed -n -e '\''s/^: \(.*\) .*$/  {"\1", (void *) 0},/p'\'' -e '\''s/^[ABCDGIRSTW][ABCDGIRSTW]* .* \(lib.*\)$/  {"\1", (void *) \&\1},/p'\'' -e '\''s/^[ABCDGIRSTW][ABCDGIRSTW]* .* \(.*\)$/  {"lib\1", (void *) \&\1},/p'\'''
lt_cv_sys_global_symbol_to_cdecl='sed -n -e '\''s/^T .* \(.*\)$/extern int \1();/p'\'' -e '\''s/^[ABCDGIRSTW][ABCDGIRSTW]* .* \(.*\)$/extern char \1;/p'\'''
lt_cv_sys_global_symbol_to_import=
lt_cv_sys_max_cmd_len=1572864
lt_cv_to_host_file_cmd=func_convert_file_noop
lt_cv_to_tool_file_cmd=func_convert_file_noop
lt_cv_truncate_bin='/bin/dd bs=4096 count=1'

## ----------------- ##
## Output variables. ##
## ----------------- ##

ACLOCAL='${SHELL} /home/anewholm/Software/generalserver/src/missing aclocal-1.15'
ALLOCA=''
AMDEPBACKSLASH='\'
AMDEP_FALSE='#'
AMDEP_TRUE=''
AMTAR='$${TAR-tar}'
AM_BACKSLASH='\'
AM_DEFAULT_V='$(AM_DEFAULT_VERBOSITY)'
AM_DEFAULT_VERBOSITY='1'
AM_V='$(V)'
AR='ar'
AR_FLAGS='crD'
AUTOCONF='${SHELL} /home/anewholm/Software/generalserver/src/missing autoconf'
AUTOHEADER='${SHELL} /home/anewholm/Software/generalserver/src/missing autoheader'
AUTOMAKE='${SHELL} /home/anewholm/Software/generalserver/src/missing automake-1.15'
AWK='mawk'
CC='gcc'
CCDEPMODE='depmode=gcc3'
CFLAGS='-g -O2'
CPP='gcc -E'
CPPFLAGS='-pedantic -Wno-ignored-qualifiers -W -Wformat -Wswitch -Wcomment -Wtrigraphs -Wformat -Wchar-subscripts -Wuninitialized -Wshadow -Wpointer-arith -Wcast-align -Wwrite-strings -Winline -Wredundant-decls'
CXX='g++'
CXXCPP='g++ -E'
CXXDEPMODE='depmode=gcc3'
CXXFLAGS='-O0 -ggdb'
CYGPATH_W='echo'
DEFS='-DHAVE_CONFIG_H'
DEPDIR='.deps'
DLLTOOL='false'
DSYMUTIL=''
DUMPBIN=''
ECHO_C=''
ECHO_N='-n'
ECHO_T=''
EGREP='/bin/grep -E'
EXEEXT=''
FGREP='/bin/grep -F'
GREP='/bin/grep'
INSTALL_DATA='${INSTALL} -m 644'
INSTALL_PROGRAM='${INSTALL}'
INSTALL_SCRIPT='${INSTALL}'
INSTALL_STRIP_PROGRAM='$(install_sh) -c -s'
LD='/usr/bin/ld -m elf_x86_64'
LDFLAGS=''
LIBOBJS=''
LIBS='-ldl -lgcrypt -lm -lpq -lpthread -lreadline -lhistory -lrt -luuid -lz '
LIBTOOL='$(SHELL) $(top_builddir)/libtool'
LIBTOOL_DEPS='./ltmain.sh'
LIPO=''
LN_S='ln -s'
LTLIBOBJS=''
LT_SYS_LIBRARY_PATH=''
MAKEINFO='${SHELL} /home/anewholm/Software/generalserver/src/missing makeinfo'
MANIFEST_TOOL=':'
MKDIR_P='/bin/mkdir -p'
NM='/usr/bin/nm -B'
NMEDIT=''
OBJDUMP='objdump'
OBJEXT='o'
OTOOL64=''
OTOOL=''
PACKAGE='generalserver'
PACKAGE_BUGREPORT='annesley_newholm@yahoo.it'
PACKAGE_NAME='generalserver'
PACKAGE_STRING='generalserver 1.0'
PACKAGE_TARNAME='generalserver'
PACKAGE_URL=''
PACKAGE_VERSION='1.0'
PATH_SEPARATOR=':'
RANLIB='ranlib'
SED='/bin/sed'
SET_MAKE=''
SHELL='/bin/bash'
STRIP='strip'
VERSION='1.0'
WITHOUT_DATABASE_TRIGGER=''
WITHOUT_LOCKING=''
WITHOUT_SESSION_XPATH='1'
WITHOUT_THREADING=''
WITHOUT_XSL_EXTENSIONS=''
WITH_DATABASE_IDMODE=''
WITH_DATABASE_NAMESPACEROOT=''
WITH_DATABASE_READONLY=''
WITH_DEBUG='1'
WITH_DEBUG_EXCEPTIONS=''
WITH_DEBUG_RX=''
WITH_DOCUMENT_ROOT=''
WITH_LOGDIR=''
WITH_MM=''
ac_ct_AR='ar'
ac_ct_CC='gcc'
ac_ct_CXX='g++'
ac_ct_DUMPBIN=''
am__EXEEXT_FALSE=''
am__EXEEXT_TRUE='#'
am__fastdepCC_FALSE='#'
am__fastdepCC_TRUE=''
am__fastdepCXX_FALSE='#'
am__fastdepCXX_TRUE=''
am__include='include'
am__isrc=''
am__leading_dot='.'
am__nodep='_no'
am__quote=''
am__tar='$${TAR-tar} chof - "$$tardir"'
am__untar='$${TAR-tar} xf -'
bindir='${exec_prefix}/bin'
build='x86_64-pc-linux-gnu'
build_alias=''
build_cpu='x86_64'
build_os='linux-gnu'
build_vendor='pc'
datadir='${datarootdir}'
datarootdir='${prefix}/share'
docdir='${datarootdir}/doc/${PACKAGE_TARNAME}'
dvidir='${docdir}'
exec_prefix='${prefix}'
host='x86_64-pc-linux-gnu'
host_alias=''
host_cpu='x86_64'
host_os='linux-gnu'
host_vendor='pc'
htmldir='${docdir}'
includedir='${prefix}/include'
infodir='${datarootdir}/info'
install_sh='${SHELL} /home/anewholm/Software/generalserver/src/install-sh'
libdir='${exec_prefix}/lib'
libexecdir='${exec_prefix}/libexec'
localedir='${datarootdir}/locale'
localstatedir='${prefix}/var'
mandir='${datarootdir}/man'
mkdir_p='$(MKDIR_P)'
oldincludedir='/usr/include'
pdfdir='${docdir}'
prefix='/usr/local'
program_transform_name='s,x,x,'
psdir='${docdir}'
runstatedir='${localstatedir}/run'
sbindir='${exec_prefix}/sbin'
sharedstatedir='${prefix}/com'
sysconfdir='${prefix}/etc'
target_alias=''

## ----------- ##
## confdefs.h. ##
## ----------- ##

/* confdefs.h */
#define PACKAGE_NAME "generalserver"
#define PACKAGE_TARNAME "generalserver"
#define PACKAGE_VERSION "1.0"
#define PACKAGE_STRING "generalserver 1.0"
#define PACKAGE_BUGREPORT "annesley_newholm@yahoo.it"
#define PACKAGE_URL ""
#define PACKAGE "generalserver"
#define VERSION "1.0"
#define WITHOUT_SESSION_XPATH 1
#define WITH_DEBUG 1
#define STDC_HEADERS 1
#define HAVE_SYS_TYPES_H 1
#define HAVE_SYS_STAT_H 1
#define HAVE_STDLIB_H 1
#define HAVE_STRING_H 1
#define HAVE_MEMORY_H 1
#define HAVE_STRINGS_H 1
#define HAVE_INTTYPES_H 1
#define HAVE_STDINT_H 1
#define HAVE_UNISTD_H 1
#define HAVE_DLFCN_H 1
#define LT_OBJDIR ".libs/"
#define DATABASE_MASK_CONTEXT MaskContext
#define DATABASE_TRIGGER_CONTEXT TriggerContextDatabaseAttribute
#define SERVER_MAIN_XML_LIBRARY_PREFIX Lib
#define VERSION_TYPE "Alpha"
#define VERSION_BUILD "1"
#define VERSION_MINOR "0"
#define VERSION_MAJOR "1"
#define _EXECUTABLE "generalserver"
#define HAVE_LIBZ 1
#define HAVE_LIBUUID 1
#define HAVE_LIBRT 1
#define HAVE_LIBHISTORY 1
#define HAVE_LIBREADLINE 1
#define HAVE_LIBPTHREAD 1
#define HAVE_LIBPQ 1
#define HAVE_LIBM 1
#define HAVE_LIBGCRYPT 1
#define HAVE_LIBDL 1
#define HAVE_ALLOCA_H 1
#define HAVE_ALLOCA 1
#define HAVE_ARPA_INET_H 1
#define HAVE_FCNTL_H 1
#define HAVE_LIMITS_H 1
#define HAVE_MALLOC_H 1
#define HAVE_MEMORY_H 1
#define HAVE_NETDB_H 1
#define HAVE_NETINET_IN_H 1
#define HAVE_STDDEF_H 1
#define HAVE_STDLIB_H 1
#define HAVE_STRING_H 1
#define HAVE_SYS_SOCKET_H 1
#define HAVE_SYS_TIME_H 1
#define HAVE_UNISTD_H 1
#define HAVE_WCHAR_H 1
#define HAVE_WCTYPE_H 1
#define HAVE__BOOL 1
#define restrict __restrict
#define HAVE_PTRDIFF_T 1
#define HAVE_FORK 1
#define HAVE_VFORK 1
#define HAVE_WORKING_VFORK 1
#define HAVE_WORKING_FORK 1
#define LSTAT_FOLLOWS_SLASHED_SYMLINK 1
#define HAVE_STDLIB_H 1
#define HAVE_MALLOC 1
#define TIME_WITH_SYS_TIME 1
#define HAVE_SYS_TIME_H 1
#define HAVE_UNISTD_H 1
#define HAVE_ALARM 1
#define HAVE_BTOWC 1
#define HAVE_CLOCK_GETTIME 1
#define HAVE_MEMMOVE 1
#define HAVE_MEMSET 1
#define HAVE_MKDIR 1
#define HAVE_REALPATH 1
#define HAVE_RMDIR 1
#define HAVE_SELECT 1
#define HAVE_SETLOCALE 1
#define HAVE_SOCKET 1
#define HAVE_STRCASECMP 1
#define HAVE_STRCHR 1
#define HAVE_STRERROR 1
#define HAVE_STRNDUP 1
#define HAVE_STRRCHR 1
#define HAVE_STRSTR 1
#define HAVE_STRTOL 1

configure: exit 0
